

Microchip MPLAB XC8 Assembler V2.45 build 20230818022343 
                                                                                               Mon Sep 11 17:24:47 2023

Microchip MPLAB XC8 C Compiler v2.45 (Free license) build 20230818022343 Og1 
     1                           	processor	18F57Q43
     2                           	fnconf	rparam,??,?,0
     3                           	pagewidth 120
     4                           	opt	flic
     5                           	psect	cinit,global,reloc=2,class=CODE,delta=1
     6                           	psect	cstackCOMRAM,global,class=COMRAM,space=1,delta=1,lowdata,noexec
     7                           	psect	text0,global,reloc=2,class=CODE,delta=1
     8                           	psect	text1,global,reloc=2,class=CODE,delta=1
     9                           	psect	smallconst,global,reloc=2,class=SMALLCONST,delta=1,noexec
    10                           	psect	intsave_regs,global,class=BIGRAM,space=1,delta=1,noexec
    11                           	psect	rparam,global,class=COMRAM,space=1,delta=1,noexec
    12                           	psect	config,global,abs,ovrld,class=CONFIG,space=4,delta=1,noexec
    13   000000                     
    14                           ; Generated 18/07/2023 GMT
    15                           ; 
    16                           ; Copyright © 2023, Microchip Technology Inc. and its subsidiaries ("Microchip")
    17                           ; All rights reserved.
    18                           ; 
    19                           ; This software is developed by Microchip Technology Inc. and its subsidiaries ("Microch
      +                          ip").
    20                           ; 
    21                           ; Redistribution and use in source and binary forms, with or without modification, are
    22                           ; permitted provided that the following conditions are met:
    23                           ; 
    24                           ;     1. Redistributions of source code must retain the above copyright notice, this lis
      +                          t of
    25                           ;        conditions and the following disclaimer.
    26                           ; 
    27                           ;     2. Redistributions in binary form must reproduce the above copyright notice, this 
      +                          list
    28                           ;        of conditions and the following disclaimer in the documentation and/or other
    29                           ;        materials provided with the distribution. Publication is not required when
    30                           ;        this file is used in an embedded application.
    31                           ; 
    32                           ;     3. Microchip's name may not be used to endorse or promote products derived from th
      +                          is
    33                           ;        software without specific prior written permission.
    34                           ; 
    35                           ; THIS SOFTWARE IS PROVIDED BY MICROCHIP "AS IS" AND ANY EXPRESS OR IMPLIED WARRANTIES,
    36                           ; INCLUDING, BUT NOT LIMITED TO, THE IMPLIED WARRANTIES OF MERCHANTABILITY AND FITNESS F
      +                          OR
    37                           ; PURPOSE ARE DISCLAIMED.  IN NO EVENT SHALL MICROCHIP BE LIABLE FOR ANY DIRECT, INDIREC
      +                          T,
    38                           ; INCIDENTAL, SPECIAL, EXEMPLARY, OR CONSEQUENTIAL DAMAGES (INCLUDING BUT NOT LIMITED TO
    39                           ; PROCUREMENT OF SUBSTITUTE GOODS OR SERVICES; LOSS OF USE, DATA OR PROFITS; OR BUSINESS
    40                           ; INTERRUPTION) HOWSOEVER CAUSED AND ON ANY THEORY OF LIABILITY, WHETHER IN CONTRACT, ST
      +                          RICT
    41                           ; LIABILITY, OR TORT (INCLUDING NEGLIGENCE OR OTHERWISE) ARISING IN ANY WAY OUT OF THE U
      +                          SE OF
    42                           ; THIS SOFTWARE, EVEN IF ADVISED OF THE POSSIBILITY OF SUCH DAMAGE.
    43                           ; 
    44                           ; 
    45                           ; Code-generator required, PIC18F57Q43 Definitions
    46                           ; 
    47                           ; SFR Addresses
    48   000000                     _OSCCON1	set	173
    49   000000                     _OSCFRQ	set	177
    50   000000                     _OSCEN	set	179
    51   000000                     _ANSELBbits	set	1032
    52   000000                     _ANSELFbits	set	1064
    53   000000                     _TRISFbits	set	1227
    54   000000                     _PORTBbits	set	1231
    55   000000                     _LATFbits	set	1219
    56   000000                     _TRISBbits	set	1223
    57   000000                     _WPUBbits	set	1033
    58                           
    59                           ; #config settings
    60                           
    61                           	psect	cinit
    62   002540                     __pcinit:
    63                           	callstack 0
    64   002540                     start_initialization:
    65                           	callstack 0
    66   002540                     __initialization:
    67                           	callstack 0
    68   002540                     end_of_initialization:
    69                           	callstack 0
    70   002540                     __end_of__initialization:
    71                           	callstack 0
    72   002540  0100               	movlb	0
    73   002542  EF81  F012         	goto	_main	;jump to C main() function
    74                           
    75                           	psect	cstackCOMRAM
    76   000000                     __pcstackCOMRAM:
    77                           	callstack 0
    78   000000                     
    79                           ; 1 bytes @ 0x0
    80 ;;
    81 ;;Main: autosize = 0, tempsize = 0, incstack = 0, save=0
    82 ;;
    83 ;; *************** function _main *****************
    84 ;; Defined at:
    85 ;;		line 16 in file "maincode.c"
    86 ;; Parameters:    Size  Location     Type
    87 ;;		None
    88 ;; Auto vars:     Size  Location     Type
    89 ;;		None
    90 ;; Return value:  Size  Location     Type
    91 ;;                  1    wreg      void 
    92 ;; Registers used:
    93 ;;		wreg, status,2, cstack
    94 ;; Tracked objects:
    95 ;;		On entry : 0/0
    96 ;;		On exit  : 0/0
    97 ;;		Unchanged: 0/0
    98 ;; Data sizes:     COMRAM   BANK5   BANK6   BANK7   BANK8   BANK9  BANK10  BANK11  BANK12  BANK13  BANK14  BANK15  BANK1
      +6  BANK17  BANK18  BANK19  BANK20  BANK21  BANK22  BANK23  BANK24  BANK25  BANK26  BANK27  BANK28  BANK29  BANK30  BANK3
      +1  BANK32  BANK33  BANK34  BANK35  BANK36
    99 ;;      Params:         0       0       0       0       0       0       0       0       0       0       0       0       
      +0       0       0       0       0       0       0       0       0       0       0       0       0       0       0       
      +0       0       0       0       0       0
   100 ;;      Locals:         0       0       0       0       0       0       0       0       0       0       0       0       
      +0       0       0       0       0       0       0       0       0       0       0       0       0       0       0       
      +0       0       0       0       0       0
   101 ;;      Temps:          0       0       0       0       0       0       0       0       0       0       0       0       
      +0       0       0       0       0       0       0       0       0       0       0       0       0       0       0       
      +0       0       0       0       0       0
   102 ;;      Totals:         0       0       0       0       0       0       0       0       0       0       0       0       
      +0       0       0       0       0       0       0       0       0       0       0       0       0       0       0       
      +0       0       0       0       0       0
   103 ;;Total ram usage:        0 bytes
   104 ;; Hardware stack levels required when called: 1
   105 ;; This function calls:
   106 ;;		_configuro
   107 ;; This function is called by:
   108 ;;		Startup code after reset
   109 ;; This function uses a non-reentrant model
   110 ;;
   111                           
   112                           	psect	text0
   113   002502                     __ptext0:
   114                           	callstack 0
   115   002502                     _main:
   116                           	callstack 126
   117   002502                     
   118                           ;maincode.c: 17:     configuro();
   119   002502  EC92  F012         	call	_configuro	;wreg free
   120   002506                     l723:
   121                           
   122                           ;maincode.c: 19:         if(PORTBbits.RB4 == 0){
   123   002506  B8CF               	btfsc	207,4,c	;volatile
   124   002508  EF88  F012         	goto	u11
   125   00250C  EF8A  F012         	goto	u10
   126   002510                     u11:
   127   002510  EF8D  F012         	goto	l29
   128   002514                     u10:
   129   002514                     
   130                           ;maincode.c: 20:             LATFbits.LATF3 = 1;
   131   002514  86C3               	bsf	195,3,c	;volatile
   132                           
   133                           ;maincode.c: 21:         }
   134   002516  EF83  F012         	goto	l723
   135   00251A                     l29:
   136                           
   137                           ;maincode.c: 23:             LATFbits.LATF3 = 0;
   138   00251A  96C3               	bcf	195,3,c	;volatile
   139   00251C  EF83  F012         	goto	l723
   140   002520  EFFE  F0FF         	goto	start
   141   002524                     __end_of_main:
   142                           	callstack 0
   143                           
   144 ;; *************** function _configuro *****************
   145 ;; Defined at:
   146 ;;		line 5 in file "maincode.c"
   147 ;; Parameters:    Size  Location     Type
   148 ;;		None
   149 ;; Auto vars:     Size  Location     Type
   150 ;;		None
   151 ;; Return value:  Size  Location     Type
   152 ;;                  1    wreg      void 
   153 ;; Registers used:
   154 ;;		wreg, status,2
   155 ;; Tracked objects:
   156 ;;		On entry : 0/0
   157 ;;		On exit  : 0/0
   158 ;;		Unchanged: 0/0
   159 ;; Data sizes:     COMRAM   BANK5   BANK6   BANK7   BANK8   BANK9  BANK10  BANK11  BANK12  BANK13  BANK14  BANK15  BANK1
      +6  BANK17  BANK18  BANK19  BANK20  BANK21  BANK22  BANK23  BANK24  BANK25  BANK26  BANK27  BANK28  BANK29  BANK30  BANK3
      +1  BANK32  BANK33  BANK34  BANK35  BANK36
   160 ;;      Params:         0       0       0       0       0       0       0       0       0       0       0       0       
      +0       0       0       0       0       0       0       0       0       0       0       0       0       0       0       
      +0       0       0       0       0       0
   161 ;;      Locals:         0       0       0       0       0       0       0       0       0       0       0       0       
      +0       0       0       0       0       0       0       0       0       0       0       0       0       0       0       
      +0       0       0       0       0       0
   162 ;;      Temps:          0       0       0       0       0       0       0       0       0       0       0       0       
      +0       0       0       0       0       0       0       0       0       0       0       0       0       0       0       
      +0       0       0       0       0       0
   163 ;;      Totals:         0       0       0       0       0       0       0       0       0       0       0       0       
      +0       0       0       0       0       0       0       0       0       0       0       0       0       0       0       
      +0       0       0       0       0       0
   164 ;;Total ram usage:        0 bytes
   165 ;; Hardware stack levels used: 1
   166 ;; This function calls:
   167 ;;		Nothing
   168 ;; This function is called by:
   169 ;;		_main
   170 ;; This function uses a non-reentrant model
   171 ;;
   172                           
   173                           	psect	text1
   174   002524                     __ptext1:
   175                           	callstack 0
   176   002524                     _configuro:
   177                           	callstack 126
   178   002524                     
   179                           ;maincode.c: 6:     OSCCON1 = 0x60;
   180   002524  0E60               	movlw	96
   181   002526  0100               	movlb	0	; () banked
   182   002528  6FAD               	movwf	173,b	;volatile
   183                           
   184                           ;maincode.c: 7:     OSCFRQ = 0x02;
   185   00252A  0E02               	movlw	2
   186   00252C  6FB1               	movwf	177,b	;volatile
   187                           
   188                           ;maincode.c: 8:     OSCEN = 0x40;
   189   00252E  0E40               	movlw	64
   190   002530  6FB3               	movwf	179,b	;volatile
   191   002532                     
   192                           ; BSR set to: 0
   193                           ;maincode.c: 9:     TRISFbits.TRISF3 = 0;
   194   002532  96CB               	bcf	203,3,c	;volatile
   195   002534                     
   196                           ; BSR set to: 0
   197                           ;maincode.c: 10:     ANSELFbits.ANSELF3 = 0;
   198   002534  0104               	movlb	4	; () banked
   199   002536  9728               	bcf	40,3,b	;volatile
   200   002538                     
   201                           ; BSR set to: 4
   202                           ;maincode.c: 11:     TRISBbits.TRISB4 = 1;
   203   002538  88C7               	bsf	199,4,c	;volatile
   204   00253A                     
   205                           ; BSR set to: 4
   206                           ;maincode.c: 12:     ANSELBbits.ANSELB4 = 0;
   207   00253A  9908               	bcf	8,4,b	;volatile
   208   00253C                     
   209                           ; BSR set to: 4
   210                           ;maincode.c: 13:     WPUBbits.WPUB4 = 1;
   211   00253C  8909               	bsf	9,4,b	;volatile
   212   00253E                     
   213                           ; BSR set to: 4
   214   00253E  0012               	return		;funcret
   215   002540                     __end_of_configuro:
   216                           	callstack 0
   217                           
   218                           	psect	smallconst
   219   002500                     __psmallconst:
   220                           	callstack 0
   221   002500  00                 	db	0
   222   002501  00                 	db	0	; dummy byte at the end
   223   000000                     
   224                           	psect	rparam
   225   000000                     
   226                           	psect	config
   227                           
   228                           ;Config register CONFIG1 @ 0x300000
   229                           ;	External Oscillator Selection
   230                           ;	FEXTOSC = OFF, Oscillator not enabled
   231                           ;	Reset Oscillator Selection
   232                           ;	RSTOSC = EXTOSC, EXTOSC operating per FEXTOSC bits (device manufacturing default)
   233   300000                     	org	3145728
   234   300000  FC                 	db	252
   235                           
   236                           ;Config register CONFIG2 @ 0x300001
   237                           ;	Clock out Enable bit
   238                           ;	CLKOUTEN = OFF, CLKOUT function is disabled
   239                           ;	PRLOCKED One-Way Set Enable bit
   240                           ;	PR1WAY = ON, PRLOCKED bit can be cleared and set only once
   241                           ;	Clock Switch Enable bit
   242                           ;	CSWEN = ON, Writing to NOSC and NDIV is allowed
   243                           ;	Fail-Safe Clock Monitor Enable bit
   244                           ;	FCMEN = ON, Fail-Safe Clock Monitor enabled
   245   300001                     	org	3145729
   246   300001  FF                 	db	255
   247                           
   248                           ;Config register CONFIG3 @ 0x300002
   249                           ;	MCLR Enable bit
   250                           ;	MCLRE = EXTMCLR, If LVP = 0, MCLR pin is MCLR; If LVP = 1, RE3 pin function is MCLR
   251                           ;	Power-up timer selection bits
   252                           ;	PWRTS = PWRT_64, PWRT set at 64ms
   253                           ;	Multi-vector enable bit
   254                           ;	MVECEN = ON, Multi-vector enabled, Vector table used for interrupts
   255                           ;	IVTLOCK bit One-way set enable bit
   256                           ;	IVT1WAY = ON, IVTLOCKED bit can be cleared and set only once
   257                           ;	Low Power BOR Enable bit
   258                           ;	LPBOREN = OFF, Low-Power BOR disabled
   259                           ;	Brown-out Reset Enable bits
   260                           ;	BOREN = OFF, Brown-out Reset disabled
   261   300002                     	org	3145730
   262   300002  3D                 	db	61
   263                           
   264                           ;Config register CONFIG4 @ 0x300003
   265                           ;	Brown-out Reset Voltage Selection bits
   266                           ;	BORV = VBOR_1P9, Brown-out Reset Voltage (VBOR) set to 1.9V
   267                           ;	ZCD Disable bit
   268                           ;	ZCD = OFF, ZCD module is disabled. ZCD can be enabled by setting the ZCDSEN bit of ZCD
      +                          CON
   269                           ;	PPSLOCK bit One-Way Set Enable bit
   270                           ;	PPS1WAY = ON, PPSLOCKED bit can be cleared and set only once; PPS registers remain loc
      +                          ked after one clear/set cycle
   271                           ;	Stack Full/Underflow Reset Enable bit
   272                           ;	STVREN = ON, Stack full/underflow will cause Reset
   273                           ;	Low Voltage Programming Enable bit
   274                           ;	LVP = OFF, HV on MCLR/VPP must be used for programming
   275                           ;	Extended Instruction Set Enable bit
   276                           ;	XINST = OFF, Extended Instruction Set and Indexed Addressing Mode disabled
   277   300003                     	org	3145731
   278   300003  DF                 	db	223
   279                           
   280                           ;Config register CONFIG5 @ 0x300004
   281                           ;	WDT Period selection bits
   282                           ;	WDTCPS = WDTCPS_31, Divider ratio 1:65536; software control of WDTPS
   283                           ;	WDT operating mode
   284                           ;	WDTE = OFF, WDT Disabled; SWDTEN is ignored
   285   300004                     	org	3145732
   286   300004  9F                 	db	159
   287                           
   288                           ;Config register CONFIG6 @ 0x300005
   289                           ;	WDT Window Select bits
   290                           ;	WDTCWS = WDTCWS_7, window always open (100%); software control; keyed access not requi
      +                          red
   291                           ;	WDT input clock selector
   292                           ;	WDTCCS = SC, Software Control
   293   300005                     	org	3145733
   294   300005  FF                 	db	255
   295                           
   296                           ;Config register CONFIG7 @ 0x300006
   297                           ;	Boot Block Size selection bits
   298                           ;	BBSIZE = BBSIZE_512, Boot Block size is 512 words
   299                           ;	Boot Block enable bit
   300                           ;	BBEN = OFF, Boot block disabled
   301                           ;	Storage Area Flash enable bit
   302                           ;	SAFEN = OFF, SAF disabled
   303                           ;	Background Debugger
   304                           ;	DEBUG = OFF, Background Debugger disabled
   305   300006                     	org	3145734
   306   300006  FF                 	db	255
   307                           
   308                           ;Config register CONFIG8 @ 0x300007
   309                           ;	Boot Block Write Protection bit
   310                           ;	WRTB = OFF, Boot Block not Write protected
   311                           ;	Configuration Register Write Protection bit
   312                           ;	WRTC = OFF, Configuration registers not Write protected
   313                           ;	Data EEPROM Write Protection bit
   314                           ;	WRTD = OFF, Data EEPROM not Write protected
   315                           ;	SAF Write protection bit
   316                           ;	WRTSAF = OFF, SAF not Write Protected
   317                           ;	Application Block write protection bit
   318                           ;	WRTAPP = OFF, Application Block not write protected
   319   300007                     	org	3145735
   320   300007  FF                 	db	255
   321                           
   322                           ;Config register CONFIG10 @ 0x300009
   323                           ;	PFM and Data EEPROM Code Protection bit
   324                           ;	CP = OFF, PFM and Data EEPROM code protection disabled
   325   300009                     	org	3145737
   326   300009  FF                 	db	255
   327                           tosu	equ	0x4FF
   328                           tosh	equ	0x4FE
   329                           tosl	equ	0x4FD
   330                           stkptr	equ	0x4FC
   331                           pclatu	equ	0x4FB
   332                           pclath	equ	0x4FA
   333                           pcl	equ	0x4F9
   334                           tblptru	equ	0x4F8
   335                           tblptrh	equ	0x4F7
   336                           tblptrl	equ	0x4F6
   337                           tablat	equ	0x4F5
   338                           prodh	equ	0x4F4
   339                           prodl	equ	0x4F3
   340                           indf0	equ	0x4EF
   341                           postinc0	equ	0x4EE
   342                           postdec0	equ	0x4ED
   343                           preinc0	equ	0x4EC
   344                           plusw0	equ	0x4EB
   345                           fsr0h	equ	0x4EA
   346                           fsr0l	equ	0x4E9
   347                           wreg	equ	0x4E8
   348                           indf1	equ	0x4E7
   349                           postinc1	equ	0x4E6
   350                           postdec1	equ	0x4E5
   351                           preinc1	equ	0x4E4
   352                           plusw1	equ	0x4E3
   353                           fsr1h	equ	0x4E2
   354                           fsr1l	equ	0x4E1
   355                           bsr	equ	0x4E0
   356                           indf2	equ	0x4DF
   357                           postinc2	equ	0x4DE
   358                           postdec2	equ	0x4DD
   359                           preinc2	equ	0x4DC
   360                           plusw2	equ	0x4DB
   361                           fsr2h	equ	0x4DA
   362                           fsr2l	equ	0x4D9
   363                           status	equ	0x4D8

Data Sizes:
    Strings     0
    Constant    0
    Data        0
    BSS         0
    Persistent  0
    Stack       0

Auto Spaces:
    Space          Size  Autos    Used
    COMRAM           95      0       0
    BANK5           160      0       0
    BANK6           256      0       0
    BANK7           256      0       0
    BANK8           256      0       0
    BANK9           256      0       0
    BANK10          256      0       0
    BANK11          256      0       0
    BANK12          256      0       0
    BANK13          256      0       0
    BANK14          256      0       0
    BANK15          256      0       0
    BANK16          256      0       0
    BANK17          256      0       0
    BANK18          256      0       0
    BANK19          256      0       0
    BANK20          256      0       0
    BANK21          256      0       0
    BANK22          256      0       0
    BANK23          256      0       0
    BANK24          256      0       0
    BANK25          256      0       0
    BANK26          256      0       0
    BANK27          256      0       0
    BANK28          256      0       0
    BANK29          256      0       0
    BANK30          256      0       0
    BANK31          256      0       0
    BANK32          256      0       0
    BANK33          256      0       0
    BANK34          256      0       0
    BANK35          256      0       0
    BANK36          256      0       0

Pointer List with Targets:

    None.

Critical Paths under _main in COMRAM

    None.

Critical Paths under _main in BANK5

    None.

Critical Paths under _main in BANK6

    None.

Critical Paths under _main in BANK7

    None.

Critical Paths under _main in BANK8

    None.

Critical Paths under _main in BANK9

    None.

Critical Paths under _main in BANK10

    None.

Critical Paths under _main in BANK11

    None.

Critical Paths under _main in BANK12

    None.

Critical Paths under _main in BANK13

    None.

Critical Paths under _main in BANK14

    None.

Critical Paths under _main in BANK15

    None.

Critical Paths under _main in BANK16

    None.

Critical Paths under _main in BANK17

    None.

Critical Paths under _main in BANK18

    None.

Critical Paths under _main in BANK19

    None.

Critical Paths under _main in BANK20

    None.

Critical Paths under _main in BANK21

    None.

Critical Paths under _main in BANK22

    None.

Critical Paths under _main in BANK23

    None.

Critical Paths under _main in BANK24

    None.

Critical Paths under _main in BANK25

    None.

Critical Paths under _main in BANK26

    None.

Critical Paths under _main in BANK27

    None.

Critical Paths under _main in BANK28

    None.

Critical Paths under _main in BANK29

    None.

Critical Paths under _main in BANK30

    None.

Critical Paths under _main in BANK31

    None.

Critical Paths under _main in BANK32

    None.

Critical Paths under _main in BANK33

    None.

Critical Paths under _main in BANK34

    None.

Critical Paths under _main in BANK35

    None.

Critical Paths under _main in BANK36

    None.

Call Graph Tables:

 ---------------------------------------------------------------------------------
 (Depth) Function   	        Calls       Base Space   Used Autos Params    Refs
 ---------------------------------------------------------------------------------
 (0) _main                                                 0     0      0       0
                          _configuro
 ---------------------------------------------------------------------------------
 (1) _configuro                                            0     0      0       0
 ---------------------------------------------------------------------------------
 Estimated maximum stack depth 1
 ---------------------------------------------------------------------------------

 Call Graph Graphs:

 _main (ROOT)
   _configuro

 Address spaces:
Name               Size   Autos  Total    Cost      Usage
BITCOMRAM           5F      0       0       0        0.0%
EEDATA             400      0       0       0        0.0%
NULL                 0      0       0       0        0.0%
CODE                 0      0       0       0        0.0%
COMRAM              5F      0       0       1        0.0%
STACK                0      0       0       2        0.0%
DATA                 0      0       0       3        0.0%
BITBANK5            A0      0       0       4        0.0%
BANK5               A0      0       0       5        0.0%
BITBANK6           100      0       0       6        0.0%
BANK6              100      0       0       7        0.0%
BITBANK7           100      0       0       8        0.0%
BANK7              100      0       0       9        0.0%
BITBANK8           100      0       0      10        0.0%
BANK8              100      0       0      11        0.0%
BITBANK9           100      0       0      12        0.0%
BANK9              100      0       0      13        0.0%
BITBANK10          100      0       0      14        0.0%
BANK10             100      0       0      15        0.0%
BITBANK11          100      0       0      16        0.0%
BANK11             100      0       0      17        0.0%
BITBANK12          100      0       0      18        0.0%
BANK12             100      0       0      19        0.0%
BITBANK13          100      0       0      20        0.0%
BANK13             100      0       0      21        0.0%
BITBANK14          100      0       0      22        0.0%
BANK14             100      0       0      23        0.0%
BITBANK15          100      0       0      24        0.0%
BANK15             100      0       0      25        0.0%
BITBANK16          100      0       0      26        0.0%
BANK16             100      0       0      27        0.0%
BITBANK17          100      0       0      28        0.0%
BANK17             100      0       0      29        0.0%
BITBANK18          100      0       0      30        0.0%
BANK18             100      0       0      31        0.0%
BITBANK19          100      0       0      32        0.0%
BANK19             100      0       0      33        0.0%
BITBANK20          100      0       0      34        0.0%
BANK20             100      0       0      35        0.0%
BITBANK21          100      0       0      36        0.0%
BANK21             100      0       0      37        0.0%
BITBANK22          100      0       0      38        0.0%
BANK22             100      0       0      39        0.0%
BITBANK23          100      0       0      40        0.0%
BANK23             100      0       0      41        0.0%
BITBANK24          100      0       0      42        0.0%
BANK24             100      0       0      43        0.0%
BITBANK25          100      0       0      44        0.0%
BANK25             100      0       0      45        0.0%
BITBANK26          100      0       0      46        0.0%
BANK26             100      0       0      47        0.0%
BITBANK27          100      0       0      48        0.0%
BANK27             100      0       0      49        0.0%
BITBANK28          100      0       0      50        0.0%
BANK28             100      0       0      51        0.0%
BITBANK29          100      0       0      52        0.0%
BANK29             100      0       0      53        0.0%
BITBANK30          100      0       0      54        0.0%
BANK30             100      0       0      55        0.0%
BITBANK31          100      0       0      56        0.0%
BANK31             100      0       0      57        0.0%
BITBANK32          100      0       0      58        0.0%
BANK32             100      0       0      59        0.0%
BITBANK33          100      0       0      60        0.0%
BANK33             100      0       0      61        0.0%
BITBANK34          100      0       0      62        0.0%
BANK34             100      0       0      63        0.0%
BITBANK35          100      0       0      64        0.0%
BANK35             100      0       0      65        0.0%
BITBANK36          100      0       0      66        0.0%
BANK36             100      0       0      67        0.0%
BITBIGSFR_1        100      0       0      68        0.0%
BIGRAM            1FFF      0       0      69        0.0%
BITBIGSFRhhhhh      30      0       0      70        0.0%
BITBIGSFRhhhhl       3      0       0      71        0.0%
BITBIGSFRhhhlhh      3      0       0      72        0.0%
BITBIGSFRhhhlhl      3      0       0      73        0.0%
BITBIGSFRhhhlhl     9A      0       0      74        0.0%
BITBIGSFRhhhllh     1E      0       0      75        0.0%
BITBIGSFRhhhlll    354      0       0      76        0.0%
BITBIGSFRhhl         1      0       0      77        0.0%
BITBIGSFRhl          3      0       0      78        0.0%
BITBIGSFRl          AD      0       0      79        0.0%
ABS                  0      0       0      80        0.0%
BIGSFR_1             0      0       0     200        0.0%
BIGSFR               0      0       0     200        0.0%
BITSFR_6             0      0       0     200        0.0%
SFR_6                0      0       0     200        0.0%
BITSFR_5             0      0       0     200        0.0%
SFR_5                0      0       0     200        0.0%
BITSFR_4             0      0       0     200        0.0%
SFR_4                0      0       0     200        0.0%
BITSFR_3             0      0       0     200        0.0%
SFR_3                0      0       0     200        0.0%
BITSFR_2             0      0       0     200        0.0%
SFR_2                0      0       0     200        0.0%
BITSFR_1             0      0       0     200        0.0%
SFR_1                0      0       0     200        0.0%
BITSFR               0      0       0     200        0.0%
SFR                  0      0       0     200        0.0%


Microchip Technology PIC18 Macro Assembler V2.45 build 20230818022343 
Symbol Table                                                                                   Mon Sep 11 17:24:47 2023

                     l23 253E                       l29 251A                       u10 2514  
                     u11 2510                      l711 2532                      l713 2534  
                    l721 2502                      l715 2538                      l723 2506  
                    l717 253A                      l709 2524                      l725 2514  
                    l719 253C                     _main 2502                     start FFFC  
           ___param_bank 0000                    ?_main 0000                    _OSCEN 00B3  
        __initialization 2540             __end_of_main 2524                   ??_main 0000  
          __activetblptr 0000                   _OSCFRQ 00B1                   isa$std 0001  
           __mediumconst 0000               __accesstop 0560  __end_of__initialization 2540  
          ___rparam_used 0001           __pcstackCOMRAM 0000                  _OSCCON1 00AD  
                __Hparam 0000                  __Lparam 0000        __end_of_configuro 2540  
           __psmallconst 2500                  __pcinit 2540                  __ramtop 2500  
                __ptext0 2502                  __ptext1 2524     end_of_initialization 2540  
              _PORTBbits 04CF                _TRISBbits 04C7                _TRISFbits 04CB  
    start_initialization 2540                _configuro 2524              __smallconst 2500  
               _LATFbits 04C3               ?_configuro 0000                 _WPUBbits 0409  
               __Hrparam 0000                 __Lrparam 0000               _ANSELBbits 0408  
             _ANSELFbits 0428                 isa$xinst 0000              ??_configuro 0000  
