

Microchip MPLAB XC8 Assembler V2.41 build 20230208172133 
                                                                                               Mon Apr 24 12:30:49 2023

Microchip MPLAB XC8 C Compiler v2.41 (Free license) build 20230208172133 Og1 
     1                           	processor	18F57Q43
     2                           	fnconf	rparam,??,?,0
     3                           	pagewidth 120
     4                           	opt	flic
     5                           	psect	idataCOMRAM,global,class=CODE,delta=1,noexec
     6                           	psect	cinit,global,reloc=2,class=CODE,delta=1
     7                           	psect	bssCOMRAM,global,class=COMRAM,space=1,delta=1,lowdata,noexec
     8                           	psect	dataCOMRAM,global,class=COMRAM,space=1,delta=1,lowdata,noexec
     9                           	psect	cstackCOMRAM,global,class=COMRAM,space=1,delta=1,lowdata,noexec
    10                           	psect	text0,global,reloc=2,class=CODE,delta=1
    11                           	psect	text1,global,reloc=2,class=CODE,delta=1
    12                           	psect	text2,global,reloc=2,class=CODE,delta=1
    13                           	psect	intsave_regs,global,class=BIGRAM,space=1,delta=1,noexec
    14                           	psect	rparam,global,class=COMRAM,space=1,delta=1,noexec
    15                           	psect	idloc,global,abs,ovrld,class=IDLOC,space=5,delta=1,noexec
    16                           	psect	config,global,abs,ovrld,class=CONFIG,space=4,delta=1,noexec
    17   000000                     
    18                           ; Generated 17/06/2022 GMT
    19                           ; 
    20                           ; Copyright © 2022, Microchip Technology Inc. and its subsidiaries ("Microchip")
    21                           ; All rights reserved.
    22                           ; 
    23                           ; This software is developed by Microchip Technology Inc. and its subsidiaries ("Microch
      +                          ip").
    24                           ; 
    25                           ; Redistribution and use in source and binary forms, with or without modification, are
    26                           ; permitted provided that the following conditions are met:
    27                           ; 
    28                           ;     1. Redistributions of source code must retain the above copyright notice, this lis
      +                          t of
    29                           ;        conditions and the following disclaimer.
    30                           ; 
    31                           ;     2. Redistributions in binary form must reproduce the above copyright notice, this 
      +                          list
    32                           ;        of conditions and the following disclaimer in the documentation and/or other
    33                           ;        materials provided with the distribution. Publication is not required when
    34                           ;        this file is used in an embedded application.
    35                           ; 
    36                           ;     3. Microchip's name may not be used to endorse or promote products derived from th
      +                          is
    37                           ;        software without specific prior written permission.
    38                           ; 
    39                           ; THIS SOFTWARE IS PROVIDED BY MICROCHIP "AS IS" AND ANY EXPRESS OR IMPLIED WARRANTIES,
    40                           ; INCLUDING, BUT NOT LIMITED TO, THE IMPLIED WARRANTIES OF MERCHANTABILITY AND FITNESS F
      +                          OR
    41                           ; PURPOSE ARE DISCLAIMED.  IN NO EVENT SHALL MICROCHIP BE LIABLE FOR ANY DIRECT, INDIREC
      +                          T,
    42                           ; INCIDENTAL, SPECIAL, EXEMPLARY, OR CONSEQUENTIAL DAMAGES (INCLUDING BUT NOT LIMITED TO
    43                           ; PROCUREMENT OF SUBSTITUTE GOODS OR SERVICES; LOSS OF USE, DATA OR PROFITS; OR BUSINESS
    44                           ; INTERRUPTION) HOWSOEVER CAUSED AND ON ANY THEORY OF LIABILITY, WHETHER IN CONTRACT, ST
      +                          RICT
    45                           ; LIABILITY, OR TORT (INCLUDING NEGLIGENCE OR OTHERWISE) ARISING IN ANY WAY OUT OF THE U
      +                          SE OF
    46                           ; THIS SOFTWARE, EVEN IF ADVISED OF THE POSSIBILITY OF SUCH DAMAGE.
    47                           ; 
    48                           ; 
    49                           ; Code-generator required, PIC18F57Q43 Definitions
    50                           ; 
    51                           ; SFR Addresses
    52   000000                     
    53                           	psect	idataCOMRAM
    54   01FE46                     __pidataCOMRAM:
    55                           	callstack 0
    56                           
    57                           ;initializer for _decod
    58   01FE46  77                 	db	119
    59   01FE47  7C                 	db	124
    60   01FE48  39                 	db	57
    61   01FE49  5E                 	db	94
    62   01FE4A  79                 	db	121
    63   01FE4B  71                 	db	113
    64   01FE4C  6F                 	db	111
    65   01FE4D  74                 	db	116
    66   01FE4E  30                 	db	48
    67   01FE4F  1E                 	db	30
    68   01FE50  76                 	db	118
    69   01FE51  38                 	db	56
    70   01FE52  15                 	db	21
    71   01FE53  54                 	db	84
    72   01FE54  3F                 	db	63
    73   01FE55  73                 	db	115
    74   01FE56  67                 	db	103
    75   01FE57  50                 	db	80
    76   01FE58  6D                 	db	109
    77   01FE59  78                 	db	120
    78   01FE5A  3E                 	db	62
    79   01FE5B  1C                 	db	28
    80   01FE5C  2A                 	db	42
    81   01FE5D  76                 	db	118
    82   01FE5E  6E                 	db	110
    83   01FE5F  5B                 	db	91
    84                           
    85                           ;initializer for _texto
    86   01FE60  20                 	db	32
    87   01FE61  20                 	db	32
    88   01FE62  20                 	db	32
    89   01FE63  20                 	db	32
    90   01FE64  55                 	db	85
    91   01FE65  50                 	db	80
    92   01FE66  41                 	db	65
    93   01FE67  4F                 	db	79
    94   01FE68  20                 	db	32
    95   01FE69  20                 	db	32
    96   01FE6A  20                 	db	32
    97   01FE6B  00                 	db	0
    98   000000                     _OSCCON1	set	173
    99   000000                     _OSCFRQ	set	177
   100   000000                     _OSCEN	set	179
   101   000000                     _TMR0L	set	792
   102   000000                     _TMR0H	set	793
   103   000000                     _T0CON0	set	794
   104   000000                     _ANSELA	set	1024
   105   000000                     _ANSELB	set	1032
   106   000000                     _TRISB	set	1223
   107   000000                     _TRISDbits	set	1225
   108   000000                     _ANSELDbits	set	1048
   109   000000                     _TRISA	set	1222
   110   000000                     _PIR3bits	set	1201
   111   000000                     _LATA	set	1214
   112   000000                     _WPUDbits	set	1049
   113   000000                     _LATB	set	1215
   114   000000                     _T0CON1	set	795
   115                           
   116                           ; #config settings
   117                           
   118                           	psect	cinit
   119   01FE6C                     __pcinit:
   120                           	callstack 0
   121   01FE6C                     start_initialization:
   122                           	callstack 0
   123   01FE6C                     __initialization:
   124                           	callstack 0
   125                           
   126                           ; Initialize objects allocated to COMRAM (38 bytes)
   127                           ; load TBLPTR registers with __pidataCOMRAM
   128   01FE6C  0E46               	movlw	low __pidataCOMRAM
   129   01FE6E  6EF6               	movwf	tblptrl,c
   130   01FE70  0EFE               	movlw	high __pidataCOMRAM
   131   01FE72  6EF7               	movwf	tblptrh,c
   132   01FE74  0E01               	movlw	low (__pidataCOMRAM shr (0+16))
   133   01FE76  6EF8               	movwf	tblptru,c
   134   01FE78  EE01  F101         	lfsr	0,__pdataCOMRAM
   135   01FE7C  EE10 F026          	lfsr	1,38
   136   01FE80                     copy_data0:
   137   01FE80  0009               	tblrd		*+
   138   01FE82  C4F5 F4EE          	movff	tablat,postinc0
   139   01FE86  50E5               	movf	postdec1,w,c
   140   01FE88  50E1               	movf	fsr1l,w,c
   141   01FE8A  E1FA               	bnz	copy_data0
   142                           
   143                           ; Clear objects allocated to COMRAM (1 bytes)
   144   01FE8C  6A29               	clrf	__pbssCOMRAM& (0+255),c
   145   01FE8E                     end_of_initialization:
   146                           	callstack 0
   147   01FE8E                     __end_of__initialization:
   148                           	callstack 0
   149   01FE8E  0100               	movlb	0
   150   01FE90  EF68  F0FF         	goto	_main	;jump to C main() function
   151                           
   152                           	psect	bssCOMRAM
   153   000529                     __pbssCOMRAM:
   154                           	callstack 0
   155   000529                     _desplaza:
   156                           	callstack 0
   157   000529                     	ds	1
   158                           
   159                           	psect	dataCOMRAM
   160   000501                     __pdataCOMRAM:
   161                           	callstack 0
   162   000501                     _decod:
   163                           	callstack 0
   164   000501                     	ds	26
   165   00051B                     _texto:
   166                           	callstack 0
   167   00051B                     	ds	12
   168                           
   169                           	psect	cstackCOMRAM
   170   000527                     __pcstackCOMRAM:
   171                           	callstack 0
   172   000527                     ??_multiplex:
   173   000527                     
   174                           ; 1 bytes @ 0x0
   175   000527                     	ds	2
   176   000529                     
   177                           ; 1 bytes @ 0x2
   178 ;;
   179 ;;Main: autosize = 0, tempsize = 0, incstack = 0, save=0
   180 ;;
   181 ;; *************** function _main *****************
   182 ;; Defined at:
   183 ;;		line 48 in file "maincode4.c"
   184 ;; Parameters:    Size  Location     Type
   185 ;;		None
   186 ;; Auto vars:     Size  Location     Type
   187 ;;		None
   188 ;; Return value:  Size  Location     Type
   189 ;;                  1    wreg      void 
   190 ;; Registers used:
   191 ;;		wreg, fsr2l, fsr2h, status,2, status,0, cstack
   192 ;; Tracked objects:
   193 ;;		On entry : 0/0
   194 ;;		On exit  : 0/0
   195 ;;		Unchanged: 0/0
   196 ;; Data sizes:     COMRAM   BANK5   BANK6   BANK7   BANK8   BANK9  BANK10  BANK11  BANK12  BANK13  BANK14  BANK15  BANK1
      +6  BANK17  BANK18  BANK19  BANK20  BANK21  BANK22  BANK23  BANK24  BANK25  BANK26  BANK27  BANK28  BANK29  BANK30  BANK3
      +1  BANK32  BANK33  BANK34  BANK35  BANK36
   197 ;;      Params:         0       0       0       0       0       0       0       0       0       0       0       0       
      +0       0       0       0       0       0       0       0       0       0       0       0       0       0       0       
      +0       0       0       0       0       0
   198 ;;      Locals:         0       0       0       0       0       0       0       0       0       0       0       0       
      +0       0       0       0       0       0       0       0       0       0       0       0       0       0       0       
      +0       0       0       0       0       0
   199 ;;      Temps:          0       0       0       0       0       0       0       0       0       0       0       0       
      +0       0       0       0       0       0       0       0       0       0       0       0       0       0       0       
      +0       0       0       0       0       0
   200 ;;      Totals:         0       0       0       0       0       0       0       0       0       0       0       0       
      +0       0       0       0       0       0       0       0       0       0       0       0       0       0       0       
      +0       0       0       0       0       0
   201 ;;Total ram usage:        0 bytes
   202 ;; Hardware stack levels required when called: 1
   203 ;; This function calls:
   204 ;;		_configuro
   205 ;;		_multiplex
   206 ;; This function is called by:
   207 ;;		Startup code after reset
   208 ;; This function uses a non-reentrant model
   209 ;;
   210                           
   211                           	psect	text0
   212   01FED0                     __ptext0:
   213                           	callstack 0
   214   01FED0                     _main:
   215                           	callstack 126
   216   01FED0                     
   217                           ;maincode4.c: 49:     configuro();
   218   01FED0  EC4A  F0FF         	call	_configuro	;wreg free
   219   01FED4  EF6E  F0FF         	goto	l779
   220   01FED8                     l777:
   221                           
   222                           ;maincode4.c: 52:             multiplex();
   223   01FED8  EC8D  F0FF         	call	_multiplex	;wreg free
   224   01FEDC                     l779:
   225                           
   226                           ;maincode4.c: 51:         while(PIR3bits.TMR0IF == 0){
   227   01FEDC  AEB1               	btfss	177,7,c	;volatile
   228   01FEDE  EF73  F0FF         	goto	u11
   229   01FEE2  EF75  F0FF         	goto	u10
   230   01FEE6                     u11:
   231   01FEE6  EF6C  F0FF         	goto	l777
   232   01FEEA                     u10:
   233   01FEEA                     
   234                           ;maincode4.c: 54:         PIR3bits.TMR0IF = 0;
   235   01FEEA  9EB1               	bcf	177,7,c	;volatile
   236   01FEEC                     
   237                           ;maincode4.c: 55:         TMR0H = 0x3C;
   238   01FEEC  0E3C               	movlw	60
   239   01FEEE  0103               	movlb	3	; () banked
   240   01FEF0  6F19               	movwf	25,b	;volatile
   241                           
   242                           ;maincode4.c: 56:         TMR0L = 0xB0;
   243   01FEF2  0EB0               	movlw	176
   244   01FEF4  6F18               	movwf	24,b	;volatile
   245   01FEF6                     
   246                           ; BSR set to: 3
   247                           ;maincode4.c: 57:         if(desplaza == 7){
   248   01FEF6  0E07               	movlw	7
   249   01FEF8  1829               	xorwf	_desplaza^(0+1280),w,c
   250   01FEFA  A4D8               	btfss	status,2,c
   251   01FEFC  EF82  F0FF         	goto	u21
   252   01FF00  EF84  F0FF         	goto	u20
   253   01FF04                     u21:
   254   01FF04  EF88  F0FF         	goto	l787
   255   01FF08                     u20:
   256   01FF08                     
   257                           ; BSR set to: 3
   258                           ;maincode4.c: 58:             desplaza = 0;
   259   01FF08  0E00               	movlw	0
   260   01FF0A  6E29               	movwf	_desplaza^(0+1280),c
   261                           
   262                           ;maincode4.c: 59:         }
   263   01FF0C  EF6E  F0FF         	goto	l779
   264   01FF10                     l787:
   265                           
   266                           ; BSR set to: 3
   267                           ;maincode4.c: 61:             desplaza++;
   268   01FF10  2A29               	incf	_desplaza^(0+1280),f,c
   269   01FF12  EF6E  F0FF         	goto	l779
   270   01FF16  EFFE  F0FF         	goto	start
   271   01FF1A                     __end_of_main:
   272                           	callstack 0
   273                           
   274 ;; *************** function _multiplex *****************
   275 ;; Defined at:
   276 ;;		line 29 in file "maincode4.c"
   277 ;; Parameters:    Size  Location     Type
   278 ;;		None
   279 ;; Auto vars:     Size  Location     Type
   280 ;;		None
   281 ;; Return value:  Size  Location     Type
   282 ;;                  1    wreg      void 
   283 ;; Registers used:
   284 ;;		wreg, fsr2l, fsr2h, status,2, status,0
   285 ;; Tracked objects:
   286 ;;		On entry : 0/0
   287 ;;		On exit  : 0/0
   288 ;;		Unchanged: 0/0
   289 ;; Data sizes:     COMRAM   BANK5   BANK6   BANK7   BANK8   BANK9  BANK10  BANK11  BANK12  BANK13  BANK14  BANK15  BANK1
      +6  BANK17  BANK18  BANK19  BANK20  BANK21  BANK22  BANK23  BANK24  BANK25  BANK26  BANK27  BANK28  BANK29  BANK30  BANK3
      +1  BANK32  BANK33  BANK34  BANK35  BANK36
   290 ;;      Params:         0       0       0       0       0       0       0       0       0       0       0       0       
      +0       0       0       0       0       0       0       0       0       0       0       0       0       0       0       
      +0       0       0       0       0       0
   291 ;;      Locals:         0       0       0       0       0       0       0       0       0       0       0       0       
      +0       0       0       0       0       0       0       0       0       0       0       0       0       0       0       
      +0       0       0       0       0       0
   292 ;;      Temps:          2       0       0       0       0       0       0       0       0       0       0       0       
      +0       0       0       0       0       0       0       0       0       0       0       0       0       0       0       
      +0       0       0       0       0       0
   293 ;;      Totals:         2       0       0       0       0       0       0       0       0       0       0       0       
      +0       0       0       0       0       0       0       0       0       0       0       0       0       0       0       
      +0       0       0       0       0       0
   294 ;;Total ram usage:        2 bytes
   295 ;; Hardware stack levels used: 1
   296 ;; This function calls:
   297 ;;		Nothing
   298 ;; This function is called by:
   299 ;;		_main
   300 ;; This function uses a non-reentrant model
   301 ;;
   302                           
   303                           	psect	text1
   304   01FF1A                     __ptext1:
   305                           	callstack 0
   306   01FF1A                     _multiplex:
   307                           	callstack 126
   308   01FF1A                     
   309                           ;maincode4.c: 30:     LATB = decod[texto[0+desplaza]-0x41];
   310   01FF1A  0E1B               	movlw	low _texto
   311   01FF1C  2429               	addwf	_desplaza^(0+1280),w,c
   312   01FF1E  6ED9               	movwf	fsr2l,c
   313   01FF20  6ADA               	clrf	fsr2h,c
   314   01FF22  0E05               	movlw	high _texto
   315   01FF24  22DA               	addwfc	fsr2h,f,c
   316   01FF26  50DF               	movf	indf2,w,c
   317   01FF28  6E27               	movwf	??_multiplex^(0+1280),c
   318   01FF2A  6A28               	clrf	(??_multiplex+1)^(0+1280),c
   319   01FF2C  0EC0               	movlw	low (_decod+65471)
   320   01FF2E  2427               	addwf	??_multiplex^(0+1280),w,c
   321   01FF30  6ED9               	movwf	fsr2l,c
   322   01FF32  0E04               	movlw	high (_decod+65471)
   323   01FF34  2028               	addwfc	(??_multiplex+1)^(0+1280),w,c
   324   01FF36  6EDA               	movwf	fsr2h,c
   325   01FF38  50DF               	movf	indf2,w,c
   326   01FF3A  6EBF               	movwf	191,c	;volatile
   327   01FF3C                     
   328                           ;maincode4.c: 31:     LATA = 0xFE;
   329   01FF3C  0EFE               	movlw	254
   330   01FF3E  6EBE               	movwf	190,c	;volatile
   331   01FF40                     
   332                           ;maincode4.c: 32:     _delay((unsigned long)((20)*(4000000UL/4000.0)));
   333   01FF40  0E1A               	movlw	26
   334   01FF42  6E27               	movwf	??_multiplex^(0+1280),c
   335   01FF44  0EF8               	movlw	248
   336   01FF46                     u37:
   337   01FF46  2EE8               	decfsz	wreg,f,c
   338   01FF48  D7FE               	bra	u37
   339   01FF4A  2E27               	decfsz	??_multiplex^(0+1280),f,c
   340   01FF4C  D7FC               	bra	u37
   341   01FF4E  D000               	nop2	
   342   01FF50                     
   343                           ;maincode4.c: 33:     LATA = 0xFF;
   344   01FF50  68BE               	setf	190,c	;volatile
   345   01FF52                     
   346                           ;maincode4.c: 34:     LATB = decod[texto[1+desplaza]-0x41];
   347   01FF52  0E1C               	movlw	low (_texto+1)
   348   01FF54  2429               	addwf	_desplaza^(0+1280),w,c
   349   01FF56  6ED9               	movwf	fsr2l,c
   350   01FF58  6ADA               	clrf	fsr2h,c
   351   01FF5A  0E05               	movlw	high (_texto+1)
   352   01FF5C  22DA               	addwfc	fsr2h,f,c
   353   01FF5E  50DF               	movf	indf2,w,c
   354   01FF60  6E27               	movwf	??_multiplex^(0+1280),c
   355   01FF62  6A28               	clrf	(??_multiplex+1)^(0+1280),c
   356   01FF64  0EC0               	movlw	low (_decod+65471)
   357   01FF66  2427               	addwf	??_multiplex^(0+1280),w,c
   358   01FF68  6ED9               	movwf	fsr2l,c
   359   01FF6A  0E04               	movlw	high (_decod+65471)
   360   01FF6C  2028               	addwfc	(??_multiplex+1)^(0+1280),w,c
   361   01FF6E  6EDA               	movwf	fsr2h,c
   362   01FF70  50DF               	movf	indf2,w,c
   363   01FF72  6EBF               	movwf	191,c	;volatile
   364   01FF74                     
   365                           ;maincode4.c: 35:     LATA = 0xFD;
   366   01FF74  0EFD               	movlw	253
   367   01FF76  6EBE               	movwf	190,c	;volatile
   368                           
   369                           ;maincode4.c: 36:     _delay((unsigned long)((20)*(4000000UL/4000.0)));
   370   01FF78  0E1A               	movlw	26
   371   01FF7A  6E27               	movwf	??_multiplex^(0+1280),c
   372   01FF7C  0EF8               	movlw	248
   373   01FF7E                     u47:
   374   01FF7E  2EE8               	decfsz	wreg,f,c
   375   01FF80  D7FE               	bra	u47
   376   01FF82  2E27               	decfsz	??_multiplex^(0+1280),f,c
   377   01FF84  D7FC               	bra	u47
   378   01FF86  D000               	nop2	
   379   01FF88                     
   380                           ;maincode4.c: 37:     LATA = 0xFF;
   381   01FF88  68BE               	setf	190,c	;volatile
   382   01FF8A                     
   383                           ;maincode4.c: 38:     LATB = decod[texto[2+desplaza]-0x41];
   384   01FF8A  0E1D               	movlw	low (_texto+2)
   385   01FF8C  2429               	addwf	_desplaza^(0+1280),w,c
   386   01FF8E  6ED9               	movwf	fsr2l,c
   387   01FF90  6ADA               	clrf	fsr2h,c
   388   01FF92  0E05               	movlw	high (_texto+2)
   389   01FF94  22DA               	addwfc	fsr2h,f,c
   390   01FF96  50DF               	movf	indf2,w,c
   391   01FF98  6E27               	movwf	??_multiplex^(0+1280),c
   392   01FF9A  6A28               	clrf	(??_multiplex+1)^(0+1280),c
   393   01FF9C  0EC0               	movlw	low (_decod+65471)
   394   01FF9E  2427               	addwf	??_multiplex^(0+1280),w,c
   395   01FFA0  6ED9               	movwf	fsr2l,c
   396   01FFA2  0E04               	movlw	high (_decod+65471)
   397   01FFA4  2028               	addwfc	(??_multiplex+1)^(0+1280),w,c
   398   01FFA6  6EDA               	movwf	fsr2h,c
   399   01FFA8  50DF               	movf	indf2,w,c
   400   01FFAA  6EBF               	movwf	191,c	;volatile
   401   01FFAC                     
   402                           ;maincode4.c: 39:     LATA = 0xFB;
   403   01FFAC  0EFB               	movlw	251
   404   01FFAE  6EBE               	movwf	190,c	;volatile
   405   01FFB0                     
   406                           ;maincode4.c: 40:     _delay((unsigned long)((20)*(4000000UL/4000.0)));
   407   01FFB0  0E1A               	movlw	26
   408   01FFB2  6E27               	movwf	??_multiplex^(0+1280),c
   409   01FFB4  0EF8               	movlw	248
   410   01FFB6                     u57:
   411   01FFB6  2EE8               	decfsz	wreg,f,c
   412   01FFB8  D7FE               	bra	u57
   413   01FFBA  2E27               	decfsz	??_multiplex^(0+1280),f,c
   414   01FFBC  D7FC               	bra	u57
   415   01FFBE  D000               	nop2	
   416   01FFC0                     
   417                           ;maincode4.c: 41:     LATA = 0xFF;
   418   01FFC0  68BE               	setf	190,c	;volatile
   419   01FFC2                     
   420                           ;maincode4.c: 42:     LATB = decod[texto[3+desplaza]-0x41];
   421   01FFC2  0E1E               	movlw	low (_texto+3)
   422   01FFC4  2429               	addwf	_desplaza^(0+1280),w,c
   423   01FFC6  6ED9               	movwf	fsr2l,c
   424   01FFC8  6ADA               	clrf	fsr2h,c
   425   01FFCA  0E05               	movlw	high (_texto+3)
   426   01FFCC  22DA               	addwfc	fsr2h,f,c
   427   01FFCE  50DF               	movf	indf2,w,c
   428   01FFD0  6E27               	movwf	??_multiplex^(0+1280),c
   429   01FFD2  6A28               	clrf	(??_multiplex+1)^(0+1280),c
   430   01FFD4  0EC0               	movlw	low (_decod+65471)
   431   01FFD6  2427               	addwf	??_multiplex^(0+1280),w,c
   432   01FFD8  6ED9               	movwf	fsr2l,c
   433   01FFDA  0E04               	movlw	high (_decod+65471)
   434   01FFDC  2028               	addwfc	(??_multiplex+1)^(0+1280),w,c
   435   01FFDE  6EDA               	movwf	fsr2h,c
   436   01FFE0  50DF               	movf	indf2,w,c
   437   01FFE2  6EBF               	movwf	191,c	;volatile
   438                           
   439                           ;maincode4.c: 43:     LATA = 0xF7;
   440   01FFE4  0EF7               	movlw	247
   441   01FFE6  6EBE               	movwf	190,c	;volatile
   442   01FFE8                     
   443                           ;maincode4.c: 44:     _delay((unsigned long)((20)*(4000000UL/4000.0)));
   444   01FFE8  0E1A               	movlw	26
   445   01FFEA  6E27               	movwf	??_multiplex^(0+1280),c
   446   01FFEC  0EF8               	movlw	248
   447   01FFEE                     u67:
   448   01FFEE  2EE8               	decfsz	wreg,f,c
   449   01FFF0  D7FE               	bra	u67
   450   01FFF2  2E27               	decfsz	??_multiplex^(0+1280),f,c
   451   01FFF4  D7FC               	bra	u67
   452   01FFF6  D000               	nop2	
   453   01FFF8                     
   454                           ;maincode4.c: 45:     LATA = 0xFF;
   455   01FFF8  68BE               	setf	190,c	;volatile
   456   01FFFA  0012               	return		;funcret
   457   01FFFC                     __end_of_multiplex:
   458                           	callstack 0
   459                           
   460 ;; *************** function _configuro *****************
   461 ;; Defined at:
   462 ;;		line 11 in file "maincode4.c"
   463 ;; Parameters:    Size  Location     Type
   464 ;;		None
   465 ;; Auto vars:     Size  Location     Type
   466 ;;		None
   467 ;; Return value:  Size  Location     Type
   468 ;;                  1    wreg      void 
   469 ;; Registers used:
   470 ;;		wreg, status,2
   471 ;; Tracked objects:
   472 ;;		On entry : 0/0
   473 ;;		On exit  : 0/0
   474 ;;		Unchanged: 0/0
   475 ;; Data sizes:     COMRAM   BANK5   BANK6   BANK7   BANK8   BANK9  BANK10  BANK11  BANK12  BANK13  BANK14  BANK15  BANK1
      +6  BANK17  BANK18  BANK19  BANK20  BANK21  BANK22  BANK23  BANK24  BANK25  BANK26  BANK27  BANK28  BANK29  BANK30  BANK3
      +1  BANK32  BANK33  BANK34  BANK35  BANK36
   476 ;;      Params:         0       0       0       0       0       0       0       0       0       0       0       0       
      +0       0       0       0       0       0       0       0       0       0       0       0       0       0       0       
      +0       0       0       0       0       0
   477 ;;      Locals:         0       0       0       0       0       0       0       0       0       0       0       0       
      +0       0       0       0       0       0       0       0       0       0       0       0       0       0       0       
      +0       0       0       0       0       0
   478 ;;      Temps:          0       0       0       0       0       0       0       0       0       0       0       0       
      +0       0       0       0       0       0       0       0       0       0       0       0       0       0       0       
      +0       0       0       0       0       0
   479 ;;      Totals:         0       0       0       0       0       0       0       0       0       0       0       0       
      +0       0       0       0       0       0       0       0       0       0       0       0       0       0       0       
      +0       0       0       0       0       0
   480 ;;Total ram usage:        0 bytes
   481 ;; Hardware stack levels used: 1
   482 ;; This function calls:
   483 ;;		Nothing
   484 ;; This function is called by:
   485 ;;		_main
   486 ;; This function uses a non-reentrant model
   487 ;;
   488                           
   489                           	psect	text2
   490   01FE94                     __ptext2:
   491                           	callstack 0
   492   01FE94                     _configuro:
   493                           	callstack 126
   494   01FE94                     
   495                           ;maincode4.c: 12:     OSCCON1 = 0x60;
   496   01FE94  0E60               	movlw	96
   497   01FE96  0100               	movlb	0	; () banked
   498   01FE98  6FAD               	movwf	173,b	;volatile
   499                           
   500                           ;maincode4.c: 13:     OSCFRQ = 0x02;
   501   01FE9A  0E02               	movlw	2
   502   01FE9C  6FB1               	movwf	177,b	;volatile
   503                           
   504                           ;maincode4.c: 14:     OSCEN = 0x40;
   505   01FE9E  0E40               	movlw	64
   506   01FEA0  6FB3               	movwf	179,b	;volatile
   507                           
   508                           ;maincode4.c: 15:     TRISB = 0x80;
   509   01FEA2  0E80               	movlw	128
   510   01FEA4  6EC7               	movwf	199,c	;volatile
   511                           
   512                           ;maincode4.c: 16:     ANSELB = 0x80;
   513   01FEA6  0E80               	movlw	128
   514   01FEA8  0104               	movlb	4	; () banked
   515   01FEAA  6F08               	movwf	8,b	;volatile
   516                           
   517                           ;maincode4.c: 17:     TRISA = 0xF0;
   518   01FEAC  0EF0               	movlw	240
   519   01FEAE  6EC6               	movwf	198,c	;volatile
   520                           
   521                           ;maincode4.c: 18:     ANSELA = 0xF0;
   522   01FEB0  0EF0               	movlw	240
   523   01FEB2  6F00               	movwf	0,b	;volatile
   524   01FEB4                     
   525                           ; BSR set to: 4
   526                           ;maincode4.c: 19:     TRISDbits.TRISD0 = 1;
   527   01FEB4  80C9               	bsf	201,0,c	;volatile
   528   01FEB6                     
   529                           ; BSR set to: 4
   530                           ;maincode4.c: 20:     ANSELDbits.ANSELD0 = 0;
   531   01FEB6  9118               	bcf	24,0,b	;volatile
   532   01FEB8                     
   533                           ; BSR set to: 4
   534                           ;maincode4.c: 21:     WPUDbits.WPUD0 = 1;
   535   01FEB8  8119               	bsf	25,0,b	;volatile
   536   01FEBA                     
   537                           ; BSR set to: 4
   538                           ;maincode4.c: 22:     LATA = 0xFF;
   539   01FEBA  68BE               	setf	190,c	;volatile
   540                           
   541                           ;maincode4.c: 23:     T0CON0 = 0x90;
   542   01FEBC  0E90               	movlw	144
   543   01FEBE  0103               	movlb	3	; () banked
   544   01FEC0  6F1A               	movwf	26,b	;volatile
   545                           
   546                           ;maincode4.c: 24:     T0CON1 = 0x52;
   547   01FEC2  0E52               	movlw	82
   548   01FEC4  6F1B               	movwf	27,b	;volatile
   549                           
   550                           ;maincode4.c: 25:     TMR0H = 0x3C;
   551   01FEC6  0E3C               	movlw	60
   552   01FEC8  6F19               	movwf	25,b	;volatile
   553                           
   554                           ;maincode4.c: 26:     TMR0L = 0xB0;
   555   01FECA  0EB0               	movlw	176
   556   01FECC  6F18               	movwf	24,b	;volatile
   557   01FECE                     
   558                           ; BSR set to: 3
   559   01FECE  0012               	return		;funcret
   560   01FED0                     __end_of_configuro:
   561                           	callstack 0
   562   000000                     
   563                           	psect	rparam
   564   000000                     
   565                           	psect	idloc
   566                           
   567                           ;Config register IDLOC0 @ 0x200000
   568                           ;	unspecified, using default values
   569   200000                     	org	2097152
   570   200000  0FFF               	dw	4095
   571                           
   572                           ;Config register IDLOC1 @ 0x200002
   573                           ;	unspecified, using default values
   574   200002                     	org	2097154
   575   200002  0FFF               	dw	4095
   576                           
   577                           ;Config register IDLOC2 @ 0x200004
   578                           ;	unspecified, using default values
   579   200004                     	org	2097156
   580   200004  0FFF               	dw	4095
   581                           
   582                           ;Config register IDLOC3 @ 0x200006
   583                           ;	unspecified, using default values
   584   200006                     	org	2097158
   585   200006  0FFF               	dw	4095
   586                           
   587                           ;Config register IDLOC4 @ 0x200008
   588                           ;	unspecified, using default values
   589   200008                     	org	2097160
   590   200008  0FFF               	dw	4095
   591                           
   592                           ;Config register IDLOC5 @ 0x20000A
   593                           ;	unspecified, using default values
   594   20000A                     	org	2097162
   595   20000A  0FFF               	dw	4095
   596                           
   597                           ;Config register IDLOC6 @ 0x20000C
   598                           ;	unspecified, using default values
   599   20000C                     	org	2097164
   600   20000C  0FFF               	dw	4095
   601                           
   602                           ;Config register IDLOC7 @ 0x20000E
   603                           ;	unspecified, using default values
   604   20000E                     	org	2097166
   605   20000E  0FFF               	dw	4095
   606                           
   607                           ;Config register IDLOC8 @ 0x200010
   608                           ;	unspecified, using default values
   609   200010                     	org	2097168
   610   200010  0FFF               	dw	4095
   611                           
   612                           ;Config register IDLOC9 @ 0x200012
   613                           ;	unspecified, using default values
   614   200012                     	org	2097170
   615   200012  0FFF               	dw	4095
   616                           
   617                           ;Config register IDLOC10 @ 0x200014
   618                           ;	unspecified, using default values
   619   200014                     	org	2097172
   620   200014  0FFF               	dw	4095
   621                           
   622                           ;Config register IDLOC11 @ 0x200016
   623                           ;	unspecified, using default values
   624   200016                     	org	2097174
   625   200016  0FFF               	dw	4095
   626                           
   627                           ;Config register IDLOC12 @ 0x200018
   628                           ;	unspecified, using default values
   629   200018                     	org	2097176
   630   200018  0FFF               	dw	4095
   631                           
   632                           ;Config register IDLOC13 @ 0x20001A
   633                           ;	unspecified, using default values
   634   20001A                     	org	2097178
   635   20001A  0FFF               	dw	4095
   636                           
   637                           ;Config register IDLOC14 @ 0x20001C
   638                           ;	unspecified, using default values
   639   20001C                     	org	2097180
   640   20001C  0FFF               	dw	4095
   641                           
   642                           ;Config register IDLOC15 @ 0x20001E
   643                           ;	unspecified, using default values
   644   20001E                     	org	2097182
   645   20001E  0FFF               	dw	4095
   646                           
   647                           ;Config register IDLOC16 @ 0x200020
   648                           ;	unspecified, using default values
   649   200020                     	org	2097184
   650   200020  0FFF               	dw	4095
   651                           
   652                           ;Config register IDLOC17 @ 0x200022
   653                           ;	unspecified, using default values
   654   200022                     	org	2097186
   655   200022  0FFF               	dw	4095
   656                           
   657                           ;Config register IDLOC18 @ 0x200024
   658                           ;	unspecified, using default values
   659   200024                     	org	2097188
   660   200024  0FFF               	dw	4095
   661                           
   662                           ;Config register IDLOC19 @ 0x200026
   663                           ;	unspecified, using default values
   664   200026                     	org	2097190
   665   200026  0FFF               	dw	4095
   666                           
   667                           ;Config register IDLOC20 @ 0x200028
   668                           ;	unspecified, using default values
   669   200028                     	org	2097192
   670   200028  0FFF               	dw	4095
   671                           
   672                           ;Config register IDLOC21 @ 0x20002A
   673                           ;	unspecified, using default values
   674   20002A                     	org	2097194
   675   20002A  0FFF               	dw	4095
   676                           
   677                           ;Config register IDLOC22 @ 0x20002C
   678                           ;	unspecified, using default values
   679   20002C                     	org	2097196
   680   20002C  0FFF               	dw	4095
   681                           
   682                           ;Config register IDLOC23 @ 0x20002E
   683                           ;	unspecified, using default values
   684   20002E                     	org	2097198
   685   20002E  0FFF               	dw	4095
   686                           
   687                           ;Config register IDLOC24 @ 0x200030
   688                           ;	unspecified, using default values
   689   200030                     	org	2097200
   690   200030  0FFF               	dw	4095
   691                           
   692                           ;Config register IDLOC25 @ 0x200032
   693                           ;	unspecified, using default values
   694   200032                     	org	2097202
   695   200032  0FFF               	dw	4095
   696                           
   697                           ;Config register IDLOC26 @ 0x200034
   698                           ;	unspecified, using default values
   699   200034                     	org	2097204
   700   200034  0FFF               	dw	4095
   701                           
   702                           ;Config register IDLOC27 @ 0x200036
   703                           ;	unspecified, using default values
   704   200036                     	org	2097206
   705   200036  0FFF               	dw	4095
   706                           
   707                           ;Config register IDLOC28 @ 0x200038
   708                           ;	unspecified, using default values
   709   200038                     	org	2097208
   710   200038  0FFF               	dw	4095
   711                           
   712                           ;Config register IDLOC29 @ 0x20003A
   713                           ;	unspecified, using default values
   714   20003A                     	org	2097210
   715   20003A  0FFF               	dw	4095
   716                           
   717                           ;Config register IDLOC30 @ 0x20003C
   718                           ;	unspecified, using default values
   719   20003C                     	org	2097212
   720   20003C  0FFF               	dw	4095
   721                           
   722                           ;Config register IDLOC31 @ 0x20003E
   723                           ;	unspecified, using default values
   724   20003E                     	org	2097214
   725   20003E  0FFF               	dw	4095
   726                           
   727                           	psect	config
   728                           
   729                           ;Config register CONFIG1 @ 0x300000
   730                           ;	External Oscillator Selection
   731                           ;	FEXTOSC = ECH, EC (external clock) above 8 MHz
   732                           ;	Reset Oscillator Selection
   733                           ;	RSTOSC = EXTOSC, EXTOSC operating per FEXTOSC bits (device manufacturing default)
   734   300000                     	org	3145728
   735   300000  FF                 	db	255
   736                           
   737                           ;Config register CONFIG2 @ 0x300001
   738                           ;	Clock out Enable bit
   739                           ;	CLKOUTEN = OFF, CLKOUT function is disabled
   740                           ;	PRLOCKED One-Way Set Enable bit
   741                           ;	PR1WAY = ON, PRLOCKED bit can be cleared and set only once
   742                           ;	Clock Switch Enable bit
   743                           ;	CSWEN = ON, Writing to NOSC and NDIV is allowed
   744                           ;	Fail-Safe Clock Monitor Enable bit
   745                           ;	FCMEN = ON, Fail-Safe Clock Monitor enabled
   746   300001                     	org	3145729
   747   300001  FF                 	db	255
   748                           
   749                           ;Config register CONFIG3 @ 0x300002
   750                           ;	MCLR Enable bit
   751                           ;	MCLRE = EXTMCLR, If LVP = 0, MCLR pin is MCLR; If LVP = 1, RE3 pin function is MCLR
   752                           ;	Power-up timer selection bits
   753                           ;	PWRTS = PWRT_16, PWRT set at 16ms
   754                           ;	Multi-vector enable bit
   755                           ;	MVECEN = ON, Multi-vector enabled, Vector table used for interrupts
   756                           ;	IVTLOCK bit One-way set enable bit
   757                           ;	IVT1WAY = ON, IVTLOCKED bit can be cleared and set only once
   758                           ;	Low Power BOR Enable bit
   759                           ;	LPBOREN = OFF, Low-Power BOR disabled
   760                           ;	Brown-out Reset Enable bits
   761                           ;	BOREN = OFF, Brown-out Reset disabled
   762   300002                     	org	3145730
   763   300002  3B                 	db	59
   764                           
   765                           ;Config register CONFIG4 @ 0x300003
   766                           ;	Brown-out Reset Voltage Selection bits
   767                           ;	BORV = VBOR_1P9, Brown-out Reset Voltage (VBOR) set to 1.9V
   768                           ;	ZCD Disable bit
   769                           ;	ZCD = OFF, ZCD module is disabled. ZCD can be enabled by setting the ZCDSEN bit of ZCD
      +                          CON
   770                           ;	PPSLOCK bit One-Way Set Enable bit
   771                           ;	PPS1WAY = ON, PPSLOCKED bit can be cleared and set only once; PPS registers remain loc
      +                          ked after one clear/set cycle
   772                           ;	Stack Full/Underflow Reset Enable bit
   773                           ;	STVREN = ON, Stack full/underflow will cause Reset
   774                           ;	Low Voltage Programming Enable bit
   775                           ;	LVP = OFF, HV on MCLR/VPP must be used for programming
   776                           ;	Extended Instruction Set Enable bit
   777                           ;	XINST = OFF, Extended Instruction Set and Indexed Addressing Mode disabled
   778   300003                     	org	3145731
   779   300003  DF                 	db	223
   780                           
   781                           ;Config register CONFIG5 @ 0x300004
   782                           ;	WDT Period selection bits
   783                           ;	WDTCPS = WDTCPS_31, Divider ratio 1:65536; software control of WDTPS
   784                           ;	WDT operating mode
   785                           ;	WDTE = OFF, WDT Disabled; SWDTEN is ignored
   786   300004                     	org	3145732
   787   300004  9F                 	db	159
   788                           
   789                           ;Config register CONFIG6 @ 0x300005
   790                           ;	WDT Window Select bits
   791                           ;	WDTCWS = WDTCWS_7, window always open (100%); software control; keyed access not requi
      +                          red
   792                           ;	WDT input clock selector
   793                           ;	WDTCCS = SC, Software Control
   794   300005                     	org	3145733
   795   300005  FF                 	db	255
   796                           
   797                           ;Config register CONFIG7 @ 0x300006
   798                           ;	Boot Block Size selection bits
   799                           ;	BBSIZE = BBSIZE_512, Boot Block size is 512 words
   800                           ;	Boot Block enable bit
   801                           ;	BBEN = OFF, Boot block disabled
   802                           ;	Storage Area Flash enable bit
   803                           ;	SAFEN = OFF, SAF disabled
   804                           ;	Background Debugger
   805                           ;	DEBUG = OFF, Background Debugger disabled
   806   300006                     	org	3145734
   807   300006  FF                 	db	255
   808                           
   809                           ;Config register CONFIG8 @ 0x300007
   810                           ;	Boot Block Write Protection bit
   811                           ;	WRTB = OFF, Boot Block not Write protected
   812                           ;	Configuration Register Write Protection bit
   813                           ;	WRTC = OFF, Configuration registers not Write protected
   814                           ;	Data EEPROM Write Protection bit
   815                           ;	WRTD = OFF, Data EEPROM not Write protected
   816                           ;	SAF Write protection bit
   817                           ;	WRTSAF = OFF, SAF not Write Protected
   818                           ;	Application Block write protection bit
   819                           ;	WRTAPP = OFF, Application Block not write protected
   820   300007                     	org	3145735
   821   300007  FF                 	db	255
   822                           
   823                           ; Padding undefined space
   824   300008                     	org	3145736
   825   300008  FF                 	db	255
   826                           
   827                           ;Config register CONFIG10 @ 0x300009
   828                           ;	PFM and Data EEPROM Code Protection bit
   829                           ;	CP = OFF, PFM and Data EEPROM code protection disabled
   830   300009                     	org	3145737
   831   300009  FF                 	db	255
   832                           tosu	equ	0x4FF
   833                           tosh	equ	0x4FE
   834                           tosl	equ	0x4FD
   835                           stkptr	equ	0x4FC
   836                           pclatu	equ	0x4FB
   837                           pclath	equ	0x4FA
   838                           pcl	equ	0x4F9
   839                           tblptru	equ	0x4F8
   840                           tblptrh	equ	0x4F7
   841                           tblptrl	equ	0x4F6
   842                           tablat	equ	0x4F5
   843                           prodh	equ	0x4F4
   844                           prodl	equ	0x4F3
   845                           indf0	equ	0x4EF
   846                           postinc0	equ	0x4EE
   847                           postdec0	equ	0x4ED
   848                           preinc0	equ	0x4EC
   849                           plusw0	equ	0x4EB
   850                           fsr0h	equ	0x4EA
   851                           fsr0l	equ	0x4E9
   852                           wreg	equ	0x4E8
   853                           indf1	equ	0x4E7
   854                           postinc1	equ	0x4E6
   855                           postdec1	equ	0x4E5
   856                           preinc1	equ	0x4E4
   857                           plusw1	equ	0x4E3
   858                           fsr1h	equ	0x4E2
   859                           fsr1l	equ	0x4E1
   860                           bsr	equ	0x4E0
   861                           indf2	equ	0x4DF
   862                           postinc2	equ	0x4DE
   863                           postdec2	equ	0x4DD
   864                           preinc2	equ	0x4DC
   865                           plusw2	equ	0x4DB
   866                           fsr2h	equ	0x4DA
   867                           fsr2l	equ	0x4D9
   868                           status	equ	0x4D8

Data Sizes:
    Strings     0
    Constant    0
    Data        38
    BSS         1
    Persistent  0
    Stack       0

Auto Spaces:
    Space          Size  Autos    Used
    COMRAM           95      2      41
    BANK5           160      0       0
    BANK6           256      0       0
    BANK7           256      0       0
    BANK8           256      0       0
    BANK9           256      0       0
    BANK10          256      0       0
    BANK11          256      0       0
    BANK12          256      0       0
    BANK13          256      0       0
    BANK14          256      0       0
    BANK15          256      0       0
    BANK16          256      0       0
    BANK17          256      0       0
    BANK18          256      0       0
    BANK19          256      0       0
    BANK20          256      0       0
    BANK21          256      0       0
    BANK22          256      0       0
    BANK23          256      0       0
    BANK24          256      0       0
    BANK25          256      0       0
    BANK26          256      0       0
    BANK27          256      0       0
    BANK28          256      0       0
    BANK29          256      0       0
    BANK30          256      0       0
    BANK31          256      0       0
    BANK32          256      0       0
    BANK33          256      0       0
    BANK34          256      0       0
    BANK35          256      0       0
    BANK36          256      0       0

Pointer List with Targets:

    None.

Critical Paths under _main in COMRAM

    _main->_multiplex

Critical Paths under _main in BANK5

    None.

Critical Paths under _main in BANK6

    None.

Critical Paths under _main in BANK7

    None.

Critical Paths under _main in BANK8

    None.

Critical Paths under _main in BANK9

    None.

Critical Paths under _main in BANK10

    None.

Critical Paths under _main in BANK11

    None.

Critical Paths under _main in BANK12

    None.

Critical Paths under _main in BANK13

    None.

Critical Paths under _main in BANK14

    None.

Critical Paths under _main in BANK15

    None.

Critical Paths under _main in BANK16

    None.

Critical Paths under _main in BANK17

    None.

Critical Paths under _main in BANK18

    None.

Critical Paths under _main in BANK19

    None.

Critical Paths under _main in BANK20

    None.

Critical Paths under _main in BANK21

    None.

Critical Paths under _main in BANK22

    None.

Critical Paths under _main in BANK23

    None.

Critical Paths under _main in BANK24

    None.

Critical Paths under _main in BANK25

    None.

Critical Paths under _main in BANK26

    None.

Critical Paths under _main in BANK27

    None.

Critical Paths under _main in BANK28

    None.

Critical Paths under _main in BANK29

    None.

Critical Paths under _main in BANK30

    None.

Critical Paths under _main in BANK31

    None.

Critical Paths under _main in BANK32

    None.

Critical Paths under _main in BANK33

    None.

Critical Paths under _main in BANK34

    None.

Critical Paths under _main in BANK35

    None.

Critical Paths under _main in BANK36

    None.

Call Graph Tables:

 ---------------------------------------------------------------------------------
 (Depth) Function   	        Calls       Base Space   Used Autos Params    Refs
 ---------------------------------------------------------------------------------
 (0) _main                                                 0     0      0       0
                          _configuro
                          _multiplex
 ---------------------------------------------------------------------------------
 (1) _multiplex                                            2     2      0       0
                                              0 COMRAM     2     2      0
 ---------------------------------------------------------------------------------
 (1) _configuro                                            0     0      0       0
 ---------------------------------------------------------------------------------
 Estimated maximum stack depth 1
 ---------------------------------------------------------------------------------

 Call Graph Graphs:

 _main (ROOT)
   _configuro
   _multiplex

 Address spaces:
Name               Size   Autos  Total    Cost      Usage
BIGRAM            1FFF      0       0      70        0.0%
EEDATA             400      0       0       0        0.0%
BITBIGSFRhhhlll    264      0       0      79        0.0%
BITBIGSFR_1        100      0       0      69        0.0%
BITBANK36          100      0       0      67        0.0%
BANK36             100      0       0      68        0.0%
BITBANK35          100      0       0      65        0.0%
BANK35             100      0       0      66        0.0%
BITBANK34          100      0       0      63        0.0%
BANK34             100      0       0      64        0.0%
BITBANK33          100      0       0      61        0.0%
BANK33             100      0       0      62        0.0%
BITBANK32          100      0       0      59        0.0%
BANK32             100      0       0      60        0.0%
BITBANK31          100      0       0      56        0.0%
BANK31             100      0       0      57        0.0%
BITBANK30          100      0       0      54        0.0%
BANK30             100      0       0      55        0.0%
BITBANK29          100      0       0      52        0.0%
BANK29             100      0       0      53        0.0%
BITBANK28          100      0       0      50        0.0%
BANK28             100      0       0      51        0.0%
BITBANK27          100      0       0      48        0.0%
BANK27             100      0       0      49        0.0%
BITBANK26          100      0       0      46        0.0%
BANK26             100      0       0      47        0.0%
BITBANK25          100      0       0      44        0.0%
BANK25             100      0       0      45        0.0%
BITBANK24          100      0       0      42        0.0%
BANK24             100      0       0      43        0.0%
BITBANK23          100      0       0      40        0.0%
BANK23             100      0       0      41        0.0%
BITBANK22          100      0       0      38        0.0%
BANK22             100      0       0      39        0.0%
BITBANK21          100      0       0      36        0.0%
BANK21             100      0       0      37        0.0%
BITBANK20          100      0       0      34        0.0%
BANK20             100      0       0      35        0.0%
BITBANK19          100      0       0      32        0.0%
BANK19             100      0       0      33        0.0%
BITBANK18          100      0       0      30        0.0%
BANK18             100      0       0      31        0.0%
BITBANK17          100      0       0      28        0.0%
BANK17             100      0       0      29        0.0%
BITBANK16          100      0       0      26        0.0%
BANK16             100      0       0      27        0.0%
BITBANK15          100      0       0      24        0.0%
BANK15             100      0       0      25        0.0%
BITBANK14          100      0       0      22        0.0%
BANK14             100      0       0      23        0.0%
BITBANK13          100      0       0      20        0.0%
BANK13             100      0       0      21        0.0%
BITBANK12          100      0       0      18        0.0%
BANK12             100      0       0      19        0.0%
BITBANK11          100      0       0      16        0.0%
BANK11             100      0       0      17        0.0%
BITBANK10          100      0       0      14        0.0%
BANK10             100      0       0      15        0.0%
BITBANK9           100      0       0      12        0.0%
BANK9              100      0       0      13        0.0%
BITBANK8           100      0       0      10        0.0%
BANK8              100      0       0      11        0.0%
BITBANK7           100      0       0       8        0.0%
BANK7              100      0       0       9        0.0%
BITBANK6           100      0       0       6        0.0%
BANK6              100      0       0       7        0.0%
BITBIGSFRhhhlll     E4      0       0      78        0.0%
BITBIGSFRl          AD      0       0      82        0.0%
BITBANK5            A0      0       0       4        0.0%
BANK5               A0      0       0       5        0.0%
BITBIGSFRhhhlhh     97      0       0      75        0.0%
BITCOMRAM           5F      0       0       0        0.0%
COMRAM              5F      2      29       1       43.2%
BITBIGSFRhhhhh      36      0       0      71        0.0%
BITBIGSFRhhhlhl      F      0       0      76        0.0%
BITBIGSFRhhhlhh      C      0       0      74        0.0%
BITBIGSFRhhhllh      7      0       0      77        0.0%
BITBIGSFRhhhlhh      6      0       0      73        0.0%
BITBIGSFRhl          3      0       0      81        0.0%
BITBIGSFRhhhhl       1      0       0      72        0.0%
BITBIGSFRhhl         1      0       0      80        0.0%
BIGSFR_1             0      0       0     200        0.0%
BIGSFR               0      0       0     200        0.0%
BITSFR_6             0      0       0     200        0.0%
SFR_6                0      0       0     200        0.0%
BITSFR_5             0      0       0     200        0.0%
SFR_5                0      0       0     200        0.0%
BITSFR_4             0      0       0     200        0.0%
SFR_4                0      0       0     200        0.0%
BITSFR_3             0      0       0     200        0.0%
SFR_3                0      0       0     200        0.0%
BITSFR_2             0      0       0     200        0.0%
SFR_2                0      0       0     200        0.0%
BITSFR_1             0      0       0     200        0.0%
SFR_1                0      0       0     200        0.0%
BITSFR               0      0       0     200        0.0%
SFR                  0      0       0     200        0.0%
STACK                0      0       0       2        0.0%
NULL                 0      0       0       0        0.0%
ABS                  0      0      29      58        0.0%
DATA                 0      0      29       3        0.0%
CODE                 0      0       0       0        0.0%


Microchip Technology PIC18 Macro Assembler V2.41 build 20230208172133 
Symbol Table                                                                                   Mon Apr 24 12:30:49 2023

                     l45 FECE                       l48 FFFA                       l56 FEEA  
                     u10 FEEA                       u11 FEE6                       u20 FF08  
                     u21 FF04                       u37 FF46                       u47 FF7E  
                     u57 FFB6                       u67 FFEE                      l741 FEB6  
                    l743 FEB8                      l751 FF40                      l745 FEBA  
                    l737 FE94                      l761 FF8A                      l753 FF50  
                    l739 FEB4                      l771 FFE8                      l763 FFAC  
                    l755 FF52                      l747 FF1A                      l773 FFF8  
                    l765 FFB0                      l757 FF74                      l749 FF3C  
                    l781 FEEC                      l767 FFC0                      l759 FF88  
                    l783 FEF6                      l775 FED0                      l769 FFC2  
                    l785 FF08                      l777 FED8                      l787 FF10  
                    l779 FEDC                      wreg 04E8                     _LATA 04BE  
                   _LATB 04BF                     _main FED0                     indf2 04DF  
                   fsr1l 04E1                     fsr2l 04D9                     start FFFC  
           ___param_bank 0000                    ?_main 0527                    _OSCEN 00B3  
                  _TMR0H 0319                    _TMR0L 0318                    _TRISA 04C6  
                  _TRISB 04C7                    _decod 0501                    _texto 051B  
                  tablat 04F5                    status 04D8          __initialization FE6C  
           __end_of_main FF1A                   ??_main 0529            __activetblptr 0000  
                 _ANSELA 0400                   _ANSELB 0408                   _T0CON0 031A  
                 _T0CON1 031B                   _OSCFRQ 00B1                   isa$std 0001  
           __pdataCOMRAM 0501                   tblptrh 04F7                   tblptrl 04F6  
                 tblptru 04F8               __accesstop 0560  __end_of__initialization FE8E  
          ___rparam_used 0001           __pcstackCOMRAM 0527                  _OSCCON1 00AD  
                __Hparam 0000                  __Lparam 0000        __end_of_configuro FED0  
                __pcinit FE6C                  __ramtop 2600                  __ptext0 FED0  
                __ptext1 FF1A                  __ptext2 FE94     end_of_initialization FE8E  
      __end_of_multiplex FFFC                  postdec1 04E5                  postinc0 04EE  
              _TRISDbits 04C9            __pidataCOMRAM FE46      start_initialization FE6C  
            __pbssCOMRAM 0529                _configuro FE94                 _PIR3bits 04B1  
              _multiplex FF1A               ?_configuro 0527                 _WPUDbits 0419  
              copy_data0 FE80                 __Hrparam 0000                 __Lrparam 0000  
             ?_multiplex 0527               _ANSELDbits 0418                 _desplaza 0529  
               isa$xinst 0000              ??_configuro 0527              ??_multiplex 0527  
