

Microchip MPLAB XC8 Assembler V2.46 build 20240104201356 
                                                                                               Mon Aug 26 11:42:23 2024

Microchip MPLAB XC8 C Compiler v2.46 (Free license) build 20240104201356 Og1 
     1                           	processor	18F57Q43
     2                           	fnconf	rparam,??,?,0
     3                           	pagewidth 120
     4                           	opt	flic
     5                           	psect	cinit,global,reloc=2,class=CODE,delta=1
     6                           	psect	cstackCOMRAM,global,class=COMRAM,space=1,delta=1,lowdata,noexec
     7                           	psect	text0,global,reloc=2,class=CODE,delta=1
     8                           	psect	text1,global,reloc=2,class=CODE,delta=1
     9                           	psect	smallconst,global,reloc=2,class=SMALLCONST,delta=1,noexec
    10                           	psect	intsave_regs,global,class=BIGRAM,space=1,delta=1,noexec
    11                           	psect	rparam,global,class=COMRAM,space=1,delta=1,noexec
    12                           	psect	config,global,abs,ovrld,class=CONFIG,space=4,delta=1,noexec
    13   000000                     
    14                           ; Generated 18/12/2023 GMT
    15                           ; 
    16                           ; Copyright © 2023, Microchip Technology Inc. and its subsidiaries ("Microchip")
    17                           ; All rights reserved.
    18                           ; 
    19                           ; This software is developed by Microchip Technology Inc. and its subsidiaries ("Microch
      +                          ip").
    20                           ; 
    21                           ; Redistribution and use in source and binary forms, with or without modification, are
    22                           ; permitted provided that the following conditions are met:
    23                           ; 
    24                           ;     1. Redistributions of source code must retain the above copyright notice, this lis
      +                          t of
    25                           ;        conditions and the following disclaimer.
    26                           ; 
    27                           ;     2. Redistributions in binary form must reproduce the above copyright notice, this 
      +                          list
    28                           ;        of conditions and the following disclaimer in the documentation and/or other
    29                           ;        materials provided with the distribution. Publication is not required when
    30                           ;        this file is used in an embedded application.
    31                           ; 
    32                           ;     3. Microchip's name may not be used to endorse or promote products derived from th
      +                          is
    33                           ;        software without specific prior written permission.
    34                           ; 
    35                           ; THIS SOFTWARE IS PROVIDED BY MICROCHIP "AS IS" AND ANY EXPRESS OR IMPLIED WARRANTIES,
    36                           ; INCLUDING, BUT NOT LIMITED TO, THE IMPLIED WARRANTIES OF MERCHANTABILITY AND FITNESS F
      +                          OR
    37                           ; PURPOSE ARE DISCLAIMED.  IN NO EVENT SHALL MICROCHIP BE LIABLE FOR ANY DIRECT, INDIREC
      +                          T,
    38                           ; INCIDENTAL, SPECIAL, EXEMPLARY, OR CONSEQUENTIAL DAMAGES (INCLUDING BUT NOT LIMITED TO
    39                           ; PROCUREMENT OF SUBSTITUTE GOODS OR SERVICES; LOSS OF USE, DATA OR PROFITS; OR BUSINESS
    40                           ; INTERRUPTION) HOWSOEVER CAUSED AND ON ANY THEORY OF LIABILITY, WHETHER IN CONTRACT, ST
      +                          RICT
    41                           ; LIABILITY, OR TORT (INCLUDING NEGLIGENCE OR OTHERWISE) ARISING IN ANY WAY OUT OF THE U
      +                          SE OF
    42                           ; THIS SOFTWARE, EVEN IF ADVISED OF THE POSSIBILITY OF SUCH DAMAGE.
    43                           ; 
    44                           ; 
    45                           ; Code-generator required, PIC18F57Q43 Definitions
    46                           ; 
    47                           ; SFR Addresses
    48   000000                     _OSCCON1	set	173
    49   000000                     _OSCFRQ	set	177
    50   000000                     _OSCEN	set	179
    51   000000                     _ANSELB	set	1032
    52   000000                     _TRISB	set	1223
    53   000000                     _TRISDbits	set	1225
    54   000000                     _ANSELDbits	set	1048
    55   000000                     _LATB	set	1215
    56                           
    57                           ; #config settings
    58                           
    59                           	psect	cinit
    60   002594                     __pcinit:
    61                           	callstack 0
    62   002594                     start_initialization:
    63                           	callstack 0
    64   002594                     __initialization:
    65                           	callstack 0
    66   002594                     end_of_initialization:
    67                           	callstack 0
    68   002594                     __end_of__initialization:
    69                           	callstack 0
    70   002594  0100               	movlb	0
    71   002596  EF81  F012         	goto	_main	;jump to C main() function
    72                           
    73                           	psect	cstackCOMRAM
    74   000501                     __pcstackCOMRAM:
    75                           	callstack 0
    76   000501                     ??_main:
    77                           
    78                           ; 1 bytes @ 0x0
    79   000501                     	ds	2
    80                           
    81 ;;
    82 ;;Main: autosize = 0, tempsize = 2, incstack = 0, save=0
    83 ;;
    84 ;; *************** function _main *****************
    85 ;; Defined at:
    86 ;;		line 25 in file "maincode002.c"
    87 ;; Parameters:    Size  Location     Type
    88 ;;		None
    89 ;; Auto vars:     Size  Location     Type
    90 ;;		None
    91 ;; Return value:  Size  Location     Type
    92 ;;                  1    wreg      void 
    93 ;; Registers used:
    94 ;;		wreg, status,2, cstack
    95 ;; Tracked objects:
    96 ;;		On entry : 0/0
    97 ;;		On exit  : 0/0
    98 ;;		Unchanged: 0/0
    99 ;; Data sizes:     COMRAM   BANK5   BANK6   BANK7   BANK8   BANK9  BANK10  BANK11  BANK12  BANK13  BANK14  BANK15  BANK1
      +6  BANK17  BANK18  BANK19  BANK20  BANK21  BANK22  BANK23  BANK24  BANK25  BANK26  BANK27  BANK28  BANK29  BANK30  BANK3
      +1  BANK32  BANK33  BANK34  BANK35  BANK36
   100 ;;      Params:         0       0       0       0       0       0       0       0       0       0       0       0       
      +0       0       0       0       0       0       0       0       0       0       0       0       0       0       0       
      +0       0       0       0       0       0
   101 ;;      Locals:         0       0       0       0       0       0       0       0       0       0       0       0       
      +0       0       0       0       0       0       0       0       0       0       0       0       0       0       0       
      +0       0       0       0       0       0
   102 ;;      Temps:          2       0       0       0       0       0       0       0       0       0       0       0       
      +0       0       0       0       0       0       0       0       0       0       0       0       0       0       0       
      +0       0       0       0       0       0
   103 ;;      Totals:         2       0       0       0       0       0       0       0       0       0       0       0       
      +0       0       0       0       0       0       0       0       0       0       0       0       0       0       0       
      +0       0       0       0       0       0
   104 ;;Total ram usage:        2 bytes
   105 ;; Hardware stack levels required when called: 1
   106 ;; This function calls:
   107 ;;		_configuro
   108 ;; This function is called by:
   109 ;;		Startup code after reset
   110 ;; This function uses a non-reentrant model
   111 ;;
   112                           
   113                           	psect	text0
   114   002502                     __ptext0:
   115                           	callstack 0
   116   002502                     _main:
   117                           	callstack 126
   118   002502                     
   119                           ;maincode002.c: 26:     configuro();
   120   002502  ECBB  F012         	call	_configuro	;wreg free
   121   002506                     l713:
   122                           
   123                           ;maincode002.c: 28:         LATB = 0x3E;
   124   002506  0E3E               	movlw	62
   125   002508  6EBF               	movwf	191,c	;volatile
   126   00250A                     
   127                           ;maincode002.c: 29:         _delay((unsigned long)((500)*(4000000UL/4000.0)));
   128   00250A  0E03               	movlw	3
   129   00250C  6E02               	movwf	(??_main+1)^(0+1280),c
   130   00250E  0E8A               	movlw	138
   131   002510  6E01               	movwf	??_main^(0+1280),c
   132   002512  0E56               	movlw	86
   133   002514                     u17:
   134   002514  2EE8               	decfsz	wreg,f,c
   135   002516  D7FE               	bra	u17
   136   002518  2E01               	decfsz	??_main^(0+1280),f,c
   137   00251A  D7FC               	bra	u17
   138   00251C  2E02               	decfsz	(??_main+1)^(0+1280),f,c
   139   00251E  D7FA               	bra	u17
   140   002520                     
   141                           ;maincode002.c: 30:         LATB = 0x73;
   142   002520  0E73               	movlw	115
   143   002522  6EBF               	movwf	191,c	;volatile
   144   002524                     
   145                           ;maincode002.c: 31:         _delay((unsigned long)((500)*(4000000UL/4000.0)));
   146   002524  0E03               	movlw	3
   147   002526  6E02               	movwf	(??_main+1)^(0+1280),c
   148   002528  0E8A               	movlw	138
   149   00252A  6E01               	movwf	??_main^(0+1280),c
   150   00252C  0E56               	movlw	86
   151   00252E                     u27:
   152   00252E  2EE8               	decfsz	wreg,f,c
   153   002530  D7FE               	bra	u27
   154   002532  2E01               	decfsz	??_main^(0+1280),f,c
   155   002534  D7FC               	bra	u27
   156   002536  2E02               	decfsz	(??_main+1)^(0+1280),f,c
   157   002538  D7FA               	bra	u27
   158   00253A                     
   159                           ;maincode002.c: 32:         LATB = 0x77;
   160   00253A  0E77               	movlw	119
   161   00253C  6EBF               	movwf	191,c	;volatile
   162   00253E                     
   163                           ;maincode002.c: 33:         _delay((unsigned long)((500)*(4000000UL/4000.0)));
   164   00253E  0E03               	movlw	3
   165   002540  6E02               	movwf	(??_main+1)^(0+1280),c
   166   002542  0E8A               	movlw	138
   167   002544  6E01               	movwf	??_main^(0+1280),c
   168   002546  0E56               	movlw	86
   169   002548                     u37:
   170   002548  2EE8               	decfsz	wreg,f,c
   171   00254A  D7FE               	bra	u37
   172   00254C  2E01               	decfsz	??_main^(0+1280),f,c
   173   00254E  D7FC               	bra	u37
   174   002550  2E02               	decfsz	(??_main+1)^(0+1280),f,c
   175   002552  D7FA               	bra	u37
   176   002554                     
   177                           ;maincode002.c: 34:         LATB = 0x3F;
   178   002554  0E3F               	movlw	63
   179   002556  6EBF               	movwf	191,c	;volatile
   180   002558                     
   181                           ;maincode002.c: 35:         _delay((unsigned long)((500)*(4000000UL/4000.0)));
   182   002558  0E03               	movlw	3
   183   00255A  6E02               	movwf	(??_main+1)^(0+1280),c
   184   00255C  0E8A               	movlw	138
   185   00255E  6E01               	movwf	??_main^(0+1280),c
   186   002560  0E56               	movlw	86
   187   002562                     u47:
   188   002562  2EE8               	decfsz	wreg,f,c
   189   002564  D7FE               	bra	u47
   190   002566  2E01               	decfsz	??_main^(0+1280),f,c
   191   002568  D7FC               	bra	u47
   192   00256A  2E02               	decfsz	(??_main+1)^(0+1280),f,c
   193   00256C  D7FA               	bra	u47
   194   00256E  EF83  F012         	goto	l713
   195   002572  EFFE  F0FF         	goto	start
   196   002576                     __end_of_main:
   197                           	callstack 0
   198                           
   199 ;; *************** function _configuro *****************
   200 ;; Defined at:
   201 ;;		line 13 in file "maincode002.c"
   202 ;; Parameters:    Size  Location     Type
   203 ;;		None
   204 ;; Auto vars:     Size  Location     Type
   205 ;;		None
   206 ;; Return value:  Size  Location     Type
   207 ;;                  1    wreg      void 
   208 ;; Registers used:
   209 ;;		wreg, status,2
   210 ;; Tracked objects:
   211 ;;		On entry : 0/0
   212 ;;		On exit  : 0/0
   213 ;;		Unchanged: 0/0
   214 ;; Data sizes:     COMRAM   BANK5   BANK6   BANK7   BANK8   BANK9  BANK10  BANK11  BANK12  BANK13  BANK14  BANK15  BANK1
      +6  BANK17  BANK18  BANK19  BANK20  BANK21  BANK22  BANK23  BANK24  BANK25  BANK26  BANK27  BANK28  BANK29  BANK30  BANK3
      +1  BANK32  BANK33  BANK34  BANK35  BANK36
   215 ;;      Params:         0       0       0       0       0       0       0       0       0       0       0       0       
      +0       0       0       0       0       0       0       0       0       0       0       0       0       0       0       
      +0       0       0       0       0       0
   216 ;;      Locals:         0       0       0       0       0       0       0       0       0       0       0       0       
      +0       0       0       0       0       0       0       0       0       0       0       0       0       0       0       
      +0       0       0       0       0       0
   217 ;;      Temps:          0       0       0       0       0       0       0       0       0       0       0       0       
      +0       0       0       0       0       0       0       0       0       0       0       0       0       0       0       
      +0       0       0       0       0       0
   218 ;;      Totals:         0       0       0       0       0       0       0       0       0       0       0       0       
      +0       0       0       0       0       0       0       0       0       0       0       0       0       0       0       
      +0       0       0       0       0       0
   219 ;;Total ram usage:        0 bytes
   220 ;; Hardware stack levels used: 1
   221 ;; This function calls:
   222 ;;		Nothing
   223 ;; This function is called by:
   224 ;;		_main
   225 ;; This function uses a non-reentrant model
   226 ;;
   227                           
   228                           	psect	text1
   229   002576                     __ptext1:
   230                           	callstack 0
   231   002576                     _configuro:
   232                           	callstack 126
   233   002576                     
   234                           ;maincode002.c: 15:     OSCCON1 = 0x60;
   235   002576  0E60               	movlw	96
   236   002578  0100               	movlb	0	; () banked
   237   00257A  6FAD               	movwf	173,b	;volatile
   238                           
   239                           ;maincode002.c: 16:     OSCFRQ = 0x02;
   240   00257C  0E02               	movlw	2
   241   00257E  6FB1               	movwf	177,b	;volatile
   242                           
   243                           ;maincode002.c: 17:     OSCEN = 0x40;
   244   002580  0E40               	movlw	64
   245   002582  6FB3               	movwf	179,b	;volatile
   246                           
   247                           ;maincode002.c: 19:     TRISB = 0x00;
   248   002584  0E00               	movlw	0
   249   002586  6EC7               	movwf	199,c	;volatile
   250                           
   251                           ;maincode002.c: 20:     ANSELB = 0x00;
   252   002588  0E00               	movlw	0
   253   00258A  0104               	movlb	4	; () banked
   254   00258C  6F08               	movwf	8,b	;volatile
   255   00258E                     
   256                           ; BSR set to: 4
   257                           ;maincode002.c: 21:     TRISDbits.TRISD0 = 1;
   258   00258E  80C9               	bsf	201,0,c	;volatile
   259   002590                     
   260                           ; BSR set to: 4
   261                           ;maincode002.c: 22:     ANSELDbits.ANSELD0 = 0;
   262   002590  9118               	bcf	24,0,b	;volatile
   263   002592                     
   264                           ; BSR set to: 4
   265   002592  0012               	return		;funcret
   266   002594                     __end_of_configuro:
   267                           	callstack 0
   268                           
   269                           	psect	smallconst
   270   002500                     __psmallconst:
   271                           	callstack 0
   272   002500  00                 	db	0
   273   002501  00                 	db	0	; dummy byte at the end
   274   000000                     
   275                           	psect	rparam
   276   000000                     
   277                           	psect	config
   278                           
   279                           ;Config register CONFIG1 @ 0x300000
   280                           ;	External Oscillator Selection
   281                           ;	FEXTOSC = ECH, EC (external clock) above 8 MHz
   282                           ;	Reset Oscillator Selection
   283                           ;	RSTOSC = EXTOSC, EXTOSC operating per FEXTOSC bits (device manufacturing default)
   284   300000                     	org	3145728
   285   300000  FF                 	db	255
   286                           
   287                           ;Config register CONFIG2 @ 0x300001
   288                           ;	Clock out Enable bit
   289                           ;	CLKOUTEN = OFF, CLKOUT function is disabled
   290                           ;	PRLOCKED One-Way Set Enable bit
   291                           ;	PR1WAY = ON, PRLOCKED bit can be cleared and set only once
   292                           ;	Clock Switch Enable bit
   293                           ;	CSWEN = ON, Writing to NOSC and NDIV is allowed
   294                           ;	Fail-Safe Clock Monitor Enable bit
   295                           ;	FCMEN = ON, Fail-Safe Clock Monitor enabled
   296   300001                     	org	3145729
   297   300001  FF                 	db	255
   298                           
   299                           ;Config register CONFIG3 @ 0x300002
   300                           ;	MCLR Enable bit
   301                           ;	MCLRE = EXTMCLR, If LVP = 0, MCLR pin is MCLR; If LVP = 1, RE3 pin function is MCLR
   302                           ;	Power-up timer selection bits
   303                           ;	PWRTS = PWRT_16, PWRT set at 16ms
   304                           ;	Multi-vector enable bit
   305                           ;	MVECEN = ON, Multi-vector enabled, Vector table used for interrupts
   306                           ;	IVTLOCK bit One-way set enable bit
   307                           ;	IVT1WAY = ON, IVTLOCKED bit can be cleared and set only once
   308                           ;	Low Power BOR Enable bit
   309                           ;	LPBOREN = OFF, Low-Power BOR disabled
   310                           ;	Brown-out Reset Enable bits
   311                           ;	BOREN = OFF, Brown-out Reset disabled
   312   300002                     	org	3145730
   313   300002  3B                 	db	59
   314                           
   315                           ;Config register CONFIG4 @ 0x300003
   316                           ;	Brown-out Reset Voltage Selection bits
   317                           ;	BORV = VBOR_1P9, Brown-out Reset Voltage (VBOR) set to 1.9V
   318                           ;	ZCD Disable bit
   319                           ;	ZCD = OFF, ZCD module is disabled. ZCD can be enabled by setting the ZCDSEN bit of ZCD
      +                          CON
   320                           ;	PPSLOCK bit One-Way Set Enable bit
   321                           ;	PPS1WAY = ON, PPSLOCKED bit can be cleared and set only once; PPS registers remain loc
      +                          ked after one clear/set cycle
   322                           ;	Stack Full/Underflow Reset Enable bit
   323                           ;	STVREN = ON, Stack full/underflow will cause Reset
   324                           ;	Low Voltage Programming Enable bit
   325                           ;	LVP = OFF, HV on MCLR/VPP must be used for programming
   326                           ;	Extended Instruction Set Enable bit
   327                           ;	XINST = OFF, Extended Instruction Set and Indexed Addressing Mode disabled
   328   300003                     	org	3145731
   329   300003  DF                 	db	223
   330                           
   331                           ;Config register CONFIG5 @ 0x300004
   332                           ;	WDT Period selection bits
   333                           ;	WDTCPS = WDTCPS_31, Divider ratio 1:65536; software control of WDTPS
   334                           ;	WDT operating mode
   335                           ;	WDTE = OFF, WDT Disabled; SWDTEN is ignored
   336   300004                     	org	3145732
   337   300004  9F                 	db	159
   338                           
   339                           ;Config register CONFIG6 @ 0x300005
   340                           ;	WDT Window Select bits
   341                           ;	WDTCWS = WDTCWS_7, window always open (100%); software control; keyed access not requi
      +                          red
   342                           ;	WDT input clock selector
   343                           ;	WDTCCS = SC, Software Control
   344   300005                     	org	3145733
   345   300005  FF                 	db	255
   346                           
   347                           ;Config register CONFIG7 @ 0x300006
   348                           ;	Boot Block Size selection bits
   349                           ;	BBSIZE = BBSIZE_512, Boot Block size is 512 words
   350                           ;	Boot Block enable bit
   351                           ;	BBEN = OFF, Boot block disabled
   352                           ;	Storage Area Flash enable bit
   353                           ;	SAFEN = OFF, SAF disabled
   354                           ;	Background Debugger
   355                           ;	DEBUG = OFF, Background Debugger disabled
   356   300006                     	org	3145734
   357   300006  FF                 	db	255
   358                           
   359                           ;Config register CONFIG8 @ 0x300007
   360                           ;	Boot Block Write Protection bit
   361                           ;	WRTB = OFF, Boot Block not Write protected
   362                           ;	Configuration Register Write Protection bit
   363                           ;	WRTC = OFF, Configuration registers not Write protected
   364                           ;	Data EEPROM Write Protection bit
   365                           ;	WRTD = OFF, Data EEPROM not Write protected
   366                           ;	SAF Write protection bit
   367                           ;	WRTSAF = OFF, SAF not Write Protected
   368                           ;	Application Block write protection bit
   369                           ;	WRTAPP = OFF, Application Block not write protected
   370   300007                     	org	3145735
   371   300007  FF                 	db	255
   372                           
   373                           ;Config register CONFIG10 @ 0x300009
   374                           ;	PFM and Data EEPROM Code Protection bit
   375                           ;	CP = OFF, PFM and Data EEPROM code protection disabled
   376   300009                     	org	3145737
   377   300009  FF                 	db	255
   378                           tosu	equ	0x4FF
   379                           tosh	equ	0x4FE
   380                           tosl	equ	0x4FD
   381                           stkptr	equ	0x4FC
   382                           pclatu	equ	0x4FB
   383                           pclath	equ	0x4FA
   384                           pcl	equ	0x4F9
   385                           tblptru	equ	0x4F8
   386                           tblptrh	equ	0x4F7
   387                           tblptrl	equ	0x4F6
   388                           tablat	equ	0x4F5
   389                           prodh	equ	0x4F4
   390                           prodl	equ	0x4F3
   391                           indf0	equ	0x4EF
   392                           postinc0	equ	0x4EE
   393                           postdec0	equ	0x4ED
   394                           preinc0	equ	0x4EC
   395                           plusw0	equ	0x4EB
   396                           fsr0h	equ	0x4EA
   397                           fsr0l	equ	0x4E9
   398                           wreg	equ	0x4E8
   399                           indf1	equ	0x4E7
   400                           postinc1	equ	0x4E6
   401                           postdec1	equ	0x4E5
   402                           preinc1	equ	0x4E4
   403                           plusw1	equ	0x4E3
   404                           fsr1h	equ	0x4E2
   405                           fsr1l	equ	0x4E1
   406                           bsr	equ	0x4E0
   407                           indf2	equ	0x4DF
   408                           postinc2	equ	0x4DE
   409                           postdec2	equ	0x4DD
   410                           preinc2	equ	0x4DC
   411                           plusw2	equ	0x4DB
   412                           fsr2h	equ	0x4DA
   413                           fsr2l	equ	0x4D9
   414                           status	equ	0x4D8

Data Sizes:
    Strings     0
    Constant    0
    Data        0
    BSS         0
    Persistent  0
    Stack       0

Auto Spaces:
    Space          Size  Autos    Used
    COMRAM           95      2       2
    BANK5           160      0       0
    BANK6           256      0       0
    BANK7           256      0       0
    BANK8           256      0       0
    BANK9           256      0       0
    BANK10          256      0       0
    BANK11          256      0       0
    BANK12          256      0       0
    BANK13          256      0       0
    BANK14          256      0       0
    BANK15          256      0       0
    BANK16          256      0       0
    BANK17          256      0       0
    BANK18          256      0       0
    BANK19          256      0       0
    BANK20          256      0       0
    BANK21          256      0       0
    BANK22          256      0       0
    BANK23          256      0       0
    BANK24          256      0       0
    BANK25          256      0       0
    BANK26          256      0       0
    BANK27          256      0       0
    BANK28          256      0       0
    BANK29          256      0       0
    BANK30          256      0       0
    BANK31          256      0       0
    BANK32          256      0       0
    BANK33          256      0       0
    BANK34          256      0       0
    BANK35          256      0       0
    BANK36          256      0       0

Pointer List with Targets:

    None.

Critical Paths under _main in COMRAM

    None.

Critical Paths under _main in BANK5

    None.

Critical Paths under _main in BANK6

    None.

Critical Paths under _main in BANK7

    None.

Critical Paths under _main in BANK8

    None.

Critical Paths under _main in BANK9

    None.

Critical Paths under _main in BANK10

    None.

Critical Paths under _main in BANK11

    None.

Critical Paths under _main in BANK12

    None.

Critical Paths under _main in BANK13

    None.

Critical Paths under _main in BANK14

    None.

Critical Paths under _main in BANK15

    None.

Critical Paths under _main in BANK16

    None.

Critical Paths under _main in BANK17

    None.

Critical Paths under _main in BANK18

    None.

Critical Paths under _main in BANK19

    None.

Critical Paths under _main in BANK20

    None.

Critical Paths under _main in BANK21

    None.

Critical Paths under _main in BANK22

    None.

Critical Paths under _main in BANK23

    None.

Critical Paths under _main in BANK24

    None.

Critical Paths under _main in BANK25

    None.

Critical Paths under _main in BANK26

    None.

Critical Paths under _main in BANK27

    None.

Critical Paths under _main in BANK28

    None.

Critical Paths under _main in BANK29

    None.

Critical Paths under _main in BANK30

    None.

Critical Paths under _main in BANK31

    None.

Critical Paths under _main in BANK32

    None.

Critical Paths under _main in BANK33

    None.

Critical Paths under _main in BANK34

    None.

Critical Paths under _main in BANK35

    None.

Critical Paths under _main in BANK36

    None.

Call Graph Tables:

 ---------------------------------------------------------------------------------
 (Depth) Function   	        Calls       Base Space   Used Autos Params    Refs
 ---------------------------------------------------------------------------------
 (0) _main                                                 2     2      0       0
                                              0 COMRAM     2     2      0
                          _configuro
 ---------------------------------------------------------------------------------
 (1) _configuro                                            0     0      0       0
 ---------------------------------------------------------------------------------
 Estimated maximum stack depth 1
 ---------------------------------------------------------------------------------

 Call Graph Graphs:

 _main (ROOT)
   _configuro

 Address spaces:
Name               Size   Autos  Total    Cost      Usage
BITCOMRAM           5F      0       0       0        0.0%
EEDATA             400      0       0       0        0.0%
NULL                 0      0       0       0        0.0%
CODE                 0      0       0       0        0.0%
COMRAM              5F      2       2       1        2.1%
STACK                0      0       0       2        0.0%
DATA                 0      0       0       3        0.0%
BITBANK5            A0      0       0       4        0.0%
BANK5               A0      0       0       5        0.0%
BITBANK6           100      0       0       6        0.0%
BANK6              100      0       0       7        0.0%
BITBANK7           100      0       0       8        0.0%
BANK7              100      0       0       9        0.0%
BITBANK8           100      0       0      10        0.0%
BANK8              100      0       0      11        0.0%
BITBANK9           100      0       0      12        0.0%
BANK9              100      0       0      13        0.0%
BITBANK10          100      0       0      14        0.0%
BANK10             100      0       0      15        0.0%
BITBANK11          100      0       0      16        0.0%
BANK11             100      0       0      17        0.0%
BITBANK12          100      0       0      18        0.0%
BANK12             100      0       0      19        0.0%
BITBANK13          100      0       0      20        0.0%
BANK13             100      0       0      21        0.0%
BITBANK14          100      0       0      22        0.0%
BANK14             100      0       0      23        0.0%
BITBANK15          100      0       0      24        0.0%
BANK15             100      0       0      25        0.0%
BITBANK16          100      0       0      26        0.0%
BANK16             100      0       0      27        0.0%
BITBANK17          100      0       0      28        0.0%
BANK17             100      0       0      29        0.0%
BITBANK18          100      0       0      30        0.0%
BANK18             100      0       0      31        0.0%
BITBANK19          100      0       0      32        0.0%
BANK19             100      0       0      33        0.0%
BITBANK20          100      0       0      34        0.0%
BANK20             100      0       0      35        0.0%
BITBANK21          100      0       0      36        0.0%
BANK21             100      0       0      37        0.0%
BITBANK22          100      0       0      38        0.0%
BANK22             100      0       0      39        0.0%
BITBANK23          100      0       0      40        0.0%
BANK23             100      0       0      41        0.0%
BITBANK24          100      0       0      42        0.0%
BANK24             100      0       0      43        0.0%
BITBANK25          100      0       0      44        0.0%
BANK25             100      0       0      45        0.0%
BITBANK26          100      0       0      46        0.0%
BANK26             100      0       0      47        0.0%
BITBANK27          100      0       0      48        0.0%
BANK27             100      0       0      49        0.0%
BITBANK28          100      0       0      50        0.0%
BANK28             100      0       0      51        0.0%
BITBANK29          100      0       0      52        0.0%
BANK29             100      0       0      53        0.0%
BITBANK30          100      0       0      54        0.0%
BANK30             100      0       0      55        0.0%
BITBANK31          100      0       0      56        0.0%
BANK31             100      0       0      57        0.0%
ABS                  0      0       0      58        0.0%
BITBANK32          100      0       0      59        0.0%
BANK32             100      0       0      60        0.0%
BITBANK33          100      0       0      61        0.0%
BANK33             100      0       0      62        0.0%
BITBANK34          100      0       0      63        0.0%
BANK34             100      0       0      64        0.0%
BITBANK35          100      0       0      65        0.0%
BANK35             100      0       0      66        0.0%
BITBANK36          100      0       0      67        0.0%
BANK36             100      0       0      68        0.0%
BITBIGSFR_1        100      0       0      69        0.0%
BIGRAM            1FFF      0       0      70        0.0%
BITBIGSFRhhhhh      36      0       0      71        0.0%
BITBIGSFRhhhhl       1      0       0      72        0.0%
BITBIGSFRhhhlhh      7      0       0      73        0.0%
BITBIGSFRhhhlhh     A6      0       0      74        0.0%
BITBIGSFRhhhlhl      F      0       0      75        0.0%
BITBIGSFRhhhll     354      0       0      76        0.0%
BITBIGSFRhhl         1      0       0      77        0.0%
BITBIGSFRhl          3      0       0      78        0.0%
BITBIGSFRl          AD      0       0      79        0.0%
BIGSFR_1             0      0       0     200        0.0%
BIGSFR               0      0       0     200        0.0%
BITSFR_6             0      0       0     200        0.0%
SFR_6                0      0       0     200        0.0%
BITSFR_5             0      0       0     200        0.0%
SFR_5                0      0       0     200        0.0%
BITSFR_4             0      0       0     200        0.0%
SFR_4                0      0       0     200        0.0%
BITSFR_3             0      0       0     200        0.0%
SFR_3                0      0       0     200        0.0%
BITSFR_2             0      0       0     200        0.0%
SFR_2                0      0       0     200        0.0%
BITSFR_1             0      0       0     200        0.0%
SFR_1                0      0       0     200        0.0%
BITSFR               0      0       0     200        0.0%
SFR                  0      0       0     200        0.0%


Microchip Technology PIC18 Macro Assembler V2.46 build 20240104201356 
Symbol Table                                                                                   Mon Aug 26 11:42:23 2024

                     l21 2592                       u17 2514                       u27 252E  
                     u37 2548                       u47 2562                      l711 2502  
                    l705 2576                      l721 253A                      l713 2506  
                    l707 258E                      l723 253E                      l715 250A  
                    l709 2590                      l725 2554                      l717 2520  
                    l727 2558                      l719 2524                      wreg 04E8  
                   _LATB 04BF                     _main 2502                     start FFFC  
           ___param_bank 0000                    ?_main 0501                    _OSCEN 00B3  
                  _TRISB 04C7          __initialization 2594             __end_of_main 2576  
                 ??_main 0501            __activetblptr 0000                   _ANSELB 0408  
                 _OSCFRQ 00B1                   isa$std 0001             __mediumconst 0000  
             __accesstop 0560  __end_of__initialization 2594            ___rparam_used 0001  
         __pcstackCOMRAM 0501                  _OSCCON1 00AD                  __Hparam 0000  
                __Lparam 0000        __end_of_configuro 2594             __psmallconst 2500  
                __pcinit 2594                  __ramtop 2500                  __ptext0 2502  
                __ptext1 2576     end_of_initialization 2594                _TRISDbits 04C9  
    start_initialization 2594                _configuro 2576              __smallconst 2500  
             ?_configuro 0501                 __Hrparam 0000                 __Lrparam 0000  
             _ANSELDbits 0418                 isa$xinst 0000              ??_configuro 0501  
