

Microchip MPLAB XC8 Assembler V3.10 build 20250813170317 
                                                                                               Fri May 29 11:21:02 2026

Microchip MPLAB XC8 C Compiler v3.10 (Free license) build 20250813170317 Og1 
     1                           	processor	18F57Q43
     2                           	fnconf	rparam,??,?,0
     3                           	pagewidth 120
     4                           	opt	flic
     5                           	psect	idataCOMRAM,global,class=CODE,space=0,delta=1,noexec
     6                           	psect	cinit,global,reloc=2,class=CODE,space=0,delta=1
     7                           	psect	dataCOMRAM,global,class=COMRAM,space=1,delta=1,lowdata,noexec
     8                           	psect	cstackCOMRAM,global,class=COMRAM,space=1,delta=1,lowdata,noexec
     9                           	psect	text0,global,reloc=2,class=CODE,space=0,delta=1
    10                           	psect	text1,global,reloc=2,class=CODE,space=0,delta=1
    11                           	psect	smallconst,global,reloc=2,class=SMALLCONST,space=0,delta=1,noexec
    12                           	psect	intsave_regs,global,class=BIGRAM,space=1,delta=1,noexec
    13                           	psect	rparam,global,class=COMRAM,space=1,delta=1,noexec
    14                           	psect	config,global,abs,ovrld,class=CONFIG,space=4,delta=1,noexec
    15   000000                     
    16                           ; Generated 24/03/2025 GMT
    17                           ; 
    18                           ; Copyright © 2025, Microchip Technology Inc. and its subsidiaries ("Microchip")
    19                           ; All rights reserved.
    20                           ; 
    21                           ; This software is developed by Microchip Technology Inc. and its subsidiaries ("Microch
      +                          ip").
    22                           ; 
    23                           ; Redistribution and use in source and binary forms, with or without modification, are
    24                           ; permitted provided that the following conditions are met:
    25                           ; 
    26                           ;     1. Redistributions of source code must retain the above copyright notice, this lis
      +                          t of
    27                           ;        conditions and the following disclaimer.
    28                           ; 
    29                           ;     2. Redistributions in binary form must reproduce the above copyright notice, this 
      +                          list
    30                           ;        of conditions and the following disclaimer in the documentation and/or other
    31                           ;        materials provided with the distribution. Publication is not required when
    32                           ;        this file is used in an embedded application.
    33                           ; 
    34                           ;     3. Microchip's name may not be used to endorse or promote products derived from th
      +                          is
    35                           ;        software without specific prior written permission.
    36                           ; 
    37                           ; THIS SOFTWARE IS PROVIDED BY MICROCHIP "AS IS" AND ANY EXPRESS OR IMPLIED WARRANTIES,
    38                           ; INCLUDING, BUT NOT LIMITED TO, THE IMPLIED WARRANTIES OF MERCHANTABILITY AND FITNESS F
      +                          OR
    39                           ; PURPOSE ARE DISCLAIMED.  IN NO EVENT SHALL MICROCHIP BE LIABLE FOR ANY DIRECT, INDIREC
      +                          T,
    40                           ; INCIDENTAL, SPECIAL, EXEMPLARY, OR CONSEQUENTIAL DAMAGES (INCLUDING BUT NOT LIMITED TO
    41                           ; PROCUREMENT OF SUBSTITUTE GOODS OR SERVICES; LOSS OF USE, DATA OR PROFITS; OR BUSINESS
    42                           ; INTERRUPTION) HOWSOEVER CAUSED AND ON ANY THEORY OF LIABILITY, WHETHER IN CONTRACT, ST
      +                          RICT
    43                           ; LIABILITY, OR TORT (INCLUDING NEGLIGENCE OR OTHERWISE) ARISING IN ANY WAY OUT OF THE U
      +                          SE OF
    44                           ; THIS SOFTWARE, EVEN IF ADVISED OF THE POSSIBILITY OF SUCH DAMAGE.
    45                           ; 
    46                           ; 
    47                           ; Code-generator required, PIC18F57Q43 Definitions
    48                           ; 
    49                           ; SFR Addresses
    50   0004E0                     bsr             equ	1248
    51   0004E9                     fsr0            equ	1257
    52   0004EA                     fsr0h           equ	1258
    53   0004E9                     fsr0l           equ	1257
    54   0004E1                     fsr1            equ	1249
    55   0004E2                     fsr1h           equ	1250
    56   0004E1                     fsr1l           equ	1249
    57   0004D9                     fsr2            equ	1241
    58   0004DA                     fsr2h           equ	1242
    59   0004D9                     fsr2l           equ	1241
    60   0004EF                     indf0           equ	1263
    61   0004E7                     indf1           equ	1255
    62   0004DF                     indf2           equ	1247
    63   0004D6                     intcon          equ	1238
    64   000041                     nvmcon          equ	65
    65   0004F9                     pcl             equ	1273
    66   0004FA                     pclath          equ	1274
    67   0004FB                     pclatu          equ	1275
    68   0004EB                     plusw0          equ	1259
    69   0004E3                     plusw1          equ	1251
    70   0004DB                     plusw2          equ	1243
    71   0004ED                     postdec0        equ	1261
    72   0004E5                     postdec1        equ	1253
    73   0004DD                     postdec2        equ	1245
    74   0004EE                     postinc0        equ	1262
    75   0004E6                     postinc1        equ	1254
    76   0004DE                     postinc2        equ	1246
    77   0004EC                     preinc0         equ	1260
    78   0004E4                     preinc1         equ	1252
    79   0004DC                     preinc2         equ	1244
    80   0004F3                     prod            equ	1267
    81   0004F4                     prodh           equ	1268
    82   0004F3                     prodl           equ	1267
    83   0004D8                     status          equ	1240
    84   0004F5                     tablat          equ	1269
    85   0004F6                     tblptr          equ	1270
    86   0004F7                     tblptrh         equ	1271
    87   0004F6                     tblptrl         equ	1270
    88   0004F8                     tblptru         equ	1272
    89   0004FD                     tosl            equ	1277
    90   0004E8                     wreg            equ	1256
    91   000039                     CLKRCON         equ	57	;# 
    92   00003A                     CLKRCLK         equ	58	;# 
    93   000040                     NVMCON0         equ	64	;# 
    94   000041                     NVMCON1         equ	65	;# 
    95   000042                     NVMLOCK         equ	66	;# 
    96   000043                     NVMADR          equ	67	;# 
    97   000043                     NVMADRL         equ	67	;# 
    98   000044                     NVMADRH         equ	68	;# 
    99   000045                     NVMADRU         equ	69	;# 
   100   000046                     NVMDAT          equ	70	;# 
   101   000046                     NVMDATL         equ	70	;# 
   102   000047                     NVMDATH         equ	71	;# 
   103   000048                     VREGCON         equ	72	;# 
   104   000049                     BORCON          equ	73	;# 
   105   00004A                     HLVDCON0        equ	74	;# 
   106   00004B                     HLVDCON1        equ	75	;# 
   107   00004C                     ZCDCON          equ	76	;# 
   108   000060                     PMD0            equ	96	;# 
   109   000061                     PMD1            equ	97	;# 
   110   000063                     PMD3            equ	99	;# 
   111   000064                     PMD4            equ	100	;# 
   112   000065                     PMD5            equ	101	;# 
   113   000066                     PMD6            equ	102	;# 
   114   000067                     PMD7            equ	103	;# 
   115   000068                     PMD8            equ	104	;# 
   116   00006A                     MD1CON0         equ	106	;# 
   117   00006B                     MD1CON1         equ	107	;# 
   118   00006C                     MD1SRC          equ	108	;# 
   119   00006D                     MD1CARL         equ	109	;# 
   120   00006E                     MD1CARH         equ	110	;# 
   121   00006F                     CMOUT           equ	111	;# 
   122   000070                     CM1CON0         equ	112	;# 
   123   000071                     CM1CON1         equ	113	;# 
   124   000072                     CM1NCH          equ	114	;# 
   125   000073                     CM1PCH          equ	115	;# 
   126   000074                     CM2CON0         equ	116	;# 
   127   000075                     CM2CON1         equ	117	;# 
   128   000076                     CM2NCH          equ	118	;# 
   129   000077                     CM2PCH          equ	119	;# 
   130   000078                     WDTCON0         equ	120	;# 
   131   000079                     WDTCON1         equ	121	;# 
   132   00007A                     WDTPS           equ	122	;# 
   133   00007A                     WDTPSL          equ	122	;# 
   134   00007B                     WDTPSH          equ	123	;# 
   135   00007C                     WDTTMR          equ	124	;# 
   136   00007D                     DAC1DAT         equ	125	;# 
   137   00007D                     DAC1DATL        equ	125	;# 
   138   00007F                     DAC1CON         equ	127	;# 
   139   000080                     SPI1RXB         equ	128	;# 
   140   000081                     SPI1TXB         equ	129	;# 
   141   000082                     SPI1TCNT        equ	130	;# 
   142   000082                     SPI1TCNTL       equ	130	;# 
   143   000083                     SPI1TCNTH       equ	131	;# 
   144   000084                     SPI1CON0        equ	132	;# 
   145   000085                     SPI1CON1        equ	133	;# 
   146   000086                     SPI1CON2        equ	134	;# 
   147   000087                     SPI1STATUS      equ	135	;# 
   148   000088                     SPI1TWIDTH      equ	136	;# 
   149   000089                     SPI1BAUD        equ	137	;# 
   150   00008A                     SPI1INTF        equ	138	;# 
   151   00008B                     SPI1INTE        equ	139	;# 
   152   00008C                     SPI1CLK         equ	140	;# 
   153   00008D                     SPI2RXB         equ	141	;# 
   154   00008E                     SPI2TXB         equ	142	;# 
   155   00008F                     SPI2TCNT        equ	143	;# 
   156   00008F                     SPI2TCNTL       equ	143	;# 
   157   000090                     SPI2TCNTH       equ	144	;# 
   158   000091                     SPI2CON0        equ	145	;# 
   159   000092                     SPI2CON1        equ	146	;# 
   160   000093                     SPI2CON2        equ	147	;# 
   161   000094                     SPI2STATUS      equ	148	;# 
   162   000095                     SPI2TWIDTH      equ	149	;# 
   163   000096                     SPI2BAUD        equ	150	;# 
   164   000097                     SPI2INTF        equ	151	;# 
   165   000098                     SPI2INTE        equ	152	;# 
   166   000099                     SPI2CLK         equ	153	;# 
   167   0000AC                     ACTCON          equ	172	;# 
   168   0000AD                     OSCCON1         equ	173	;# 
   169   0000AE                     OSCCON2         equ	174	;# 
   170   0000AF                     OSCCON3         equ	175	;# 
   171   0000B0                     OSCTUNE         equ	176	;# 
   172   0000B1                     OSCFRQ          equ	177	;# 
   173   0000B1                     OSCFREQ         equ	177	;# 
   174   0000B2                     OSCSTAT         equ	178	;# 
   175   0000B2                     OSCSTAT1        equ	178	;# 
   176   0000B3                     OSCEN           equ	179	;# 
   177   0000B4                     PRLOCK          equ	180	;# 
   178   0000B5                     SCANPR          equ	181	;# 
   179   0000B6                     DMA1PR          equ	182	;# 
   180   0000B7                     DMA2PR          equ	183	;# 
   181   0000B8                     DMA3PR          equ	184	;# 
   182   0000B9                     DMA4PR          equ	185	;# 
   183   0000BA                     DMA5PR          equ	186	;# 
   184   0000BB                     DMA6PR          equ	187	;# 
   185   0000BE                     MAINPR          equ	190	;# 
   186   0000BF                     ISRPR           equ	191	;# 
   187   0000D4                     CLCDATA         equ	212	;# 
   188   0000D5                     CLCSELECT       equ	213	;# 
   189   0000D6                     CLCnCON         equ	214	;# 
   190   0000D7                     CLCnPOL         equ	215	;# 
   191   0000D8                     CLCnSEL0        equ	216	;# 
   192   0000D9                     CLCnSEL1        equ	217	;# 
   193   0000DA                     CLCnSEL2        equ	218	;# 
   194   0000DB                     CLCnSEL3        equ	219	;# 
   195   0000DC                     CLCnGLS0        equ	220	;# 
   196   0000DD                     CLCnGLS1        equ	221	;# 
   197   0000DE                     CLCnGLS2        equ	222	;# 
   198   0000DF                     CLCnGLS3        equ	223	;# 
   199   0000E8                     DMASELECT       equ	232	;# 
   200   0000E9                     DMAnBUF         equ	233	;# 
   201   0000EA                     DMAnDCNT        equ	234	;# 
   202   0000EA                     DMAnDCNTL       equ	234	;# 
   203   0000EB                     DMAnDCNTH       equ	235	;# 
   204   0000EC                     DMAnDPTR        equ	236	;# 
   205   0000EC                     DMAnDPTRL       equ	236	;# 
   206   0000ED                     DMAnDPTRH       equ	237	;# 
   207   0000EE                     DMAnDSZ         equ	238	;# 
   208   0000EE                     DMAnDSZL        equ	238	;# 
   209   0000EF                     DMAnDSZH        equ	239	;# 
   210   0000F0                     DMAnDSA         equ	240	;# 
   211   0000F0                     DMAnDSAL        equ	240	;# 
   212   0000F1                     DMAnDSAH        equ	241	;# 
   213   0000F2                     DMAnSCNT        equ	242	;# 
   214   0000F2                     DMAnSCNTL       equ	242	;# 
   215   0000F3                     DMAnSCNTH       equ	243	;# 
   216   0000F4                     DMAnSPTR        equ	244	;# 
   217   0000F4                     DMAnSPTRL       equ	244	;# 
   218   0000F5                     DMAnSPTRH       equ	245	;# 
   219   0000F6                     DMAnSPTRU       equ	246	;# 
   220   0000F7                     DMAnSSZ         equ	247	;# 
   221   0000F7                     DMAnSSZL        equ	247	;# 
   222   0000F8                     DMAnSSZH        equ	248	;# 
   223   0000F9                     DMAnSSA         equ	249	;# 
   224   0000F9                     DMAnSSAL        equ	249	;# 
   225   0000FA                     DMAnSSAH        equ	250	;# 
   226   0000FB                     DMAnSSAU        equ	251	;# 
   227   0000FC                     DMAnCON0        equ	252	;# 
   228   0000FD                     DMAnCON1        equ	253	;# 
   229   0000FE                     DMAnAIRQ        equ	254	;# 
   230   0000FF                     DMAnSIRQ        equ	255	;# 
   231   000200                     PPSLOCK         equ	512	;# 
   232   000201                     RA0PPS          equ	513	;# 
   233   000202                     RA1PPS          equ	514	;# 
   234   000203                     RA2PPS          equ	515	;# 
   235   000204                     RA3PPS          equ	516	;# 
   236   000205                     RA4PPS          equ	517	;# 
   237   000206                     RA5PPS          equ	518	;# 
   238   000207                     RA6PPS          equ	519	;# 
   239   000208                     RA7PPS          equ	520	;# 
   240   000209                     RB0PPS          equ	521	;# 
   241   00020A                     RB1PPS          equ	522	;# 
   242   00020B                     RB2PPS          equ	523	;# 
   243   00020C                     RB3PPS          equ	524	;# 
   244   00020D                     RB4PPS          equ	525	;# 
   245   00020E                     RB5PPS          equ	526	;# 
   246   00020F                     RB6PPS          equ	527	;# 
   247   000210                     RB7PPS          equ	528	;# 
   248   000211                     RC0PPS          equ	529	;# 
   249   000212                     RC1PPS          equ	530	;# 
   250   000213                     RC2PPS          equ	531	;# 
   251   000214                     RC3PPS          equ	532	;# 
   252   000215                     RC4PPS          equ	533	;# 
   253   000216                     RC5PPS          equ	534	;# 
   254   000217                     RC6PPS          equ	535	;# 
   255   000218                     RC7PPS          equ	536	;# 
   256   000219                     RD0PPS          equ	537	;# 
   257   00021A                     RD1PPS          equ	538	;# 
   258   00021B                     RD2PPS          equ	539	;# 
   259   00021C                     RD3PPS          equ	540	;# 
   260   00021D                     RD4PPS          equ	541	;# 
   261   00021E                     RD5PPS          equ	542	;# 
   262   00021F                     RD6PPS          equ	543	;# 
   263   000220                     RD7PPS          equ	544	;# 
   264   000221                     RE0PPS          equ	545	;# 
   265   000222                     RE1PPS          equ	546	;# 
   266   000223                     RE2PPS          equ	547	;# 
   267   000229                     RF0PPS          equ	553	;# 
   268   00022A                     RF1PPS          equ	554	;# 
   269   00022B                     RF2PPS          equ	555	;# 
   270   00022C                     RF3PPS          equ	556	;# 
   271   00022D                     RF4PPS          equ	557	;# 
   272   00022E                     RF5PPS          equ	558	;# 
   273   00022F                     RF6PPS          equ	559	;# 
   274   000230                     RF7PPS          equ	560	;# 
   275   00023E                     INT0PPS         equ	574	;# 
   276   00023F                     INT1PPS         equ	575	;# 
   277   000240                     INT2PPS         equ	576	;# 
   278   000241                     T0CKIPPS        equ	577	;# 
   279   000242                     T1CKIPPS        equ	578	;# 
   280   000243                     T1GPPS          equ	579	;# 
   281   000244                     T3CKIPPS        equ	580	;# 
   282   000245                     T3GPPS          equ	581	;# 
   283   000246                     T5CKIPPS        equ	582	;# 
   284   000247                     T5GPPS          equ	583	;# 
   285   000248                     T2INPPS         equ	584	;# 
   286   000249                     T4INPPS         equ	585	;# 
   287   00024A                     T6INPPS         equ	586	;# 
   288   00024F                     CCP1PPS         equ	591	;# 
   289   000250                     CCP2PPS         equ	592	;# 
   290   000251                     CCP3PPS         equ	593	;# 
   291   000253                     PWM1ERSPPS      equ	595	;# 
   292   000254                     PWM2ERSPPS      equ	596	;# 
   293   000255                     PWM3ERSPPS      equ	597	;# 
   294   000257                     PWMIN0PPS       equ	599	;# 
   295   000258                     PWMIN1PPS       equ	600	;# 
   296   000259                     SMT1WINPPS      equ	601	;# 
   297   00025A                     SMT1SIGPPS      equ	602	;# 
   298   00025B                     CWG1PPS         equ	603	;# 
   299   00025B                     CWG1INPPS       equ	603	;# 
   300   00025C                     CWG2PPS         equ	604	;# 
   301   00025C                     CWG2INPPS       equ	604	;# 
   302   00025D                     CWG3PPS         equ	605	;# 
   303   00025D                     CWG3INPPS       equ	605	;# 
   304   00025E                     MD1CARLPPS      equ	606	;# 
   305   00025E                     MDCARLPPS       equ	606	;# 
   306   00025F                     MD1CARHPPS      equ	607	;# 
   307   00025F                     MDCARHPPS       equ	607	;# 
   308   000260                     MD1SRCPPS       equ	608	;# 
   309   000260                     MDSRCPPS        equ	608	;# 
   310   000261                     CLCIN0PPS       equ	609	;# 
   311   000262                     CLCIN1PPS       equ	610	;# 
   312   000263                     CLCIN2PPS       equ	611	;# 
   313   000264                     CLCIN3PPS       equ	612	;# 
   314   000265                     CLCIN4PPS       equ	613	;# 
   315   000266                     CLCIN5PPS       equ	614	;# 
   316   000267                     CLCIN6PPS       equ	615	;# 
   317   000268                     CLCIN7PPS       equ	616	;# 
   318   000269                     ADACTPPS        equ	617	;# 
   319   00026A                     SPI1SCKPPS      equ	618	;# 
   320   00026B                     SPI1SDIPPS      equ	619	;# 
   321   00026C                     SPI1SSPPS       equ	620	;# 
   322   00026D                     SPI2SCKPPS      equ	621	;# 
   323   00026E                     SPI2SDIPPS      equ	622	;# 
   324   00026F                     SPI2SSPPS       equ	623	;# 
   325   000270                     I2C1SDAPPS      equ	624	;# 
   326   000271                     I2C1SCLPPS      equ	625	;# 
   327   000272                     U1RXPPS         equ	626	;# 
   328   000273                     U1CTSPPS        equ	627	;# 
   329   000274                     U2RXPPS         equ	628	;# 
   330   000275                     U2CTSPPS        equ	629	;# 
   331   000276                     U3RXPPS         equ	630	;# 
   332   000277                     U3CTSPPS        equ	631	;# 
   333   000278                     U4RXPPS         equ	632	;# 
   334   000279                     U4CTSPPS        equ	633	;# 
   335   00027A                     U5RXPPS         equ	634	;# 
   336   00027B                     U5CTSPPS        equ	635	;# 
   337   000286                     RC4I2C          equ	646	;# 
   338   000287                     RC3I2C          equ	647	;# 
   339   000288                     RB2I2C          equ	648	;# 
   340   000289                     RB1I2C          equ	649	;# 
   341   00028B                     I2C1RXB         equ	651	;# 
   342   00028C                     I2C1TXB         equ	652	;# 
   343   00028D                     I2C1CNT         equ	653	;# 
   344   00028E                     I2C1ADB0        equ	654	;# 
   345   00028F                     I2C1ADB1        equ	655	;# 
   346   000290                     I2C1ADR0        equ	656	;# 
   347   000291                     I2C1ADR1        equ	657	;# 
   348   000292                     I2C1ADR2        equ	658	;# 
   349   000293                     I2C1ADR3        equ	659	;# 
   350   000294                     I2C1CON0        equ	660	;# 
   351   000295                     I2C1CON1        equ	661	;# 
   352   000296                     I2C1CON2        equ	662	;# 
   353   000297                     I2C1ERR         equ	663	;# 
   354   000298                     I2C1STAT0       equ	664	;# 
   355   000299                     I2C1STAT1       equ	665	;# 
   356   00029A                     I2C1PIR         equ	666	;# 
   357   00029B                     I2C1PIE         equ	667	;# 
   358   00029C                     I2C1CLK         equ	668	;# 
   359   00029D                     I2C1BTO         equ	669	;# 
   360   0002A1                     U1RXB           equ	673	;# 
   361   0002A1                     U1RXBL          equ	673	;# 
   362   0002A2                     U1RXCHK         equ	674	;# 
   363   0002A3                     U1TXB           equ	675	;# 
   364   0002A3                     U1TXBL          equ	675	;# 
   365   0002A4                     U1TXCHK         equ	676	;# 
   366   0002A5                     U1P1            equ	677	;# 
   367   0002A5                     U1P1L           equ	677	;# 
   368   0002A6                     U1P1H           equ	678	;# 
   369   0002A7                     U1P2            equ	679	;# 
   370   0002A7                     U1P2L           equ	679	;# 
   371   0002A8                     U1P2H           equ	680	;# 
   372   0002A9                     U1P3            equ	681	;# 
   373   0002A9                     U1P3L           equ	681	;# 
   374   0002AA                     U1P3H           equ	682	;# 
   375   0002AB                     U1CON0          equ	683	;# 
   376   0002AC                     U1CON1          equ	684	;# 
   377   0002AD                     U1CON2          equ	685	;# 
   378   0002AE                     U1BRG           equ	686	;# 
   379   0002AE                     U1BRGL          equ	686	;# 
   380   0002AF                     U1BRGH          equ	687	;# 
   381   0002B0                     U1FIFO          equ	688	;# 
   382   0002B1                     U1UIR           equ	689	;# 
   383   0002B2                     U1ERRIR         equ	690	;# 
   384   0002B3                     U1ERRIE         equ	691	;# 
   385   0002B4                     U2RXB           equ	692	;# 
   386   0002B4                     U2RXBL          equ	692	;# 
   387   0002B6                     U2TXB           equ	694	;# 
   388   0002B6                     U2TXBL          equ	694	;# 
   389   0002B8                     U2P1            equ	696	;# 
   390   0002B8                     U2P1L           equ	696	;# 
   391   0002BA                     U2P2            equ	698	;# 
   392   0002BA                     U2P2L           equ	698	;# 
   393   0002BC                     U2P3            equ	700	;# 
   394   0002BC                     U2P3L           equ	700	;# 
   395   0002BE                     U2CON0          equ	702	;# 
   396   0002BF                     U2CON1          equ	703	;# 
   397   0002C0                     U2CON2          equ	704	;# 
   398   0002C1                     U2BRG           equ	705	;# 
   399   0002C1                     U2BRGL          equ	705	;# 
   400   0002C2                     U2BRGH          equ	706	;# 
   401   0002C3                     U2FIFO          equ	707	;# 
   402   0002C4                     U2UIR           equ	708	;# 
   403   0002C5                     U2ERRIR         equ	709	;# 
   404   0002C6                     U2ERRIE         equ	710	;# 
   405   0002C7                     U3RXB           equ	711	;# 
   406   0002C7                     U3RXBL          equ	711	;# 
   407   0002C9                     U3TXB           equ	713	;# 
   408   0002C9                     U3TXBL          equ	713	;# 
   409   0002CB                     U3P1            equ	715	;# 
   410   0002CB                     U3P1L           equ	715	;# 
   411   0002CD                     U3P2            equ	717	;# 
   412   0002CD                     U3P2L           equ	717	;# 
   413   0002CF                     U3P3            equ	719	;# 
   414   0002CF                     U3P3L           equ	719	;# 
   415   0002D1                     U3CON0          equ	721	;# 
   416   0002D2                     U3CON1          equ	722	;# 
   417   0002D3                     U3CON2          equ	723	;# 
   418   0002D4                     U3BRG           equ	724	;# 
   419   0002D4                     U3BRGL          equ	724	;# 
   420   0002D5                     U3BRGH          equ	725	;# 
   421   0002D6                     U3FIFO          equ	726	;# 
   422   0002D7                     U3UIR           equ	727	;# 
   423   0002D8                     U3ERRIR         equ	728	;# 
   424   0002D9                     U3ERRIE         equ	729	;# 
   425   0002DA                     U4RXB           equ	730	;# 
   426   0002DA                     U4RXBL          equ	730	;# 
   427   0002DC                     U4TXB           equ	732	;# 
   428   0002DC                     U4TXBL          equ	732	;# 
   429   0002DE                     U4P1            equ	734	;# 
   430   0002DE                     U4P1L           equ	734	;# 
   431   0002E0                     U4P2            equ	736	;# 
   432   0002E0                     U4P2L           equ	736	;# 
   433   0002E2                     U4P3            equ	738	;# 
   434   0002E2                     U4P3L           equ	738	;# 
   435   0002E4                     U4CON0          equ	740	;# 
   436   0002E5                     U4CON1          equ	741	;# 
   437   0002E6                     U4CON2          equ	742	;# 
   438   0002E7                     U4BRG           equ	743	;# 
   439   0002E7                     U4BRGL          equ	743	;# 
   440   0002E8                     U4BRGH          equ	744	;# 
   441   0002E9                     U4FIFO          equ	745	;# 
   442   0002EA                     U4UIR           equ	746	;# 
   443   0002EB                     U4ERRIR         equ	747	;# 
   444   0002EC                     U4ERRIE         equ	748	;# 
   445   0002ED                     U5RXB           equ	749	;# 
   446   0002ED                     U5RXBL          equ	749	;# 
   447   0002EF                     U5TXB           equ	751	;# 
   448   0002EF                     U5TXBL          equ	751	;# 
   449   0002F1                     U5P1            equ	753	;# 
   450   0002F1                     U5P1L           equ	753	;# 
   451   0002F3                     U5P2            equ	755	;# 
   452   0002F3                     U5P2L           equ	755	;# 
   453   0002F5                     U5P3            equ	757	;# 
   454   0002F5                     U5P3L           equ	757	;# 
   455   0002F7                     U5CON0          equ	759	;# 
   456   0002F8                     U5CON1          equ	760	;# 
   457   0002F9                     U5CON2          equ	761	;# 
   458   0002FA                     U5BRG           equ	762	;# 
   459   0002FA                     U5BRGL          equ	762	;# 
   460   0002FB                     U5BRGH          equ	763	;# 
   461   0002FC                     U5FIFO          equ	764	;# 
   462   0002FD                     U5UIR           equ	765	;# 
   463   0002FE                     U5ERRIR         equ	766	;# 
   464   0002FF                     U5ERRIE         equ	767	;# 
   465   000300                     SMT1TMR         equ	768	;# 
   466   000300                     SMT1TMRL        equ	768	;# 
   467   000301                     SMT1TMRH        equ	769	;# 
   468   000302                     SMT1TMRU        equ	770	;# 
   469   000303                     SMT1CPR         equ	771	;# 
   470   000303                     SMT1CPRL        equ	771	;# 
   471   000304                     SMT1CPRH        equ	772	;# 
   472   000305                     SMT1CPRU        equ	773	;# 
   473   000306                     SMT1CPW         equ	774	;# 
   474   000306                     SMT1CPWL        equ	774	;# 
   475   000307                     SMT1CPWH        equ	775	;# 
   476   000308                     SMT1CPWU        equ	776	;# 
   477   000309                     SMT1PR          equ	777	;# 
   478   000309                     SMT1PRL         equ	777	;# 
   479   00030A                     SMT1PRH         equ	778	;# 
   480   00030B                     SMT1PRU         equ	779	;# 
   481   00030C                     SMT1CON0        equ	780	;# 
   482   00030D                     SMT1CON1        equ	781	;# 
   483   00030E                     SMT1STAT        equ	782	;# 
   484   00030F                     SMT1CLK         equ	783	;# 
   485   000310                     SMT1SIG         equ	784	;# 
   486   000311                     SMT1WIN         equ	785	;# 
   487   000318                     TMR0L           equ	792	;# 
   488   000318                     TMR0            equ	792	;# 
   489   000319                     TMR0H           equ	793	;# 
   490   000319                     PR0             equ	793	;# 
   491   00031A                     T0CON0          equ	794	;# 
   492   00031B                     T0CON1          equ	795	;# 
   493   00031C                     TMR1            equ	796	;# 
   494   00031C                     TMR1L           equ	796	;# 
   495   00031D                     TMR1H           equ	797	;# 
   496   00031E                     T1CON           equ	798	;# 
   497   00031E                     TMR1CON         equ	798	;# 
   498   00031F                     T1GCON          equ	799	;# 
   499   00031F                     TMR1GCON        equ	799	;# 
   500   000320                     T1GATE          equ	800	;# 
   501   000320                     TMR1GATE        equ	800	;# 
   502   000321                     T1CLK           equ	801	;# 
   503   000321                     TMR1CLK         equ	801	;# 
   504   000321                     PR1             equ	801	;# 
   505   000322                     T2TMR           equ	802	;# 
   506   000322                     TMR2            equ	802	;# 
   507   000323                     T2PR            equ	803	;# 
   508   000323                     PR2             equ	803	;# 
   509   000324                     T2CON           equ	804	;# 
   510   000325                     T2HLT           equ	805	;# 
   511   000326                     T2CLKCON        equ	806	;# 
   512   000326                     T2CLK           equ	806	;# 
   513   000327                     T2RST           equ	807	;# 
   514   000328                     TMR3            equ	808	;# 
   515   000328                     TMR3L           equ	808	;# 
   516   000329                     TMR3H           equ	809	;# 
   517   00032A                     T3CON           equ	810	;# 
   518   00032A                     TMR3CON         equ	810	;# 
   519   00032B                     T3GCON          equ	811	;# 
   520   00032B                     TMR3GCON        equ	811	;# 
   521   00032C                     T3GATE          equ	812	;# 
   522   00032C                     TMR3GATE        equ	812	;# 
   523   00032D                     T3CLK           equ	813	;# 
   524   00032D                     TMR3CLK         equ	813	;# 
   525   00032D                     PR3             equ	813	;# 
   526   00032E                     T4TMR           equ	814	;# 
   527   00032E                     TMR4            equ	814	;# 
   528   00032F                     T4PR            equ	815	;# 
   529   00032F                     PR4             equ	815	;# 
   530   000330                     T4CON           equ	816	;# 
   531   000331                     T4HLT           equ	817	;# 
   532   000332                     T4CLKCON        equ	818	;# 
   533   000332                     T4CLK           equ	818	;# 
   534   000333                     T4RST           equ	819	;# 
   535   000334                     TMR5            equ	820	;# 
   536   000334                     TMR5L           equ	820	;# 
   537   000335                     TMR5H           equ	821	;# 
   538   000336                     T5CON           equ	822	;# 
   539   000336                     TMR5CON         equ	822	;# 
   540   000337                     T5GCON          equ	823	;# 
   541   000337                     TMR5GCON        equ	823	;# 
   542   000338                     T5GATE          equ	824	;# 
   543   000338                     TMR5GATE        equ	824	;# 
   544   000339                     T5CLK           equ	825	;# 
   545   000339                     TMR5CLK         equ	825	;# 
   546   000339                     PR5             equ	825	;# 
   547   00033A                     T6TMR           equ	826	;# 
   548   00033A                     TMR6            equ	826	;# 
   549   00033B                     T6PR            equ	827	;# 
   550   00033B                     PR6             equ	827	;# 
   551   00033C                     T6CON           equ	828	;# 
   552   00033D                     T6HLT           equ	829	;# 
   553   00033E                     T6CLKCON        equ	830	;# 
   554   00033E                     T6CLK           equ	830	;# 
   555   00033F                     T6RST           equ	831	;# 
   556   000340                     CCPR1           equ	832	;# 
   557   000340                     CCPR1L          equ	832	;# 
   558   000341                     CCPR1H          equ	833	;# 
   559   000342                     CCP1CON         equ	834	;# 
   560   000343                     CCP1CAP         equ	835	;# 
   561   000344                     CCPR2           equ	836	;# 
   562   000344                     CCPR2L          equ	836	;# 
   563   000345                     CCPR2H          equ	837	;# 
   564   000346                     CCP2CON         equ	838	;# 
   565   000347                     CCP2CAP         equ	839	;# 
   566   000348                     CCPR3           equ	840	;# 
   567   000348                     CCPR3L          equ	840	;# 
   568   000349                     CCPR3H          equ	841	;# 
   569   00034A                     CCP3CON         equ	842	;# 
   570   00034B                     CCP3CAP         equ	843	;# 
   571   00034C                     CCPTMRS0        equ	844	;# 
   572   00034F                     CRCDATA         equ	847	;# 
   573   00034F                     CRCDATL         equ	847	;# 
   574   000350                     CRCDATH         equ	848	;# 
   575   000351                     CRCACC          equ	849	;# 
   576   000351                     CRCACCL         equ	849	;# 
   577   000352                     CRCACCH         equ	850	;# 
   578   000353                     CRCSHFT         equ	851	;# 
   579   000353                     CRCSHIFTL       equ	851	;# 
   580   000354                     CRCSHIFTH       equ	852	;# 
   581   000355                     CRCXOR          equ	853	;# 
   582   000355                     CRCXORL         equ	853	;# 
   583   000356                     CRCXORH         equ	854	;# 
   584   000357                     CRCCON0         equ	855	;# 
   585   000358                     CRCCON1         equ	856	;# 
   586   00035A                     SCANLADR        equ	858	;# 
   587   00035A                     SCANLADRL       equ	858	;# 
   588   00035B                     SCANLADRH       equ	859	;# 
   589   00035C                     SCANLADRU       equ	860	;# 
   590   00035D                     SCANHADR        equ	861	;# 
   591   00035D                     SCANHADRL       equ	861	;# 
   592   00035E                     SCANHADRH       equ	862	;# 
   593   00035F                     SCANHADRU       equ	863	;# 
   594   000360                     SCANCON0        equ	864	;# 
   595   000361                     SCANTRIG        equ	865	;# 
   596   000362                     IPR0            equ	866	;# 
   597   000363                     IPR1            equ	867	;# 
   598   000364                     IPR2            equ	868	;# 
   599   000365                     IPR3            equ	869	;# 
   600   000366                     IPR4            equ	870	;# 
   601   000367                     IPR5            equ	871	;# 
   602   000368                     IPR6            equ	872	;# 
   603   000369                     IPR7            equ	873	;# 
   604   00036A                     IPR8            equ	874	;# 
   605   00036B                     IPR9            equ	875	;# 
   606   00036C                     IPR10           equ	876	;# 
   607   00036D                     IPR11           equ	877	;# 
   608   00036E                     IPR12           equ	878	;# 
   609   00036F                     IPR13           equ	879	;# 
   610   000370                     IPR14           equ	880	;# 
   611   000371                     IPR15           equ	881	;# 
   612   000373                     STATUS_CSHAD    equ	883	;# 
   613   000374                     WREG_CSHAD      equ	884	;# 
   614   000375                     BSR_CSHAD       equ	885	;# 
   615   000376                     SHADCON         equ	886	;# 
   616   000377                     STATUS_SHAD     equ	887	;# 
   617   000378                     WREG_SHAD       equ	888	;# 
   618   000379                     BSR_SHAD        equ	889	;# 
   619   00037A                     PCLATH_SHAD     equ	890	;# 
   620   00037B                     PCLATU_SHAD     equ	891	;# 
   621   00037C                     FSR0SH          equ	892	;# 
   622   00037C                     FSR0L_SHAD      equ	892	;# 
   623   00037D                     FSR0H_SHAD      equ	893	;# 
   624   00037E                     FSR1SH          equ	894	;# 
   625   00037E                     FSR1L_SHAD      equ	894	;# 
   626   00037F                     FSR1H_SHAD      equ	895	;# 
   627   000380                     FSR2SH          equ	896	;# 
   628   000380                     FSR2L_SHAD      equ	896	;# 
   629   000381                     FSR2H_SHAD      equ	897	;# 
   630   000382                     PRODSH          equ	898	;# 
   631   000382                     PRODL_SHAD      equ	898	;# 
   632   000383                     PRODH_SHAD      equ	899	;# 
   633   0003BC                     CWG1CLK         equ	956	;# 
   634   0003BC                     CWG1CLKCON      equ	956	;# 
   635   0003BD                     CWG1ISM         equ	957	;# 
   636   0003BD                     CWG1DAT         equ	957	;# 
   637   0003BE                     CWG1DBR         equ	958	;# 
   638   0003BF                     CWG1DBF         equ	959	;# 
   639   0003C0                     CWG1CON0        equ	960	;# 
   640   0003C1                     CWG1CON1        equ	961	;# 
   641   0003C2                     CWG1AS0         equ	962	;# 
   642   0003C3                     CWG1AS1         equ	963	;# 
   643   0003C4                     CWG1STR         equ	964	;# 
   644   0003C5                     CWG2CLK         equ	965	;# 
   645   0003C5                     CWG2CLKCON      equ	965	;# 
   646   0003C6                     CWG2ISM         equ	966	;# 
   647   0003C6                     CWG2DAT         equ	966	;# 
   648   0003C7                     CWG2DBR         equ	967	;# 
   649   0003C8                     CWG2DBF         equ	968	;# 
   650   0003C9                     CWG2CON0        equ	969	;# 
   651   0003CA                     CWG2CON1        equ	970	;# 
   652   0003CB                     CWG2AS0         equ	971	;# 
   653   0003CC                     CWG2AS1         equ	972	;# 
   654   0003CD                     CWG2STR         equ	973	;# 
   655   0003CE                     CWG3CLK         equ	974	;# 
   656   0003CE                     CWG3CLKCON      equ	974	;# 
   657   0003CF                     CWG3ISM         equ	975	;# 
   658   0003CF                     CWG3DAT         equ	975	;# 
   659   0003D0                     CWG3DBR         equ	976	;# 
   660   0003D1                     CWG3DBF         equ	977	;# 
   661   0003D2                     CWG3CON0        equ	978	;# 
   662   0003D3                     CWG3CON1        equ	979	;# 
   663   0003D4                     CWG3AS0         equ	980	;# 
   664   0003D5                     CWG3AS1         equ	981	;# 
   665   0003D6                     CWG3STR         equ	982	;# 
   666   0003D7                     FVRCON          equ	983	;# 
   667   0003D8                     ADCPCON         equ	984	;# 
   668   0003D8                     ADCP            equ	984	;# 
   669   0003D9                     ADLTH           equ	985	;# 
   670   0003D9                     ADLTHL          equ	985	;# 
   671   0003DA                     ADLTHH          equ	986	;# 
   672   0003DB                     ADUTH           equ	987	;# 
   673   0003DB                     ADUTHL          equ	987	;# 
   674   0003DC                     ADUTHH          equ	988	;# 
   675   0003DD                     ADERR           equ	989	;# 
   676   0003DD                     ADERRL          equ	989	;# 
   677   0003DE                     ADERRH          equ	990	;# 
   678   0003DF                     ADSTPT          equ	991	;# 
   679   0003DF                     ADSTPTL         equ	991	;# 
   680   0003E0                     ADSTPTH         equ	992	;# 
   681   0003E1                     ADFLTR          equ	993	;# 
   682   0003E1                     ADFLTRL         equ	993	;# 
   683   0003E2                     ADFLTRH         equ	994	;# 
   684   0003E3                     ADACC           equ	995	;# 
   685   0003E3                     ADACCL          equ	995	;# 
   686   0003E4                     ADACCH          equ	996	;# 
   687   0003E5                     ADACCU          equ	997	;# 
   688   0003E6                     ADCNT           equ	998	;# 
   689   0003E7                     ADRPT           equ	999	;# 
   690   0003E8                     ADPREV          equ	1000	;# 
   691   0003E8                     ADPREVL         equ	1000	;# 
   692   0003E9                     ADPREVH         equ	1001	;# 
   693   0003EA                     ADRES           equ	1002	;# 
   694   0003EA                     ADRESL          equ	1002	;# 
   695   0003EB                     ADRESH          equ	1003	;# 
   696   0003EC                     ADPCH           equ	1004	;# 
   697   0003EE                     ADACQ           equ	1006	;# 
   698   0003EE                     ADACQL          equ	1006	;# 
   699   0003EF                     ADACQH          equ	1007	;# 
   700   0003F0                     ADCAP           equ	1008	;# 
   701   0003F1                     ADPRE           equ	1009	;# 
   702   0003F1                     ADPREL          equ	1009	;# 
   703   0003F2                     ADPREH          equ	1010	;# 
   704   0003F3                     ADCON0          equ	1011	;# 
   705   0003F4                     ADCON1          equ	1012	;# 
   706   0003F5                     ADCON2          equ	1013	;# 
   707   0003F6                     ADCON3          equ	1014	;# 
   708   0003F7                     ADSTAT          equ	1015	;# 
   709   0003F8                     ADREF           equ	1016	;# 
   710   0003F9                     ADACT           equ	1017	;# 
   711   0003FA                     ADCLK           equ	1018	;# 
   712   000400                     ANSELA          equ	1024	;# 
   713   000401                     WPUA            equ	1025	;# 
   714   000402                     ODCONA          equ	1026	;# 
   715   000403                     SLRCONA         equ	1027	;# 
   716   000404                     INLVLA          equ	1028	;# 
   717   000405                     IOCAP           equ	1029	;# 
   718   000406                     IOCAN           equ	1030	;# 
   719   000407                     IOCAF           equ	1031	;# 
   720   000408                     ANSELB          equ	1032	;# 
   721   000409                     WPUB            equ	1033	;# 
   722   00040A                     ODCONB          equ	1034	;# 
   723   00040B                     SLRCONB         equ	1035	;# 
   724   00040C                     INLVLB          equ	1036	;# 
   725   00040D                     IOCBP           equ	1037	;# 
   726   00040E                     IOCBN           equ	1038	;# 
   727   00040F                     IOCBF           equ	1039	;# 
   728   000410                     ANSELC          equ	1040	;# 
   729   000411                     WPUC            equ	1041	;# 
   730   000412                     ODCONC          equ	1042	;# 
   731   000413                     SLRCONC         equ	1043	;# 
   732   000414                     INLVLC          equ	1044	;# 
   733   000415                     IOCCP           equ	1045	;# 
   734   000416                     IOCCN           equ	1046	;# 
   735   000417                     IOCCF           equ	1047	;# 
   736   000418                     ANSELD          equ	1048	;# 
   737   000419                     WPUD            equ	1049	;# 
   738   00041A                     ODCOND          equ	1050	;# 
   739   00041B                     SLRCOND         equ	1051	;# 
   740   00041C                     INLVLD          equ	1052	;# 
   741   000420                     ANSELE          equ	1056	;# 
   742   000421                     WPUE            equ	1057	;# 
   743   000422                     ODCONE          equ	1058	;# 
   744   000423                     SLRCONE         equ	1059	;# 
   745   000424                     INLVLE          equ	1060	;# 
   746   000425                     IOCEP           equ	1061	;# 
   747   000426                     IOCEN           equ	1062	;# 
   748   000427                     IOCEF           equ	1063	;# 
   749   000428                     ANSELF          equ	1064	;# 
   750   000429                     WPUF            equ	1065	;# 
   751   00042A                     ODCONF          equ	1066	;# 
   752   00042B                     SLRCONF         equ	1067	;# 
   753   00042C                     INLVLF          equ	1068	;# 
   754   000440                     NCO1ACC         equ	1088	;# 
   755   000440                     NCO1ACCL        equ	1088	;# 
   756   000441                     NCO1ACCH        equ	1089	;# 
   757   000442                     NCO1ACCU        equ	1090	;# 
   758   000443                     NCO1INC         equ	1091	;# 
   759   000443                     NCO1INCL        equ	1091	;# 
   760   000444                     NCO1INCH        equ	1092	;# 
   761   000445                     NCO1INCU        equ	1093	;# 
   762   000446                     NCO1CON         equ	1094	;# 
   763   000447                     NCO1CLK         equ	1095	;# 
   764   000448                     NCO2ACC         equ	1096	;# 
   765   000448                     NCO2ACCL        equ	1096	;# 
   766   000449                     NCO2ACCH        equ	1097	;# 
   767   00044A                     NCO2ACCU        equ	1098	;# 
   768   00044B                     NCO2INC         equ	1099	;# 
   769   00044B                     NCO2INCL        equ	1099	;# 
   770   00044C                     NCO2INCH        equ	1100	;# 
   771   00044D                     NCO2INCU        equ	1101	;# 
   772   00044E                     NCO2CON         equ	1102	;# 
   773   00044F                     NCO2CLK         equ	1103	;# 
   774   000450                     NCO3ACC         equ	1104	;# 
   775   000450                     NCO3ACCL        equ	1104	;# 
   776   000451                     NCO3ACCH        equ	1105	;# 
   777   000452                     NCO3ACCU        equ	1106	;# 
   778   000453                     NCO3INC         equ	1107	;# 
   779   000453                     NCO3INCL        equ	1107	;# 
   780   000454                     NCO3INCH        equ	1108	;# 
   781   000455                     NCO3INCU        equ	1109	;# 
   782   000456                     NCO3CON         equ	1110	;# 
   783   000457                     NCO3CLK         equ	1111	;# 
   784   000459                     IVTLOCK         equ	1113	;# 
   785   00045A                     IVTAD           equ	1114	;# 
   786   00045A                     IVTADL          equ	1114	;# 
   787   00045B                     IVTADH          equ	1115	;# 
   788   00045C                     IVTADU          equ	1116	;# 
   789   00045D                     IVTBASE         equ	1117	;# 
   790   00045D                     IVTBASEL        equ	1117	;# 
   791   00045E                     IVTBASEH        equ	1118	;# 
   792   00045F                     IVTBASEU        equ	1119	;# 
   793   000460                     PWM1ERS         equ	1120	;# 
   794   000461                     PWM1CLK         equ	1121	;# 
   795   000462                     PWM1LDS         equ	1122	;# 
   796   000463                     PWM1PR          equ	1123	;# 
   797   000463                     PWM1PRL         equ	1123	;# 
   798   000464                     PWM1PRH         equ	1124	;# 
   799   000465                     PWM1CPRE        equ	1125	;# 
   800   000466                     PWM1PIPOS       equ	1126	;# 
   801   000467                     PWM1GIR         equ	1127	;# 
   802   000468                     PWM1GIE         equ	1128	;# 
   803   000469                     PWM1CON         equ	1129	;# 
   804   00046A                     PWM1S1CFG       equ	1130	;# 
   805   00046B                     PWM1S1P1        equ	1131	;# 
   806   00046B                     PWM1S1P1L       equ	1131	;# 
   807   00046C                     PWM1S1P1H       equ	1132	;# 
   808   00046D                     PWM1S1P2        equ	1133	;# 
   809   00046D                     PWM1S1P2L       equ	1133	;# 
   810   00046E                     PWM1S1P2H       equ	1134	;# 
   811   00046F                     PWM2ERS         equ	1135	;# 
   812   000470                     PWM2CLK         equ	1136	;# 
   813   000471                     PWM2LDS         equ	1137	;# 
   814   000472                     PWM2PR          equ	1138	;# 
   815   000472                     PWM2PRL         equ	1138	;# 
   816   000473                     PWM2PRH         equ	1139	;# 
   817   000474                     PWM2CPRE        equ	1140	;# 
   818   000475                     PWM2PIPOS       equ	1141	;# 
   819   000476                     PWM2GIR         equ	1142	;# 
   820   000477                     PWM2GIE         equ	1143	;# 
   821   000478                     PWM2CON         equ	1144	;# 
   822   000479                     PWM2S1CFG       equ	1145	;# 
   823   00047A                     PWM2S1P1        equ	1146	;# 
   824   00047A                     PWM2S1P1L       equ	1146	;# 
   825   00047B                     PWM2S1P1H       equ	1147	;# 
   826   00047C                     PWM2S1P2        equ	1148	;# 
   827   00047C                     PWM2S1P2L       equ	1148	;# 
   828   00047D                     PWM2S1P2H       equ	1149	;# 
   829   00047E                     PWM3ERS         equ	1150	;# 
   830   00047F                     PWM3CLK         equ	1151	;# 
   831   000480                     PWM3LDS         equ	1152	;# 
   832   000481                     PWM3PR          equ	1153	;# 
   833   000481                     PWM3PRL         equ	1153	;# 
   834   000482                     PWM3PRH         equ	1154	;# 
   835   000483                     PWM3CPRE        equ	1155	;# 
   836   000484                     PWM3PIPOS       equ	1156	;# 
   837   000485                     PWM3GIR         equ	1157	;# 
   838   000486                     PWM3GIE         equ	1158	;# 
   839   000487                     PWM3CON         equ	1159	;# 
   840   000488                     PWM3S1CFG       equ	1160	;# 
   841   000489                     PWM3S1P1        equ	1161	;# 
   842   000489                     PWM3S1P1L       equ	1161	;# 
   843   00048A                     PWM3S1P1H       equ	1162	;# 
   844   00048B                     PWM3S1P2        equ	1163	;# 
   845   00048B                     PWM3S1P2L       equ	1163	;# 
   846   00048C                     PWM3S1P2H       equ	1164	;# 
   847   00049C                     PWMLOAD         equ	1180	;# 
   848   00049D                     PWMEN           equ	1181	;# 
   849   00049E                     PIE0            equ	1182	;# 
   850   00049F                     PIE1            equ	1183	;# 
   851   0004A0                     PIE2            equ	1184	;# 
   852   0004A1                     PIE3            equ	1185	;# 
   853   0004A2                     PIE4            equ	1186	;# 
   854   0004A3                     PIE5            equ	1187	;# 
   855   0004A4                     PIE6            equ	1188	;# 
   856   0004A5                     PIE7            equ	1189	;# 
   857   0004A6                     PIE8            equ	1190	;# 
   858   0004A7                     PIE9            equ	1191	;# 
   859   0004A8                     PIE10           equ	1192	;# 
   860   0004A9                     PIE11           equ	1193	;# 
   861   0004AA                     PIE12           equ	1194	;# 
   862   0004AB                     PIE13           equ	1195	;# 
   863   0004AC                     PIE14           equ	1196	;# 
   864   0004AD                     PIE15           equ	1197	;# 
   865   0004AE                     PIR0            equ	1198	;# 
   866   0004AF                     PIR1            equ	1199	;# 
   867   0004B0                     PIR2            equ	1200	;# 
   868   0004B1                     PIR3            equ	1201	;# 
   869   0004B2                     PIR4            equ	1202	;# 
   870   0004B3                     PIR5            equ	1203	;# 
   871   0004B4                     PIR6            equ	1204	;# 
   872   0004B5                     PIR7            equ	1205	;# 
   873   0004B6                     PIR8            equ	1206	;# 
   874   0004B7                     PIR9            equ	1207	;# 
   875   0004B8                     PIR10           equ	1208	;# 
   876   0004B9                     PIR11           equ	1209	;# 
   877   0004BA                     PIR12           equ	1210	;# 
   878   0004BB                     PIR13           equ	1211	;# 
   879   0004BC                     PIR14           equ	1212	;# 
   880   0004BD                     PIR15           equ	1213	;# 
   881   0004BE                     LATA            equ	1214	;# 
   882   0004BF                     LATB            equ	1215	;# 
   883   0004C0                     LATC            equ	1216	;# 
   884   0004C1                     LATD            equ	1217	;# 
   885   0004C2                     LATE            equ	1218	;# 
   886   0004C3                     LATF            equ	1219	;# 
   887   0004C6                     TRISA           equ	1222	;# 
   888   0004C7                     TRISB           equ	1223	;# 
   889   0004C8                     TRISC           equ	1224	;# 
   890   0004C9                     TRISD           equ	1225	;# 
   891   0004CA                     TRISE           equ	1226	;# 
   892   0004CB                     TRISF           equ	1227	;# 
   893   0004CE                     PORTA           equ	1230	;# 
   894   0004CF                     PORTB           equ	1231	;# 
   895   0004D0                     PORTC           equ	1232	;# 
   896   0004D1                     PORTD           equ	1233	;# 
   897   0004D2                     PORTE           equ	1234	;# 
   898   0004D3                     PORTF           equ	1235	;# 
   899   0004D6                     INTCON0         equ	1238	;# 
   900   0004D7                     INTCON1         equ	1239	;# 
   901   0004D8                     STATUS          equ	1240	;# 
   902   0004D9                     FSR2            equ	1241	;# 
   903   0004D9                     FSR2L           equ	1241	;# 
   904   0004DA                     FSR2H           equ	1242	;# 
   905   0004DB                     PLUSW2          equ	1243	;# 
   906   0004DC                     PREINC2         equ	1244	;# 
   907   0004DD                     POSTDEC2        equ	1245	;# 
   908   0004DE                     POSTINC2        equ	1246	;# 
   909   0004DF                     INDF2           equ	1247	;# 
   910   0004E0                     BSR             equ	1248	;# 
   911   0004E1                     FSR1            equ	1249	;# 
   912   0004E1                     FSR1L           equ	1249	;# 
   913   0004E2                     FSR1H           equ	1250	;# 
   914   0004E3                     PLUSW1          equ	1251	;# 
   915   0004E4                     PREINC1         equ	1252	;# 
   916   0004E5                     POSTDEC1        equ	1253	;# 
   917   0004E6                     POSTINC1        equ	1254	;# 
   918   0004E7                     INDF1           equ	1255	;# 
   919   0004E8                     WREG            equ	1256	;# 
   920   0004E9                     FSR0            equ	1257	;# 
   921   0004E9                     FSR0L           equ	1257	;# 
   922   0004EA                     FSR0H           equ	1258	;# 
   923   0004EB                     PLUSW0          equ	1259	;# 
   924   0004EC                     PREINC0         equ	1260	;# 
   925   0004ED                     POSTDEC0        equ	1261	;# 
   926   0004EE                     POSTINC0        equ	1262	;# 
   927   0004EF                     INDF0           equ	1263	;# 
   928   0004F0                     PCON0           equ	1264	;# 
   929   0004F1                     PCON1           equ	1265	;# 
   930   0004F2                     CPUDOZE         equ	1266	;# 
   931   0004F3                     PROD            equ	1267	;# 
   932   0004F3                     PRODL           equ	1267	;# 
   933   0004F4                     PRODH           equ	1268	;# 
   934   0004F5                     TABLAT          equ	1269	;# 
   935   0004F6                     TBLPTR          equ	1270	;# 
   936   0004F6                     TBLPTRL         equ	1270	;# 
   937   0004F7                     TBLPTRH         equ	1271	;# 
   938   0004F8                     TBLPTRU         equ	1272	;# 
   939   0004F9                     PCLAT           equ	1273	;# 
   940   0004F9                     PCL             equ	1273	;# 
   941   0004FA                     PCLATH          equ	1274	;# 
   942   0004FB                     PCLATU          equ	1275	;# 
   943   0004FC                     STKPTR          equ	1276	;# 
   944   0004FD                     TOS             equ	1277	;# 
   945   0004FD                     TOSL            equ	1277	;# 
   946   0004FE                     TOSH            equ	1278	;# 
   947   0004FF                     TOSU            equ	1279	;# 
   948                           
   949                           	psect	idataCOMRAM
   950   002698                     __pidataCOMRAM:
   951                           	callstack 0
   952                           
   953                           ;initializer for _anime
   954   002698  21                 	db	33
   955   002699  03                 	db	3
   956   00269A  42                 	db	66
   957   00269B  50                 	db	80
   958   00269C  18                 	db	24
   959   00269D  0C                 	db	12
   960   00269E  44                 	db	68
   961   00269F  60                 	db	96
   962   0000B3                     _OSCEN          set	179
   963   0000B1                     _OSCFRQ         set	177
   964   0000AD                     _OSCCON1        set	173
   965   000409                     _WPUB           set	1033
   966   000408                     _ANSELB         set	1032
   967   000410                     _ANSELCbits     set	1040
   968   000418                     _ANSELD         set	1048
   969   0004C1                     _LATD           set	1217
   970   0004C0                     _LATCbits       set	1216
   971   0004C8                     _TRISCbits      set	1224
   972   0004C9                     _TRISD          set	1225
   973                           
   974                           ; #config settings
   975                           
   976                           	psect	cinit
   977   00264C                     __pcinit:
   978                           	callstack 0
   979   00264C                     start_initialization:
   980                           	callstack 0
   981   00264C                     __initialization:
   982                           	callstack 0
   983                           
   984                           ; Initialize objects allocated to COMRAM (8 bytes)
   985                           ; load TBLPTR registers with __pidataCOMRAM
   986   00264C  0E98               	movlw	low __pidataCOMRAM
   987   00264E  6EF6               	movwf	tblptrl,c
   988   002650  0E26               	movlw	high __pidataCOMRAM
   989   002652  6EF7               	movwf	tblptrh,c
   990   002654  0E00               	movlw	low (__pidataCOMRAM shr (0+16))
   991   002656  6EF8               	movwf	tblptru,c
   992   002658  EE01  F101         	lfsr	0,__pdataCOMRAM
   993   00265C  EE10 F008          	lfsr	1,8
   994   002660                     copy_data0:
   995   002660  0009               	tblrd		*+
   996   002662  C4F5 F4EE          	movff	tablat,postinc0
   997   002666  50E5               	movf	postdec1,w,c
   998   002668  50E1               	movf	fsr1l,w,c
   999   00266A  E1FA               	bnz	copy_data0
  1000   00266C                     end_of_initialization:
  1001                           	callstack 0
  1002   00266C                     __end_of__initialization:
  1003                           	callstack 0
  1004   00266C  0100               	movlb	0
  1005   00266E  EF01  F013         	goto	_main	;jump to C main() function
  1006                           
  1007                           	psect	dataCOMRAM
  1008   000501                     __pdataCOMRAM:
  1009                           	callstack 0
  1010   000501                     _anime:
  1011                           	callstack 0
  1012   000501                     	ds	8
  1013                           
  1014                           	psect	cstackCOMRAM
  1015   000509                     __pcstackCOMRAM:
  1016                           	callstack 0
  1017   000509                     ??_main:
  1018                           
  1019                           ; 1 bytes @ 0x0
  1020   000509                     	ds	2
  1021   00050B                     main@xvar:
  1022                           	callstack 0
  1023                           
  1024                           ; 1 bytes @ 0x2
  1025   00050B                     	ds	1
  1026                           
  1027 ;;
  1028 ;;Main: autosize = 0, tempsize = 2, incstack = 0, save=0
  1029 ;;
  1030 ;; *************** function _main *****************
  1031 ;; Defined at:
  1032 ;;		line 28 in file "maincode02.c"
  1033 ;; Parameters:    Size  Location     Type
  1034 ;;		None
  1035 ;; Auto vars:     Size  Location     Type
  1036 ;;  xvar            1    2[COMRAM] unsigned char 
  1037 ;; Return value:  Size  Location     Type
  1038 ;;                  1    wreg      void 
  1039 ;; Registers used:
  1040 ;;		wreg, fsr2l, fsr2h, status,2, status,0, cstack
  1041 ;; Tracked objects:
  1042 ;;		On entry : 0/0
  1043 ;;		On exit  : 0/0
  1044 ;;		Unchanged: 0/0
  1045 ;; Data sizes:     COMRAM   BANK5   BANK6   BANK7   BANK8   BANK9  BANK10  BANK11  BANK12  BANK13  BANK14  BANK15  BANK1
      +6  BANK17  BANK18  BANK19  BANK20  BANK21  BANK22  BANK23  BANK24  BANK25  BANK26  BANK27  BANK28  BANK29  BANK30  BANK3
      +1  BANK32  BANK33  BANK34  BANK35  BANK36
  1046 ;;      Params:         0       0       0       0       0       0       0       0       0       0       0       0       
      +0       0       0       0       0       0       0       0       0       0       0       0       0       0       0       
      +0       0       0       0       0       0
  1047 ;;      Locals:         1       0       0       0       0       0       0       0       0       0       0       0       
      +0       0       0       0       0       0       0       0       0       0       0       0       0       0       0       
      +0       0       0       0       0       0
  1048 ;;      Temps:          2       0       0       0       0       0       0       0       0       0       0       0       
      +0       0       0       0       0       0       0       0       0       0       0       0       0       0       0       
      +0       0       0       0       0       0
  1049 ;;      Totals:         3       0       0       0       0       0       0       0       0       0       0       0       
      +0       0       0       0       0       0       0       0       0       0       0       0       0       0       0       
      +0       0       0       0       0       0
  1050 ;;Total ram usage:        3 bytes
  1051 ;; Hardware stack levels required when called: 1
  1052 ;; This function calls:
  1053 ;;		_configuro
  1054 ;; This function is called by:
  1055 ;;		Startup code after reset
  1056 ;; This function uses a non-reentrant model
  1057 ;;
  1058                           
  1059                           	psect	text0
  1060   002602                     __ptext0:
  1061                           	callstack 0
  1062   002602                     _main:
  1063                           	callstack 126
  1064   002602                     
  1065                           ;maincode02.c: 29:     configuro();
  1066   002602  EC39  F013         	call	_configuro	;wreg free
  1067   002606                     
  1068                           ;maincode02.c: 30:     LATCbits.LATC0 = 1;
  1069   002606  80C0               	bsf	192,0,c	;volatile
  1070   002608                     l835:
  1071                           
  1072                           ;maincode02.c: 32:         for(unsigned char xvar=0;xvar<8;xvar++){
  1073   002608  6A0B               	clrf	main@xvar^(0+1280),c
  1074   00260A                     l841:
  1075                           
  1076                           ;maincode02.c: 33:             LATD = anime[xvar];
  1077   00260A  0E01               	movlw	low _anime
  1078   00260C  240B               	addwf	main@xvar^(0+1280),w,c
  1079   00260E  6ED9               	movwf	fsr2l,c
  1080   002610  6ADA               	clrf	fsr2h,c
  1081   002612  0E05               	movlw	high _anime
  1082   002614  22DA               	addwfc	fsr2h,f,c
  1083   002616  50DF               	movf	indf2,w,c
  1084   002618  6EC1               	movwf	193,c	;volatile
  1085   00261A                     
  1086                           ;maincode02.c: 34:             _delay((unsigned long)((100)*(64000000UL/4000.0)));
  1087   00261A  0E09               	movlw	9
  1088   00261C  6E0A               	movwf	(??_main+1)^(0+1280),c
  1089   00261E  0E1E               	movlw	30
  1090   002620  6E09               	movwf	??_main^(0+1280),c
  1091   002622  0EE4               	movlw	228
  1092   002624                     u27:
  1093   002624  2EE8               	decfsz	wreg,f,c
  1094   002626  D7FE               	bra	u27
  1095   002628  2E09               	decfsz	??_main^(0+1280),f,c
  1096   00262A  D7FC               	bra	u27
  1097   00262C  2E0A               	decfsz	(??_main+1)^(0+1280),f,c
  1098   00262E  D7FA               	bra	u27
  1099   002630  D000               	nop2	
  1100   002632                     
  1101                           ;maincode02.c: 35:         }
  1102   002632  2A0B               	incf	main@xvar^(0+1280),f,c
  1103   002634  0E07               	movlw	7
  1104   002636  640B               	cpfsgt	main@xvar^(0+1280),c
  1105   002638  EF20  F013         	goto	u11
  1106   00263C  EF22  F013         	goto	u10
  1107   002640                     u11:
  1108   002640  EF05  F013         	goto	l841
  1109   002644                     u10:
  1110   002644  EF04  F013         	goto	l835
  1111   002648  EFFE  F0FF         	goto	start
  1112   00264C                     __end_of_main:
  1113                           	callstack 0
  1114                           
  1115 ;; *************** function _configuro *****************
  1116 ;; Defined at:
  1117 ;;		line 11 in file "maincode02.c"
  1118 ;; Parameters:    Size  Location     Type
  1119 ;;		None
  1120 ;; Auto vars:     Size  Location     Type
  1121 ;;		None
  1122 ;; Return value:  Size  Location     Type
  1123 ;;                  1    wreg      void 
  1124 ;; Registers used:
  1125 ;;		wreg, status,2
  1126 ;; Tracked objects:
  1127 ;;		On entry : 0/0
  1128 ;;		On exit  : 0/0
  1129 ;;		Unchanged: 0/0
  1130 ;; Data sizes:     COMRAM   BANK5   BANK6   BANK7   BANK8   BANK9  BANK10  BANK11  BANK12  BANK13  BANK14  BANK15  BANK1
      +6  BANK17  BANK18  BANK19  BANK20  BANK21  BANK22  BANK23  BANK24  BANK25  BANK26  BANK27  BANK28  BANK29  BANK30  BANK3
      +1  BANK32  BANK33  BANK34  BANK35  BANK36
  1131 ;;      Params:         0       0       0       0       0       0       0       0       0       0       0       0       
      +0       0       0       0       0       0       0       0       0       0       0       0       0       0       0       
      +0       0       0       0       0       0
  1132 ;;      Locals:         0       0       0       0       0       0       0       0       0       0       0       0       
      +0       0       0       0       0       0       0       0       0       0       0       0       0       0       0       
      +0       0       0       0       0       0
  1133 ;;      Temps:          0       0       0       0       0       0       0       0       0       0       0       0       
      +0       0       0       0       0       0       0       0       0       0       0       0       0       0       0       
      +0       0       0       0       0       0
  1134 ;;      Totals:         0       0       0       0       0       0       0       0       0       0       0       0       
      +0       0       0       0       0       0       0       0       0       0       0       0       0       0       0       
      +0       0       0       0       0       0
  1135 ;;Total ram usage:        0 bytes
  1136 ;; Hardware stack levels used: 1
  1137 ;; This function calls:
  1138 ;;		Nothing
  1139 ;; This function is called by:
  1140 ;;		_main
  1141 ;; This function uses a non-reentrant model
  1142 ;;
  1143                           
  1144                           	psect	text1
  1145   002672                     __ptext1:
  1146                           	callstack 0
  1147   002672                     _configuro:
  1148                           	callstack 126
  1149   002672                     
  1150                           ;maincode02.c: 13:     OSCCON1 = 0x60;
  1151   002672  0E60               	movlw	96
  1152   002674  0100               	movlb	0	; () banked
  1153   002676  6FAD               	movwf	173,b	;volatile
  1154                           
  1155                           ;maincode02.c: 14:     OSCFRQ = 0x08;
  1156   002678  0E08               	movlw	8
  1157   00267A  6FB1               	movwf	177,b	;volatile
  1158                           
  1159                           ;maincode02.c: 15:     OSCEN = 0x40;
  1160   00267C  0E40               	movlw	64
  1161   00267E  6FB3               	movwf	179,b	;volatile
  1162                           
  1163                           ;maincode02.c: 17:     TRISD = 0x80;
  1164   002680  0E80               	movlw	128
  1165   002682  6EC9               	movwf	201,c	;volatile
  1166                           
  1167                           ;maincode02.c: 18:     ANSELD = 0x80;
  1168   002684  0E80               	movlw	128
  1169   002686  0104               	movlb	4	; () banked
  1170   002688  6F18               	movwf	24,b	;volatile
  1171   00268A                     
  1172                           ; BSR set to: 4
  1173                           ;maincode02.c: 19:     TRISCbits.TRISC0 = 0;
  1174   00268A  90C8               	bcf	200,0,c	;volatile
  1175   00268C                     
  1176                           ; BSR set to: 4
  1177                           ;maincode02.c: 20:     ANSELCbits.ANSELC0 = 0;
  1178   00268C  9110               	bcf	16,0,b	;volatile
  1179                           
  1180                           ;maincode02.c: 21:     ANSELB = 0xFC;
  1181   00268E  0EFC               	movlw	252
  1182   002690  6F08               	movwf	8,b	;volatile
  1183                           
  1184                           ;maincode02.c: 22:     WPUB = 0x03;
  1185   002692  0E03               	movlw	3
  1186   002694  6F09               	movwf	9,b	;volatile
  1187   002696                     
  1188                           ; BSR set to: 4
  1189   002696  0012               	return		;funcret
  1190   002698                     __end_of_configuro:
  1191                           	callstack 0
  1192                           
  1193                           	psect	smallconst
  1194   002600                     __psmallconst:
  1195                           	callstack 0
  1196   002600  00                 	db	0
  1197   002601  00                 	db	0	; dummy byte at the end
  1198   002600                     __smallconst    set	__psmallconst
  1199   002600                     __mediumconst   set	__psmallconst
  1200   000000                     __activetblptr  equ	0
  1201                           
  1202                           	psect	rparam
  1203   000001                     ___rparam_used  equ	1
  1204   000000                     ___param_bank   equ	0
  1205   000000                     __Lparam        equ	__Lrparam
  1206   000000                     __Hparam        equ	__Hrparam
  1207                           
  1208                           	psect	config
  1209                           
  1210                           ;Config register CONFIG1 @ 0x300000
  1211                           ;	External Oscillator Selection
  1212                           ;	FEXTOSC = OFF, Oscillator not enabled
  1213                           ;	Reset Oscillator Selection
  1214                           ;	RSTOSC = EXTOSC, EXTOSC operating per FEXTOSC bits (device manufacturing default)
  1215   300000                     	org	3145728
  1216   300000  FC                 	db	252
  1217                           
  1218                           ;Config register CONFIG2 @ 0x300001
  1219                           ;	Clock out Enable bit
  1220                           ;	CLKOUTEN = OFF, CLKOUT function is disabled
  1221                           ;	PRLOCKED One-Way Set Enable bit
  1222                           ;	PR1WAY = ON, PRLOCKED bit can be cleared and set only once
  1223                           ;	Clock Switch Enable bit
  1224                           ;	CSWEN = ON, Writing to NOSC and NDIV is allowed
  1225                           ;	Fail-Safe Clock Monitor Enable bit
  1226                           ;	FCMEN = ON, Fail-Safe Clock Monitor enabled
  1227   300001                     	org	3145729
  1228   300001  FF                 	db	255
  1229                           
  1230                           ;Config register CONFIG3 @ 0x300002
  1231                           ;	MCLR Enable bit
  1232                           ;	MCLRE = EXTMCLR, If LVP = 0, MCLR pin is MCLR; If LVP = 1, RE3 pin function is MCLR
  1233                           ;	Power-up timer selection bits
  1234                           ;	PWRTS = PWRT_64, PWRT set at 64ms
  1235                           ;	Multi-vector enable bit
  1236                           ;	MVECEN = ON, Multi-vector enabled, Vector table used for interrupts
  1237                           ;	IVTLOCK bit One-way set enable bit
  1238                           ;	IVT1WAY = ON, IVTLOCKED bit can be cleared and set only once
  1239                           ;	Low Power BOR Enable bit
  1240                           ;	LPBOREN = OFF, Low-Power BOR disabled
  1241                           ;	Brown-out Reset Enable bits
  1242                           ;	BOREN = OFF, Brown-out Reset disabled
  1243   300002                     	org	3145730
  1244   300002  3D                 	db	61
  1245                           
  1246                           ;Config register CONFIG4 @ 0x300003
  1247                           ;	Brown-out Reset Voltage Selection bits
  1248                           ;	BORV = VBOR_1P9, Brown-out Reset Voltage (VBOR) set to 1.9V
  1249                           ;	ZCD Disable bit
  1250                           ;	ZCD = OFF, ZCD module is disabled. ZCD can be enabled by setting the ZCDSEN bit of ZCD
      +                          CON
  1251                           ;	PPSLOCK bit One-Way Set Enable bit
  1252                           ;	PPS1WAY = ON, PPSLOCKED bit can be cleared and set only once; PPS registers remain loc
      +                          ked after one clear/set cycle
  1253                           ;	Stack Full/Underflow Reset Enable bit
  1254                           ;	STVREN = ON, Stack full/underflow will cause Reset
  1255                           ;	Low Voltage Programming Enable bit
  1256                           ;	LVP = OFF, HV on MCLR/VPP must be used for programming
  1257                           ;	Extended Instruction Set Enable bit
  1258                           ;	XINST = OFF, Extended Instruction Set and Indexed Addressing Mode disabled
  1259   300003                     	org	3145731
  1260   300003  DF                 	db	223
  1261                           
  1262                           ;Config register CONFIG5 @ 0x300004
  1263                           ;	WDT Period selection bits
  1264                           ;	WDTCPS = WDTCPS_31, Divider ratio 1:65536; software control of WDTPS
  1265                           ;	WDT operating mode
  1266                           ;	WDTE = OFF, WDT Disabled; SWDTEN is ignored
  1267   300004                     	org	3145732
  1268   300004  9F                 	db	159
  1269                           
  1270                           ;Config register CONFIG6 @ 0x300005
  1271                           ;	WDT Window Select bits
  1272                           ;	WDTCWS = WDTCWS_7, window always open (100%); software control; keyed access not requi
      +                          red
  1273                           ;	WDT input clock selector
  1274                           ;	WDTCCS = SC, Software Control
  1275   300005                     	org	3145733
  1276   300005  FF                 	db	255
  1277                           
  1278                           ;Config register CONFIG7 @ 0x300006
  1279                           ;	Boot Block Size selection bits
  1280                           ;	BBSIZE = BBSIZE_512, Boot Block size is 512 words
  1281                           ;	Boot Block enable bit
  1282                           ;	BBEN = OFF, Boot block disabled
  1283                           ;	Storage Area Flash enable bit
  1284                           ;	SAFEN = OFF, SAF disabled
  1285                           ;	Background Debugger
  1286                           ;	DEBUG = OFF, Background Debugger disabled
  1287   300006                     	org	3145734
  1288   300006  FF                 	db	255
  1289                           
  1290                           ;Config register CONFIG8 @ 0x300007
  1291                           ;	Boot Block Write Protection bit
  1292                           ;	WRTB = OFF, Boot Block not Write protected
  1293                           ;	Configuration Register Write Protection bit
  1294                           ;	WRTC = OFF, Configuration registers not Write protected
  1295                           ;	Data EEPROM Write Protection bit
  1296                           ;	WRTD = OFF, Data EEPROM not Write protected
  1297                           ;	SAF Write protection bit
  1298                           ;	WRTSAF = OFF, SAF not Write Protected
  1299                           ;	Application Block write protection bit
  1300                           ;	WRTAPP = OFF, Application Block not write protected
  1301   300007                     	org	3145735
  1302   300007  FF                 	db	255
  1303                           
  1304                           ;Config register CONFIG10 @ 0x300009
  1305                           ;	PFM and Data EEPROM Code Protection bit
  1306                           ;	CP = OFF, PFM and Data EEPROM code protection disabled
  1307   300009                     	org	3145737
  1308   300009  FF                 	db	255
  1309                           tosu	equ	0x4FF
  1310                           tosh	equ	0x4FE
  1311                           tosl	equ	0x4FD
  1312                           stkptr	equ	0x4FC
  1313                           pclatu	equ	0x4FB
  1314                           pclath	equ	0x4FA
  1315                           pcl	equ	0x4F9
  1316                           tblptru	equ	0x4F8
  1317                           tblptrh	equ	0x4F7
  1318                           tblptrl	equ	0x4F6
  1319                           tablat	equ	0x4F5
  1320                           prodh	equ	0x4F4
  1321                           prodl	equ	0x4F3
  1322                           indf0	equ	0x4EF
  1323                           postinc0	equ	0x4EE
  1324                           postdec0	equ	0x4ED
  1325                           preinc0	equ	0x4EC
  1326                           plusw0	equ	0x4EB
  1327                           fsr0h	equ	0x4EA
  1328                           fsr0l	equ	0x4E9
  1329                           wreg	equ	0x4E8
  1330                           indf1	equ	0x4E7
  1331                           postinc1	equ	0x4E6
  1332                           postdec1	equ	0x4E5
  1333                           preinc1	equ	0x4E4
  1334                           plusw1	equ	0x4E3
  1335                           fsr1h	equ	0x4E2
  1336                           fsr1l	equ	0x4E1
  1337                           bsr	equ	0x4E0
  1338                           indf2	equ	0x4DF
  1339                           postinc2	equ	0x4DE
  1340                           postdec2	equ	0x4DD
  1341                           preinc2	equ	0x4DC
  1342                           plusw2	equ	0x4DB
  1343                           fsr2h	equ	0x4DA
  1344                           fsr2l	equ	0x4D9
  1345                           status	equ	0x4D8

Data Sizes:
    Strings     0
    Constant    0
    Data        8
    BSS         0
    Persistent  0
    Stack       0

Auto Spaces:
    Space          Size  Autos    Used
    COMRAM           95      3      11
    BANK5           160      0       0
    BANK6           256      0       0
    BANK7           256      0       0
    BANK8           256      0       0
    BANK9           256      0       0
    BANK10          256      0       0
    BANK11          256      0       0
    BANK12          256      0       0
    BANK13          256      0       0
    BANK14          256      0       0
    BANK15          256      0       0
    BANK16          256      0       0
    BANK17          256      0       0
    BANK18          256      0       0
    BANK19          256      0       0
    BANK20          256      0       0
    BANK21          256      0       0
    BANK22          256      0       0
    BANK23          256      0       0
    BANK24          256      0       0
    BANK25          256      0       0
    BANK26          256      0       0
    BANK27          256      0       0
    BANK28          256      0       0
    BANK29          256      0       0
    BANK30          256      0       0
    BANK31          256      0       0
    BANK32          256      0       0
    BANK33          256      0       0
    BANK34          256      0       0
    BANK35          256      0       0
    BANK36          256      0       0

Pointer List with Targets:

    None.

Critical Paths under _main in COMRAM

    None.

Critical Paths under _main in BANK5

    None.

Critical Paths under _main in BANK6

    None.

Critical Paths under _main in BANK7

    None.

Critical Paths under _main in BANK8

    None.

Critical Paths under _main in BANK9

    None.

Critical Paths under _main in BANK10

    None.

Critical Paths under _main in BANK11

    None.

Critical Paths under _main in BANK12

    None.

Critical Paths under _main in BANK13

    None.

Critical Paths under _main in BANK14

    None.

Critical Paths under _main in BANK15

    None.

Critical Paths under _main in BANK16

    None.

Critical Paths under _main in BANK17

    None.

Critical Paths under _main in BANK18

    None.

Critical Paths under _main in BANK19

    None.

Critical Paths under _main in BANK20

    None.

Critical Paths under _main in BANK21

    None.

Critical Paths under _main in BANK22

    None.

Critical Paths under _main in BANK23

    None.

Critical Paths under _main in BANK24

    None.

Critical Paths under _main in BANK25

    None.

Critical Paths under _main in BANK26

    None.

Critical Paths under _main in BANK27

    None.

Critical Paths under _main in BANK28

    None.

Critical Paths under _main in BANK29

    None.

Critical Paths under _main in BANK30

    None.

Critical Paths under _main in BANK31

    None.

Critical Paths under _main in BANK32

    None.

Critical Paths under _main in BANK33

    None.

Critical Paths under _main in BANK34

    None.

Critical Paths under _main in BANK35

    None.

Critical Paths under _main in BANK36

    None.

Call Graph Tables:

 ---------------------------------------------------------------------------------
 (Depth) Function   	        Calls       Base Space   Used Autos Params    Refs
 ---------------------------------------------------------------------------------
 (0) _main                                                 3     3      0      45
                                              0 COMRAM     3     3      0
                          _configuro
 ---------------------------------------------------------------------------------
 (1) _configuro                                            0     0      0       0
 ---------------------------------------------------------------------------------
 Estimated maximum stack depth 1
 ---------------------------------------------------------------------------------

 Call Graph Graphs:

 _main (ROOT)
   _configuro

Address spaces:
Name               Size   Autos  Total    Usage
BIGRAM            8191      0       0      0.0%
BITBIGSFRh        1100      0       0      0.0%
BITBIGSFR_1        256      0       0      0.0%
BITBANK36          256      0       0      0.0%
BANK36             256      0       0      0.0%
BITBANK35          256      0       0      0.0%
BANK35             256      0       0      0.0%
BITBANK34          256      0       0      0.0%
BANK34             256      0       0      0.0%
BITBANK33          256      0       0      0.0%
BANK33             256      0       0      0.0%
BITBANK32          256      0       0      0.0%
BANK32             256      0       0      0.0%
BITBANK31          256      0       0      0.0%
BANK31             256      0       0      0.0%
BITBANK30          256      0       0      0.0%
BANK30             256      0       0      0.0%
BITBANK29          256      0       0      0.0%
BANK29             256      0       0      0.0%
BITBANK28          256      0       0      0.0%
BANK28             256      0       0      0.0%
BITBANK27          256      0       0      0.0%
BANK27             256      0       0      0.0%
BITBANK26          256      0       0      0.0%
BANK26             256      0       0      0.0%
BITBANK25          256      0       0      0.0%
BANK25             256      0       0      0.0%
BITBANK24          256      0       0      0.0%
BANK24             256      0       0      0.0%
BITBANK23          256      0       0      0.0%
BANK23             256      0       0      0.0%
BITBANK22          256      0       0      0.0%
BANK22             256      0       0      0.0%
BITBANK21          256      0       0      0.0%
BANK21             256      0       0      0.0%
BITBANK20          256      0       0      0.0%
BANK20             256      0       0      0.0%
BITBANK19          256      0       0      0.0%
BANK19             256      0       0      0.0%
BITBANK18          256      0       0      0.0%
BANK18             256      0       0      0.0%
BITBANK17          256      0       0      0.0%
BANK17             256      0       0      0.0%
BITBANK16          256      0       0      0.0%
BANK16             256      0       0      0.0%
BITBANK15          256      0       0      0.0%
BANK15             256      0       0      0.0%
BITBANK14          256      0       0      0.0%
BANK14             256      0       0      0.0%
BITBANK13          256      0       0      0.0%
BANK13             256      0       0      0.0%
BITBANK12          256      0       0      0.0%
BANK12             256      0       0      0.0%
BITBANK11          256      0       0      0.0%
BANK11             256      0       0      0.0%
BITBANK10          256      0       0      0.0%
BANK10             256      0       0      0.0%
BITBANK9           256      0       0      0.0%
BANK9              256      0       0      0.0%
BITBANK8           256      0       0      0.0%
BANK8              256      0       0      0.0%
BITBANK7           256      0       0      0.0%
BANK7              256      0       0      0.0%
BITBANK6           256      0       0      0.0%
BANK6              256      0       0      0.0%
BITBIGSFRll        173      0       0      0.0%
BITBANK5           160      0       0      0.0%
BANK5              160      0       0      0.0%
BITCOMRAM           95      0       0      0.0%
COMRAM              95      3      11     11.6%
BITBIGSFRlh          5      0       0      0.0%
STACK                0      0       0      0.0%
DATA                 0      0      11      0.0%


Microchip Technology PIC18 Macro Assembler V3.10 build 20250813170317 
Symbol Table                                                                                   Fri May 29 11:21:02 2026

                     l27 2696                       u10 2644                       u11 2640  
                     u27 2624                      l831 2602                      l825 2672  
                    l841 260A                      l833 2606                      l827 268A  
                    l843 261A                      l835 2608                      l829 268C  
                    l845 2632                      l847 2634                      wreg 04E8  
                   _LATD 04C1                     _WPUB 0409                     _main 2602  
                   indf2 04DF                     fsr1l 04E1                     fsr2l 04D9  
                   start FFFC             ___param_bank 0000                    ?_main 0509  
                  _OSCEN 00B3                    _TRISD 04C9                    _anime 0501  
                  tablat 04F5          __initialization 264C             __end_of_main 264C  
                 ??_main 0509            __activetblptr 0000                   _ANSELB 0408  
                 _ANSELD 0418                   _OSCFRQ 00B1                   isa$std 0001  
           __pdataCOMRAM 0501             __mediumconst 2600                   tblptrh 04F7  
                 tblptrl 04F6                   tblptru 04F8               __accesstop 0560  
__end_of__initialization 266C            ___rparam_used 0001           __pcstackCOMRAM 0509  
                _OSCCON1 00AD                  __Hparam 0000                  __Lparam 0000  
      __end_of_configuro 2698             __psmallconst 2600                  __pcinit 264C  
                __ramtop 2600                  __ptext0 2602                  __ptext1 2672  
   end_of_initialization 266C                  postdec1 04E5                  postinc0 04EE  
              _TRISCbits 04C8            __pidataCOMRAM 2698      start_initialization 264C  
              _configuro 2672              __smallconst 2600                 _LATCbits 04C0  
             ?_configuro 0509                copy_data0 2660                 __Hrparam 0000  
               __Lrparam 0000               _ANSELCbits 0410                 isa$xinst 0000  
               main@xvar 050B              ??_configuro 0509  
