

Microchip MPLAB XC8 Assembler V2.41 build 20230208172133 
                                                                                               Mon May 29 00:54:28 2023

Microchip MPLAB XC8 C Compiler v2.41 (Free license) build 20230208172133 Og1 
     1                           	processor	18F57Q43
     2                           	fnconf	rparam,??,?,0
     3                           	pagewidth 120
     4                           	opt	flic
     5                           	psect	smallconst,global,reloc=2,class=SMALLCONST,delta=1,noexec
     6                           	psect	cinit,global,reloc=2,class=CODE,delta=1
     7                           	psect	cstackCOMRAM,global,class=COMRAM,space=1,delta=1,lowdata,noexec
     8                           	psect	text0,global,reloc=2,class=CODE,delta=1
     9                           	psect	text1,global,reloc=2,class=CODE,delta=1
    10                           	psect	text2,global,reloc=2,class=CODE,delta=1
    11                           	psect	text3,global,reloc=2,class=CODE,delta=1,group=2
    12                           	psect	intsave_regs,global,class=BIGRAM,space=1,delta=1,noexec
    13                           	psect	rparam,global,class=COMRAM,space=1,delta=1,noexec
    14                           	psect	config,global,abs,ovrld,class=CONFIG,space=4,delta=1,noexec
    15   000000                     
    16                           ; Generated 23/03/2023 GMT
    17                           ; 
    18                           ; Copyright © 2023, Microchip Technology Inc. and its subsidiaries ("Microchip")
    19                           ; All rights reserved.
    20                           ; 
    21                           ; This software is developed by Microchip Technology Inc. and its subsidiaries ("Microch
      +                          ip").
    22                           ; 
    23                           ; Redistribution and use in source and binary forms, with or without modification, are
    24                           ; permitted provided that the following conditions are met:
    25                           ; 
    26                           ;     1. Redistributions of source code must retain the above copyright notice, this lis
      +                          t of
    27                           ;        conditions and the following disclaimer.
    28                           ; 
    29                           ;     2. Redistributions in binary form must reproduce the above copyright notice, this 
      +                          list
    30                           ;        of conditions and the following disclaimer in the documentation and/or other
    31                           ;        materials provided with the distribution. Publication is not required when
    32                           ;        this file is used in an embedded application.
    33                           ; 
    34                           ;     3. Microchip's name may not be used to endorse or promote products derived from th
      +                          is
    35                           ;        software without specific prior written permission.
    36                           ; 
    37                           ; THIS SOFTWARE IS PROVIDED BY MICROCHIP "AS IS" AND ANY EXPRESS OR IMPLIED WARRANTIES,
    38                           ; INCLUDING, BUT NOT LIMITED TO, THE IMPLIED WARRANTIES OF MERCHANTABILITY AND FITNESS F
      +                          OR
    39                           ; PURPOSE ARE DISCLAIMED.  IN NO EVENT SHALL MICROCHIP BE LIABLE FOR ANY DIRECT, INDIREC
      +                          T,
    40                           ; INCIDENTAL, SPECIAL, EXEMPLARY, OR CONSEQUENTIAL DAMAGES (INCLUDING BUT NOT LIMITED TO
    41                           ; PROCUREMENT OF SUBSTITUTE GOODS OR SERVICES; LOSS OF USE, DATA OR PROFITS; OR BUSINESS
    42                           ; INTERRUPTION) HOWSOEVER CAUSED AND ON ANY THEORY OF LIABILITY, WHETHER IN CONTRACT, ST
      +                          RICT
    43                           ; LIABILITY, OR TORT (INCLUDING NEGLIGENCE OR OTHERWISE) ARISING IN ANY WAY OUT OF THE U
      +                          SE OF
    44                           ; THIS SOFTWARE, EVEN IF ADVISED OF THE POSSIBILITY OF SUCH DAMAGE.
    45                           ; 
    46                           ; 
    47                           ; Code-generator required, PIC18F57Q43 Definitions
    48                           ; 
    49                           ; SFR Addresses
    50   000000                     _U1CON2	set	685
    51   000000                     _U1CON1	set	684
    52   000000                     _OSCCON1	set	173
    53   000000                     _OSCFRQ	set	177
    54   000000                     _OSCEN	set	179
    55   000000                     _RF0PPS	set	553
    56   000000                     _U1CON0	set	683
    57   000000                     _U1BRGL	set	686
    58   000000                     _U1BRGH	set	687
    59   000000                     _U1ERRIRbits	set	690
    60   000000                     _U3ERRIRbits	set	728
    61   000000                     _U1TXB	set	675
    62                           
    63                           	psect	smallconst
    64   002600                     __psmallconst:
    65                           	callstack 0
    66   002600  00                 	db	0
    67   002601                     STR_1:
    68   002601  48                 	db	72	;'H'
    69   002602  6F                 	db	111	;'o'
    70   002603  6C                 	db	108	;'l'
    71   002604  61                 	db	97	;'a'
    72   002605  20                 	db	32
    73   002606  6D                 	db	109	;'m'
    74   002607  75                 	db	117	;'u'
    75   002608  6E                 	db	110	;'n'
    76   002609  64                 	db	100	;'d'
    77   00260A  6F                 	db	111	;'o'
    78   00260B  00                 	db	0
    79   00260C  00                 	db	0	; dummy byte at the end
    80   000000                     
    81                           ; #config settings
    82                           
    83                           	psect	cinit
    84   0026F8                     __pcinit:
    85                           	callstack 0
    86   0026F8                     start_initialization:
    87                           	callstack 0
    88   0026F8                     __initialization:
    89                           	callstack 0
    90   0026F8                     end_of_initialization:
    91                           	callstack 0
    92   0026F8                     __end_of__initialization:
    93                           	callstack 0
    94   0026F8  0E00               	movlw	low (__Lsmallconst shr (0+16))
    95   0026FA  6EF8               	movwf	tblptru,c
    96   0026FC  0E26               	movlw	high __Lsmallconst
    97   0026FE  6EF7               	movwf	tblptrh,c
    98   002700  0100               	movlb	0
    99   002702  EF50  F013         	goto	_main	;jump to C main() function
   100                           
   101                           	psect	cstackCOMRAM
   102   000501                     __pcstackCOMRAM:
   103                           	callstack 0
   104   000501                     ?_strlen:
   105                           	callstack 0
   106   000501                     strlen@s:
   107                           	callstack 0
   108                           
   109                           ; 2 bytes @ 0x0
   110   000501                     	ds	2
   111   000503                     strlen@a:
   112                           	callstack 0
   113                           
   114                           ; 2 bytes @ 0x2
   115   000503                     	ds	2
   116   000505                     UART1_String_Send@cadena:
   117                           	callstack 0
   118                           
   119                           ; 2 bytes @ 0x4
   120   000505                     	ds	2
   121   000507                     ??_UART1_String_Send:
   122                           
   123                           ; 1 bytes @ 0x6
   124   000507                     	ds	2
   125   000509                     UART1_String_Send@tam:
   126                           	callstack 0
   127                           
   128                           ; 1 bytes @ 0x8
   129   000509                     	ds	1
   130   00050A                     UART1_String_Send@i:
   131                           	callstack 0
   132                           
   133                           ; 1 bytes @ 0x9
   134   00050A                     	ds	1
   135   00050B                     ??_main:
   136                           
   137                           ; 1 bytes @ 0xA
   138   00050B                     	ds	2
   139                           
   140 ;;
   141 ;;Main: autosize = 0, tempsize = 2, incstack = 0, save=0
   142 ;;
   143 ;; *************** function _main *****************
   144 ;; Defined at:
   145 ;;		line 38 in file "maincode.c"
   146 ;; Parameters:    Size  Location     Type
   147 ;;		None
   148 ;; Auto vars:     Size  Location     Type
   149 ;;		None
   150 ;; Return value:  Size  Location     Type
   151 ;;                  1    wreg      void 
   152 ;; Registers used:
   153 ;;		wreg, status,2, status,0, tblptrl, tblptrh, tblptru, cstack
   154 ;; Tracked objects:
   155 ;;		On entry : 0/0
   156 ;;		On exit  : 0/0
   157 ;;		Unchanged: 0/0
   158 ;; Data sizes:     COMRAM   BANK5   BANK6   BANK7   BANK8   BANK9  BANK10  BANK11  BANK12  BANK13  BANK14  BANK15  BANK1
      +6  BANK17  BANK18  BANK19  BANK20  BANK21  BANK22  BANK23  BANK24  BANK25  BANK26  BANK27  BANK28  BANK29  BANK30  BANK3
      +1  BANK32  BANK33  BANK34  BANK35  BANK36
   159 ;;      Params:         0       0       0       0       0       0       0       0       0       0       0       0       
      +0       0       0       0       0       0       0       0       0       0       0       0       0       0       0       
      +0       0       0       0       0       0
   160 ;;      Locals:         0       0       0       0       0       0       0       0       0       0       0       0       
      +0       0       0       0       0       0       0       0       0       0       0       0       0       0       0       
      +0       0       0       0       0       0
   161 ;;      Temps:          2       0       0       0       0       0       0       0       0       0       0       0       
      +0       0       0       0       0       0       0       0       0       0       0       0       0       0       0       
      +0       0       0       0       0       0
   162 ;;      Totals:         2       0       0       0       0       0       0       0       0       0       0       0       
      +0       0       0       0       0       0       0       0       0       0       0       0       0       0       0       
      +0       0       0       0       0       0
   163 ;;Total ram usage:        2 bytes
   164 ;; Hardware stack levels required when called: 2
   165 ;; This function calls:
   166 ;;		_UART1_String_Send
   167 ;;		_configuro
   168 ;; This function is called by:
   169 ;;		Startup code after reset
   170 ;; This function uses a non-reentrant model
   171 ;;
   172                           
   173                           	psect	text0
   174   0026A0                     __ptext0:
   175                           	callstack 0
   176   0026A0                     _main:
   177                           	callstack 125
   178   0026A0                     
   179                           ;maincode.c: 39:     configuro();
   180   0026A0  EC67  F013         	call	_configuro	;wreg free
   181   0026A4                     l792:
   182                           
   183                           ;maincode.c: 41:         UART1_String_Send("Hola mundo");
   184   0026A4  0E01               	movlw	low STR_1
   185   0026A6  6E05               	movwf	UART1_String_Send@cadena^(0+1280),c
   186   0026A8  0E26               	movlw	high STR_1
   187   0026AA  6E06               	movwf	(UART1_String_Send@cadena+1)^(0+1280),c
   188   0026AC  EC07  F013         	call	_UART1_String_Send	;wreg free
   189   0026B0                     
   190                           ;maincode.c: 43:         _delay((unsigned long)((1000)*(4000000UL/4000.0)));
   191   0026B0  0E06               	movlw	6
   192   0026B2  6E0C               	movwf	(??_main+1)^(0+1280),c
   193   0026B4  0E13               	movlw	19
   194   0026B6  6E0B               	movwf	??_main^(0+1280),c
   195   0026B8  0EAE               	movlw	174
   196   0026BA                     u87:
   197   0026BA  2EE8               	decfsz	wreg,f,c
   198   0026BC  D7FE               	bra	u87
   199   0026BE  2E0B               	decfsz	??_main^(0+1280),f,c
   200   0026C0  D7FC               	bra	u87
   201   0026C2  2E0C               	decfsz	(??_main+1)^(0+1280),f,c
   202   0026C4  D7FA               	bra	u87
   203   0026C6  EF52  F013         	goto	l792
   204   0026CA  EFFE  F0FF         	goto	start
   205   0026CE                     __end_of_main:
   206                           	callstack 0
   207                           
   208 ;; *************** function _configuro *****************
   209 ;; Defined at:
   210 ;;		line 6 in file "maincode.c"
   211 ;; Parameters:    Size  Location     Type
   212 ;;		None
   213 ;; Auto vars:     Size  Location     Type
   214 ;;		None
   215 ;; Return value:  Size  Location     Type
   216 ;;                  1    wreg      void 
   217 ;; Registers used:
   218 ;;		wreg, status,2
   219 ;; Tracked objects:
   220 ;;		On entry : 0/0
   221 ;;		On exit  : 0/0
   222 ;;		Unchanged: 0/0
   223 ;; Data sizes:     COMRAM   BANK5   BANK6   BANK7   BANK8   BANK9  BANK10  BANK11  BANK12  BANK13  BANK14  BANK15  BANK1
      +6  BANK17  BANK18  BANK19  BANK20  BANK21  BANK22  BANK23  BANK24  BANK25  BANK26  BANK27  BANK28  BANK29  BANK30  BANK3
      +1  BANK32  BANK33  BANK34  BANK35  BANK36
   224 ;;      Params:         0       0       0       0       0       0       0       0       0       0       0       0       
      +0       0       0       0       0       0       0       0       0       0       0       0       0       0       0       
      +0       0       0       0       0       0
   225 ;;      Locals:         0       0       0       0       0       0       0       0       0       0       0       0       
      +0       0       0       0       0       0       0       0       0       0       0       0       0       0       0       
      +0       0       0       0       0       0
   226 ;;      Temps:          0       0       0       0       0       0       0       0       0       0       0       0       
      +0       0       0       0       0       0       0       0       0       0       0       0       0       0       0       
      +0       0       0       0       0       0
   227 ;;      Totals:         0       0       0       0       0       0       0       0       0       0       0       0       
      +0       0       0       0       0       0       0       0       0       0       0       0       0       0       0       
      +0       0       0       0       0       0
   228 ;;Total ram usage:        0 bytes
   229 ;; Hardware stack levels used: 1
   230 ;; This function calls:
   231 ;;		Nothing
   232 ;; This function is called by:
   233 ;;		_main
   234 ;; This function uses a non-reentrant model
   235 ;;
   236                           
   237                           	psect	text1
   238   0026CE                     __ptext1:
   239                           	callstack 0
   240   0026CE                     _configuro:
   241                           	callstack 126
   242   0026CE                     
   243                           ;maincode.c: 8:     OSCCON1 = 0x60;
   244   0026CE  0E60               	movlw	96
   245   0026D0  0100               	movlb	0	; () banked
   246   0026D2  6FAD               	movwf	173,b	;volatile
   247                           
   248                           ;maincode.c: 9:     OSCFRQ = 0x02;
   249   0026D4  0E02               	movlw	2
   250   0026D6  6FB1               	movwf	177,b	;volatile
   251                           
   252                           ;maincode.c: 10:     OSCEN = 0x40;
   253   0026D8  0E40               	movlw	64
   254   0026DA  6FB3               	movwf	179,b	;volatile
   255                           
   256                           ;maincode.c: 12:     U1BRGH = 0x00;
   257   0026DC  0E00               	movlw	0
   258   0026DE  0102               	movlb	2	; () banked
   259   0026E0  6FAF               	movwf	175,b	;volatile
   260                           
   261                           ;maincode.c: 13:     U1BRGL = 25;
   262   0026E2  0E19               	movlw	25
   263   0026E4  6FAE               	movwf	174,b	;volatile
   264                           
   265                           ;maincode.c: 15:     U1CON0 = 0x30;
   266   0026E6  0E30               	movlw	48
   267   0026E8  6FAB               	movwf	171,b	;volatile
   268                           
   269                           ;maincode.c: 16:     RF0PPS = 0x20;
   270   0026EA  0E20               	movlw	32
   271   0026EC  6F29               	movwf	41,b	;volatile
   272                           
   273                           ;maincode.c: 17:     U1CON1 = 0x80;
   274   0026EE  0E80               	movlw	128
   275   0026F0  6FAC               	movwf	172,b	;volatile
   276                           
   277                           ;maincode.c: 18:     U1CON2 = 0x00;
   278   0026F2  0E00               	movlw	0
   279   0026F4  6FAD               	movwf	173,b	;volatile
   280   0026F6                     
   281                           ; BSR set to: 2
   282   0026F6  0012               	return		;funcret
   283   0026F8                     __end_of_configuro:
   284                           	callstack 0
   285                           
   286 ;; *************** function _UART1_String_Send *****************
   287 ;; Defined at:
   288 ;;		line 26 in file "maincode.c"
   289 ;; Parameters:    Size  Location     Type
   290 ;;  cadena          2    4[COMRAM] PTR const unsigned char 
   291 ;;		 -> STR_1(11), 
   292 ;; Auto vars:     Size  Location     Type
   293 ;;  i               1    9[COMRAM] unsigned char 
   294 ;;  tam             1    8[COMRAM] unsigned char 
   295 ;; Return value:  Size  Location     Type
   296 ;;                  1    wreg      void 
   297 ;; Registers used:
   298 ;;		wreg, status,2, status,0, tblptrl, tblptrh, tblptru, cstack
   299 ;; Tracked objects:
   300 ;;		On entry : 0/0
   301 ;;		On exit  : 0/0
   302 ;;		Unchanged: 0/0
   303 ;; Data sizes:     COMRAM   BANK5   BANK6   BANK7   BANK8   BANK9  BANK10  BANK11  BANK12  BANK13  BANK14  BANK15  BANK1
      +6  BANK17  BANK18  BANK19  BANK20  BANK21  BANK22  BANK23  BANK24  BANK25  BANK26  BANK27  BANK28  BANK29  BANK30  BANK3
      +1  BANK32  BANK33  BANK34  BANK35  BANK36
   304 ;;      Params:         2       0       0       0       0       0       0       0       0       0       0       0       
      +0       0       0       0       0       0       0       0       0       0       0       0       0       0       0       
      +0       0       0       0       0       0
   305 ;;      Locals:         2       0       0       0       0       0       0       0       0       0       0       0       
      +0       0       0       0       0       0       0       0       0       0       0       0       0       0       0       
      +0       0       0       0       0       0
   306 ;;      Temps:          2       0       0       0       0       0       0       0       0       0       0       0       
      +0       0       0       0       0       0       0       0       0       0       0       0       0       0       0       
      +0       0       0       0       0       0
   307 ;;      Totals:         6       0       0       0       0       0       0       0       0       0       0       0       
      +0       0       0       0       0       0       0       0       0       0       0       0       0       0       0       
      +0       0       0       0       0       0
   308 ;;Total ram usage:        6 bytes
   309 ;; Hardware stack levels used: 1
   310 ;; Hardware stack levels required when called: 1
   311 ;; This function calls:
   312 ;;		_strlen
   313 ;; This function is called by:
   314 ;;		_main
   315 ;; This function uses a non-reentrant model
   316 ;;
   317                           
   318                           	psect	text2
   319   00260E                     __ptext2:
   320                           	callstack 0
   321   00260E                     _UART1_String_Send:
   322                           	callstack 125
   323   00260E                     
   324                           ;maincode.c: 30:     tam = strlen(cadena);
   325   00260E  C505  F501         	movff	UART1_String_Send@cadena,strlen@s
   326   002612  C506  F502         	movff	UART1_String_Send@cadena+1,strlen@s+1
   327   002616  EC33  F013         	call	_strlen	;wreg free
   328   00261A  5001               	movf	?_strlen^(0+1280),w,c
   329   00261C  6E09               	movwf	UART1_String_Send@tam^(0+1280),c
   330   00261E                     
   331                           ;maincode.c: 31:  for(i = 0; i<tam; i++)
   332   00261E  0E00               	movlw	0
   333   002620  6E0A               	movwf	UART1_String_Send@i^(0+1280),c
   334   002622  EF29  F013         	goto	l788
   335   002626                     l784:
   336                           
   337                           ;maincode.c: 32:  {;maincode.c: 33:         U1TXB = cadena[i];
   338   002626  500A               	movf	UART1_String_Send@i^(0+1280),w,c
   339   002628  2405               	addwf	UART1_String_Send@cadena^(0+1280),w,c
   340   00262A  6E07               	movwf	??_UART1_String_Send^(0+1280),c
   341   00262C  0E00               	movlw	0
   342   00262E  2006               	addwfc	(UART1_String_Send@cadena+1)^(0+1280),w,c
   343   002630  6E08               	movwf	(??_UART1_String_Send+1)^(0+1280),c
   344   002632  C507  F4F6         	movff	??_UART1_String_Send,tblptrl
   345   002636  C508  F4F7         	movff	??_UART1_String_Send+1,tblptrh
   346   00263A                     	if	0	;tblptru may be non-zero
   347   00263A                     	endif
   348   00263A                     	if	0	;tblptru may be non-zero
   349   00263A                     	endif
   350   00263A  0008               	tblrd		*
   351   00263C  C4F5 F2A3          	movff	tablat,675	;volatile
   352   002640                     l42:
   353   002640  0102               	movlb	2	; () banked
   354   002642  AFB2               	btfss	178,7,b	;volatile
   355   002644  EF26  F013         	goto	u61
   356   002648  EF28  F013         	goto	u60
   357   00264C                     u61:
   358   00264C  EF20  F013         	goto	l42
   359   002650                     u60:
   360   002650                     
   361                           ; BSR set to: 2
   362                           ;maincode.c: 35:  }
   363   002650  2A0A               	incf	UART1_String_Send@i^(0+1280),f,c
   364   002652                     l788:
   365   002652  5009               	movf	UART1_String_Send@tam^(0+1280),w,c
   366   002654  5C0A               	subwf	UART1_String_Send@i^(0+1280),w,c
   367   002656  A0D8               	btfss	status,0,c
   368   002658  EF30  F013         	goto	u71
   369   00265C  EF32  F013         	goto	u70
   370   002660                     u71:
   371   002660  EF13  F013         	goto	l784
   372   002664                     u70:
   373   002664  0012               	return		;funcret
   374   002666                     __end_of_UART1_String_Send:
   375                           	callstack 0
   376                           
   377 ;; *************** function _strlen *****************
   378 ;; Defined at:
   379 ;;		line 5 in file "C:\Program Files\Microchip\xc8\v2.41\pic\sources\c99\common\strlen.c"
   380 ;; Parameters:    Size  Location     Type
   381 ;;  s               2    0[COMRAM] PTR const unsigned char 
   382 ;;		 -> STR_1(11), 
   383 ;; Auto vars:     Size  Location     Type
   384 ;;  a               2    2[COMRAM] PTR const unsigned char 
   385 ;;		 -> STR_1(11), 
   386 ;; Return value:  Size  Location     Type
   387 ;;                  2    0[COMRAM] unsigned int 
   388 ;; Registers used:
   389 ;;		wreg, status,2, status,0, tblptrl, tblptrh, tblptru
   390 ;; Tracked objects:
   391 ;;		On entry : 0/0
   392 ;;		On exit  : 0/0
   393 ;;		Unchanged: 0/0
   394 ;; Data sizes:     COMRAM   BANK5   BANK6   BANK7   BANK8   BANK9  BANK10  BANK11  BANK12  BANK13  BANK14  BANK15  BANK1
      +6  BANK17  BANK18  BANK19  BANK20  BANK21  BANK22  BANK23  BANK24  BANK25  BANK26  BANK27  BANK28  BANK29  BANK30  BANK3
      +1  BANK32  BANK33  BANK34  BANK35  BANK36
   395 ;;      Params:         2       0       0       0       0       0       0       0       0       0       0       0       
      +0       0       0       0       0       0       0       0       0       0       0       0       0       0       0       
      +0       0       0       0       0       0
   396 ;;      Locals:         2       0       0       0       0       0       0       0       0       0       0       0       
      +0       0       0       0       0       0       0       0       0       0       0       0       0       0       0       
      +0       0       0       0       0       0
   397 ;;      Temps:          0       0       0       0       0       0       0       0       0       0       0       0       
      +0       0       0       0       0       0       0       0       0       0       0       0       0       0       0       
      +0       0       0       0       0       0
   398 ;;      Totals:         4       0       0       0       0       0       0       0       0       0       0       0       
      +0       0       0       0       0       0       0       0       0       0       0       0       0       0       0       
      +0       0       0       0       0       0
   399 ;;Total ram usage:        4 bytes
   400 ;; Hardware stack levels used: 1
   401 ;; This function calls:
   402 ;;		Nothing
   403 ;; This function is called by:
   404 ;;		_UART1_String_Send
   405 ;; This function uses a non-reentrant model
   406 ;;
   407                           
   408                           	psect	text3
   409   002666                     __ptext3:
   410                           	callstack 0
   411   002666                     _strlen:
   412                           	callstack 125
   413   002666  C501  F503         	movff	strlen@s,strlen@a
   414   00266A  C502  F504         	movff	strlen@s+1,strlen@a+1
   415   00266E  EF3B  F013         	goto	l772
   416   002672                     l770:
   417   002672  4A01               	infsnz	strlen@s^(0+1280),f,c
   418   002674  2A02               	incf	(strlen@s+1)^(0+1280),f,c
   419   002676                     l772:
   420   002676  C501  F4F6         	movff	strlen@s,tblptrl
   421   00267A  C502  F4F7         	movff	strlen@s+1,tblptrh
   422   00267E                     	if	0	;tblptru may be non-zero
   423   00267E                     	endif
   424   00267E                     	if	0	;tblptru may be non-zero
   425   00267E                     	endif
   426   00267E  0008               	tblrd		*
   427   002680  50F5               	movf	tablat,w,c
   428   002682  0900               	iorlw	0
   429   002684  A4D8               	btfss	status,2,c
   430   002686  EF47  F013         	goto	u51
   431   00268A  EF49  F013         	goto	u50
   432   00268E                     u51:
   433   00268E  EF39  F013         	goto	l770
   434   002692                     u50:
   435   002692  5003               	movf	strlen@a^(0+1280),w,c
   436   002694  5C01               	subwf	strlen@s^(0+1280),w,c
   437   002696  6E01               	movwf	?_strlen^(0+1280),c
   438   002698  5004               	movf	(strlen@a+1)^(0+1280),w,c
   439   00269A  5802               	subwfb	(strlen@s+1)^(0+1280),w,c
   440   00269C  6E02               	movwf	(?_strlen+1)^(0+1280),c
   441   00269E  0012               	return		;funcret
   442   0026A0                     __end_of_strlen:
   443                           	callstack 0
   444                           
   445                           	psect	rparam
   446   000000                     
   447                           	psect	config
   448                           
   449                           ;Config register CONFIG1 @ 0x300000
   450                           ;	External Oscillator Selection
   451                           ;	FEXTOSC = ECH, EC (external clock) above 8 MHz
   452                           ;	Reset Oscillator Selection
   453                           ;	RSTOSC = EXTOSC, EXTOSC operating per FEXTOSC bits (device manufacturing default)
   454   300000                     	org	3145728
   455   300000  FF                 	db	255
   456                           
   457                           ;Config register CONFIG2 @ 0x300001
   458                           ;	Clock out Enable bit
   459                           ;	CLKOUTEN = OFF, CLKOUT function is disabled
   460                           ;	PRLOCKED One-Way Set Enable bit
   461                           ;	PR1WAY = ON, PRLOCKED bit can be cleared and set only once
   462                           ;	Clock Switch Enable bit
   463                           ;	CSWEN = ON, Writing to NOSC and NDIV is allowed
   464                           ;	Fail-Safe Clock Monitor Enable bit
   465                           ;	FCMEN = ON, Fail-Safe Clock Monitor enabled
   466   300001                     	org	3145729
   467   300001  FF                 	db	255
   468                           
   469                           ;Config register CONFIG3 @ 0x300002
   470                           ;	MCLR Enable bit
   471                           ;	MCLRE = EXTMCLR, If LVP = 0, MCLR pin is MCLR; If LVP = 1, RE3 pin function is MCLR
   472                           ;	Power-up timer selection bits
   473                           ;	PWRTS = PWRT_16, PWRT set at 16ms
   474                           ;	Multi-vector enable bit
   475                           ;	MVECEN = ON, Multi-vector enabled, Vector table used for interrupts
   476                           ;	IVTLOCK bit One-way set enable bit
   477                           ;	IVT1WAY = ON, IVTLOCKED bit can be cleared and set only once
   478                           ;	Low Power BOR Enable bit
   479                           ;	LPBOREN = OFF, Low-Power BOR disabled
   480                           ;	Brown-out Reset Enable bits
   481                           ;	BOREN = OFF, Brown-out Reset disabled
   482   300002                     	org	3145730
   483   300002  3B                 	db	59
   484                           
   485                           ;Config register CONFIG4 @ 0x300003
   486                           ;	Brown-out Reset Voltage Selection bits
   487                           ;	BORV = VBOR_1P9, Brown-out Reset Voltage (VBOR) set to 1.9V
   488                           ;	ZCD Disable bit
   489                           ;	ZCD = OFF, ZCD module is disabled. ZCD can be enabled by setting the ZCDSEN bit of ZCD
      +                          CON
   490                           ;	PPSLOCK bit One-Way Set Enable bit
   491                           ;	PPS1WAY = ON, PPSLOCKED bit can be cleared and set only once; PPS registers remain loc
      +                          ked after one clear/set cycle
   492                           ;	Stack Full/Underflow Reset Enable bit
   493                           ;	STVREN = ON, Stack full/underflow will cause Reset
   494                           ;	Low Voltage Programming Enable bit
   495                           ;	LVP = OFF, HV on MCLR/VPP must be used for programming
   496                           ;	Extended Instruction Set Enable bit
   497                           ;	XINST = OFF, Extended Instruction Set and Indexed Addressing Mode disabled
   498   300003                     	org	3145731
   499   300003  DF                 	db	223
   500                           
   501                           ;Config register CONFIG5 @ 0x300004
   502                           ;	WDT Period selection bits
   503                           ;	WDTCPS = WDTCPS_31, Divider ratio 1:65536; software control of WDTPS
   504                           ;	WDT operating mode
   505                           ;	WDTE = OFF, WDT Disabled; SWDTEN is ignored
   506   300004                     	org	3145732
   507   300004  9F                 	db	159
   508                           
   509                           ;Config register CONFIG6 @ 0x300005
   510                           ;	WDT Window Select bits
   511                           ;	WDTCWS = WDTCWS_7, window always open (100%); software control; keyed access not requi
      +                          red
   512                           ;	WDT input clock selector
   513                           ;	WDTCCS = SC, Software Control
   514   300005                     	org	3145733
   515   300005  FF                 	db	255
   516                           
   517                           ;Config register CONFIG7 @ 0x300006
   518                           ;	Boot Block Size selection bits
   519                           ;	BBSIZE = BBSIZE_512, Boot Block size is 512 words
   520                           ;	Boot Block enable bit
   521                           ;	BBEN = OFF, Boot block disabled
   522                           ;	Storage Area Flash enable bit
   523                           ;	SAFEN = OFF, SAF disabled
   524                           ;	Background Debugger
   525                           ;	DEBUG = OFF, Background Debugger disabled
   526   300006                     	org	3145734
   527   300006  FF                 	db	255
   528                           
   529                           ;Config register CONFIG8 @ 0x300007
   530                           ;	Boot Block Write Protection bit
   531                           ;	WRTB = OFF, Boot Block not Write protected
   532                           ;	Configuration Register Write Protection bit
   533                           ;	WRTC = OFF, Configuration registers not Write protected
   534                           ;	Data EEPROM Write Protection bit
   535                           ;	WRTD = OFF, Data EEPROM not Write protected
   536                           ;	SAF Write protection bit
   537                           ;	WRTSAF = OFF, SAF not Write Protected
   538                           ;	Application Block write protection bit
   539                           ;	WRTAPP = OFF, Application Block not write protected
   540   300007                     	org	3145735
   541   300007  FF                 	db	255
   542                           
   543                           ;Config register CONFIG10 @ 0x300009
   544                           ;	PFM and Data EEPROM Code Protection bit
   545                           ;	CP = OFF, PFM and Data EEPROM code protection disabled
   546   300009                     	org	3145737
   547   300009  FF                 	db	255
   548                           tosu	equ	0x4FF
   549                           tosh	equ	0x4FE
   550                           tosl	equ	0x4FD
   551                           stkptr	equ	0x4FC
   552                           pclatu	equ	0x4FB
   553                           pclath	equ	0x4FA
   554                           pcl	equ	0x4F9
   555                           tblptru	equ	0x4F8
   556                           tblptrh	equ	0x4F7
   557                           tblptrl	equ	0x4F6
   558                           tablat	equ	0x4F5
   559                           prodh	equ	0x4F4
   560                           prodl	equ	0x4F3
   561                           indf0	equ	0x4EF
   562                           postinc0	equ	0x4EE
   563                           postdec0	equ	0x4ED
   564                           preinc0	equ	0x4EC
   565                           plusw0	equ	0x4EB
   566                           fsr0h	equ	0x4EA
   567                           fsr0l	equ	0x4E9
   568                           wreg	equ	0x4E8
   569                           indf1	equ	0x4E7
   570                           postinc1	equ	0x4E6
   571                           postdec1	equ	0x4E5
   572                           preinc1	equ	0x4E4
   573                           plusw1	equ	0x4E3
   574                           fsr1h	equ	0x4E2
   575                           fsr1l	equ	0x4E1
   576                           bsr	equ	0x4E0
   577                           indf2	equ	0x4DF
   578                           postinc2	equ	0x4DE
   579                           postdec2	equ	0x4DD
   580                           preinc2	equ	0x4DC
   581                           plusw2	equ	0x4DB
   582                           fsr2h	equ	0x4DA
   583                           fsr2l	equ	0x4D9
   584                           status	equ	0x4D8

Data Sizes:
    Strings     11
    Constant    0
    Data        0
    BSS         0
    Persistent  0
    Stack       0

Auto Spaces:
    Space          Size  Autos    Used
    COMRAM           95     12      12
    BANK5           160      0       0
    BANK6           256      0       0
    BANK7           256      0       0
    BANK8           256      0       0
    BANK9           256      0       0
    BANK10          256      0       0
    BANK11          256      0       0
    BANK12          256      0       0
    BANK13          256      0       0
    BANK14          256      0       0
    BANK15          256      0       0
    BANK16          256      0       0
    BANK17          256      0       0
    BANK18          256      0       0
    BANK19          256      0       0
    BANK20          256      0       0
    BANK21          256      0       0
    BANK22          256      0       0
    BANK23          256      0       0
    BANK24          256      0       0
    BANK25          256      0       0
    BANK26          256      0       0
    BANK27          256      0       0
    BANK28          256      0       0
    BANK29          256      0       0
    BANK30          256      0       0
    BANK31          256      0       0
    BANK32          256      0       0
    BANK33          256      0       0
    BANK34          256      0       0
    BANK35          256      0       0
    BANK36          256      0       0

Pointer List with Targets:

    strlen@s	PTR const unsigned char  size(2) Largest target is 11
		 -> STR_1(CODE[11]), 

    strlen@a	PTR const unsigned char  size(2) Largest target is 11
		 -> STR_1(CODE[11]), 

    UART1_String_Send@cadena	PTR const unsigned char  size(2) Largest target is 11
		 -> STR_1(CODE[11]), 


Critical Paths under _main in COMRAM

    _main->_UART1_String_Send
    _UART1_String_Send->_strlen

Critical Paths under _main in BANK5

    None.

Critical Paths under _main in BANK6

    None.

Critical Paths under _main in BANK7

    None.

Critical Paths under _main in BANK8

    None.

Critical Paths under _main in BANK9

    None.

Critical Paths under _main in BANK10

    None.

Critical Paths under _main in BANK11

    None.

Critical Paths under _main in BANK12

    None.

Critical Paths under _main in BANK13

    None.

Critical Paths under _main in BANK14

    None.

Critical Paths under _main in BANK15

    None.

Critical Paths under _main in BANK16

    None.

Critical Paths under _main in BANK17

    None.

Critical Paths under _main in BANK18

    None.

Critical Paths under _main in BANK19

    None.

Critical Paths under _main in BANK20

    None.

Critical Paths under _main in BANK21

    None.

Critical Paths under _main in BANK22

    None.

Critical Paths under _main in BANK23

    None.

Critical Paths under _main in BANK24

    None.

Critical Paths under _main in BANK25

    None.

Critical Paths under _main in BANK26

    None.

Critical Paths under _main in BANK27

    None.

Critical Paths under _main in BANK28

    None.

Critical Paths under _main in BANK29

    None.

Critical Paths under _main in BANK30

    None.

Critical Paths under _main in BANK31

    None.

Critical Paths under _main in BANK32

    None.

Critical Paths under _main in BANK33

    None.

Critical Paths under _main in BANK34

    None.

Critical Paths under _main in BANK35

    None.

Critical Paths under _main in BANK36

    None.

Call Graph Tables:

 ---------------------------------------------------------------------------------
 (Depth) Function   	        Calls       Base Space   Used Autos Params    Refs
 ---------------------------------------------------------------------------------
 (0) _main                                                 2     2      0     356
                                             10 COMRAM     2     2      0
                  _UART1_String_Send
                          _configuro
 ---------------------------------------------------------------------------------
 (1) _configuro                                            0     0      0       0
 ---------------------------------------------------------------------------------
 (1) _UART1_String_Send                                    6     4      2     356
                                              4 COMRAM     6     4      2
                             _strlen
 ---------------------------------------------------------------------------------
 (2) _strlen                                               4     2      2     166
                                              0 COMRAM     4     2      2
 ---------------------------------------------------------------------------------
 Estimated maximum stack depth 2
 ---------------------------------------------------------------------------------

 Call Graph Graphs:

 _main (ROOT)
   _UART1_String_Send
     _strlen
   _configuro

 Address spaces:
Name               Size   Autos  Total    Cost      Usage
BITCOMRAM           5F      0       0       0        0.0%
EEDATA             400      0       0       0        0.0%
NULL                 0      0       0       0        0.0%
CODE                 0      0       0       0        0.0%
COMRAM              5F      C       C       1       12.6%
STACK                0      0       0       2        0.0%
DATA                 0      0       0       3        0.0%
BITBANK5            A0      0       0       4        0.0%
BANK5               A0      0       0       5        0.0%
BITBANK6           100      0       0       6        0.0%
BANK6              100      0       0       7        0.0%
BITBANK7           100      0       0       8        0.0%
BANK7              100      0       0       9        0.0%
BITBANK8           100      0       0      10        0.0%
BANK8              100      0       0      11        0.0%
BITBANK9           100      0       0      12        0.0%
BANK9              100      0       0      13        0.0%
BITBANK10          100      0       0      14        0.0%
BANK10             100      0       0      15        0.0%
BITBANK11          100      0       0      16        0.0%
BANK11             100      0       0      17        0.0%
BITBANK12          100      0       0      18        0.0%
BANK12             100      0       0      19        0.0%
BITBANK13          100      0       0      20        0.0%
BANK13             100      0       0      21        0.0%
BITBANK14          100      0       0      22        0.0%
BANK14             100      0       0      23        0.0%
BITBANK15          100      0       0      24        0.0%
BANK15             100      0       0      25        0.0%
BITBANK16          100      0       0      26        0.0%
BANK16             100      0       0      27        0.0%
BITBANK17          100      0       0      28        0.0%
BANK17             100      0       0      29        0.0%
BITBANK18          100      0       0      30        0.0%
BANK18             100      0       0      31        0.0%
BITBANK19          100      0       0      32        0.0%
BANK19             100      0       0      33        0.0%
BITBANK20          100      0       0      34        0.0%
BANK20             100      0       0      35        0.0%
BITBANK21          100      0       0      36        0.0%
BANK21             100      0       0      37        0.0%
BITBANK22          100      0       0      38        0.0%
BANK22             100      0       0      39        0.0%
BITBANK23          100      0       0      40        0.0%
BANK23             100      0       0      41        0.0%
BITBANK24          100      0       0      42        0.0%
BANK24             100      0       0      43        0.0%
BITBANK25          100      0       0      44        0.0%
BANK25             100      0       0      45        0.0%
BITBANK26          100      0       0      46        0.0%
BANK26             100      0       0      47        0.0%
BITBANK27          100      0       0      48        0.0%
BANK27             100      0       0      49        0.0%
BITBANK28          100      0       0      50        0.0%
BANK28             100      0       0      51        0.0%
BITBANK29          100      0       0      52        0.0%
BANK29             100      0       0      53        0.0%
BITBANK30          100      0       0      54        0.0%
BANK30             100      0       0      55        0.0%
BITBANK31          100      0       0      56        0.0%
BANK31             100      0       0      57        0.0%
ABS                  0      0       0      58        0.0%
BITBANK32          100      0       0      59        0.0%
BANK32             100      0       0      60        0.0%
BITBANK33          100      0       0      61        0.0%
BANK33             100      0       0      62        0.0%
BITBANK34          100      0       0      63        0.0%
BANK34             100      0       0      64        0.0%
BITBANK35          100      0       0      65        0.0%
BANK35             100      0       0      66        0.0%
BITBANK36          100      0       0      67        0.0%
BANK36             100      0       0      68        0.0%
BITBIGSFR_1        100      0       0      69        0.0%
BIGRAM            1FFF      0       0      70        0.0%
BITBIGSFRhhhhh     227      0       0      71        0.0%
BITBIGSFRhhhhlh     25      0       0      72        0.0%
BITBIGSFRhhhhll      2      0       0      73        0.0%
BITBIGSFRhhhllh      7      0       0      74        0.0%
BITBIGSFRhhhllh     79      0       0      75        0.0%
BITBIGSFRhhhlll    175      0       0      76        0.0%
BITBIGSFRhhl         1      0       0      77        0.0%
BITBIGSFRhl          3      0       0      78        0.0%
BITBIGSFRl          AD      0       0      79        0.0%
BIGSFR_1             0      0       0     200        0.0%
BIGSFR               0      0       0     200        0.0%
BITSFR_6             0      0       0     200        0.0%
SFR_6                0      0       0     200        0.0%
BITSFR_5             0      0       0     200        0.0%
SFR_5                0      0       0     200        0.0%
BITSFR_4             0      0       0     200        0.0%
SFR_4                0      0       0     200        0.0%
BITSFR_3             0      0       0     200        0.0%
SFR_3                0      0       0     200        0.0%
BITSFR_2             0      0       0     200        0.0%
SFR_2                0      0       0     200        0.0%
BITSFR_1             0      0       0     200        0.0%
SFR_1                0      0       0     200        0.0%
BITSFR               0      0       0     200        0.0%
SFR                  0      0       0     200        0.0%


Microchip Technology PIC18 Macro Assembler V2.41 build 20230208172133 
Symbol Table                                                                                   Mon May 29 00:54:28 2023

                       l31 26F6                         l42 2640                         l46 2664  
                       u50 2692                         u51 268E                         u60 2650  
                       u61 264C                         u70 2664                         u71 2660  
                       u87 26BA                        l734 269E                        l770 2672  
                      l746 26CE                        l772 2676                        l780 260E  
                      l774 2692                        l782 261E                        l790 26A0  
                      l768 2666                        l784 2626                        l792 26A4  
                      l786 2650                        l778 260E                        l794 26B0  
                      l788 2652                        wreg 04E8                       STR_1 2601  
                     _main 26A0                       start FFFC               ___param_bank 0000  
                    ?_main 0501                      _U1TXB 02A3                      _OSCEN 00B3  
                    tablat 04F5                      status 04D8            __initialization 26F8  
             __end_of_main 26CE                     ??_main 050B              __activetblptr 0001  
                   _U1CON0 02AB                     _U1CON1 02AC                     _U1CON2 02AD  
                   _U1BRGH 02AF                     _U1BRGL 02AE                     _RF0PPS 0229  
                   _OSCFRQ 00B1                     isa$std 0001                     _strlen 2666  
             __mediumconst 0000                     tblptrh 04F7                     tblptrl 04F6  
                   tblptru 04F8                 __accesstop 0560    __end_of__initialization 26F8  
            ___rparam_used 0001             __pcstackCOMRAM 0501                    ?_strlen 0501  
                  _OSCCON1 00AD                    __Hparam 0000                    __Lparam 0000  
        __end_of_configuro 26F8               __psmallconst 2600                    __pcinit 26F8  
                  __ramtop 2600                    __ptext0 26A0                    __ptext1 26CE  
                  __ptext2 260E                    __ptext3 2666       end_of_initialization 26F8  
                  strlen@a 0503                    strlen@s 0501             __end_of_strlen 26A0  
      start_initialization 26F8          _UART1_String_Send 260E         ?_UART1_String_Send 0505  
      ??_UART1_String_Send 0507       UART1_String_Send@tam 0509                   ??_strlen 0503  
__end_of_UART1_String_Send 2666                  _configuro 26CE                __smallconst 2600  
              _U1ERRIRbits 02B2                _U3ERRIRbits 02D8                 ?_configuro 0501  
                 __Hrparam 0000                   __Lrparam 0000               __Lsmallconst 2600  
  UART1_String_Send@cadena 0505                   isa$xinst 0000                ??_configuro 0501  
       UART1_String_Send@i 050A  
