

Microchip MPLAB XC8 Assembler V2.41 build 20230208172133 
                                                                                               Mon May 15 12:29:05 2023

Microchip MPLAB XC8 C Compiler v2.41 (Free license) build 20230208172133 Og1 
     1                           	processor	18F57Q43
     2                           	fnconf	rparam,??,?,0
     3                           	pagewidth 120
     4                           	opt	flic
     5                           	psect	cinit,global,reloc=2,class=CODE,delta=1
     6                           	psect	bssCOMRAM,global,class=COMRAM,space=1,delta=1,lowdata,noexec
     7                           	psect	cstackCOMRAM,global,class=COMRAM,space=1,delta=1,lowdata,noexec
     8                           	psect	text0,global,reloc=2,class=CODE,delta=1
     9                           	psect	text1,global,reloc=2,class=CODE,delta=1
    10                           	psect	text2,global,reloc=2,class=CODE,delta=1
    11                           	psect	text3,global,reloc=2,class=CODE,delta=1
    12                           	psect	ivt0x8,global,reloc=2,class=CODE,delta=1,noexec,keep,optim=
    13                           	psect	intsave_regs,global,class=BIGRAM,space=1,delta=1,noexec
    14                           	psect	rparam,global,class=COMRAM,space=1,delta=1,noexec
    15                           	psect	idloc,global,abs,ovrld,class=IDLOC,space=5,delta=1,noexec
    16                           	psect	config,global,abs,ovrld,class=CONFIG,space=4,delta=1,noexec
    17   000000                     
    18                           ; Generated 17/06/2022 GMT
    19                           ; 
    20                           ; Copyright © 2022, Microchip Technology Inc. and its subsidiaries ("Microchip")
    21                           ; All rights reserved.
    22                           ; 
    23                           ; This software is developed by Microchip Technology Inc. and its subsidiaries ("Microch
      +                          ip").
    24                           ; 
    25                           ; Redistribution and use in source and binary forms, with or without modification, are
    26                           ; permitted provided that the following conditions are met:
    27                           ; 
    28                           ;     1. Redistributions of source code must retain the above copyright notice, this lis
      +                          t of
    29                           ;        conditions and the following disclaimer.
    30                           ; 
    31                           ;     2. Redistributions in binary form must reproduce the above copyright notice, this 
      +                          list
    32                           ;        of conditions and the following disclaimer in the documentation and/or other
    33                           ;        materials provided with the distribution. Publication is not required when
    34                           ;        this file is used in an embedded application.
    35                           ; 
    36                           ;     3. Microchip's name may not be used to endorse or promote products derived from th
      +                          is
    37                           ;        software without specific prior written permission.
    38                           ; 
    39                           ; THIS SOFTWARE IS PROVIDED BY MICROCHIP "AS IS" AND ANY EXPRESS OR IMPLIED WARRANTIES,
    40                           ; INCLUDING, BUT NOT LIMITED TO, THE IMPLIED WARRANTIES OF MERCHANTABILITY AND FITNESS F
      +                          OR
    41                           ; PURPOSE ARE DISCLAIMED.  IN NO EVENT SHALL MICROCHIP BE LIABLE FOR ANY DIRECT, INDIREC
      +                          T,
    42                           ; INCIDENTAL, SPECIAL, EXEMPLARY, OR CONSEQUENTIAL DAMAGES (INCLUDING BUT NOT LIMITED TO
    43                           ; PROCUREMENT OF SUBSTITUTE GOODS OR SERVICES; LOSS OF USE, DATA OR PROFITS; OR BUSINESS
    44                           ; INTERRUPTION) HOWSOEVER CAUSED AND ON ANY THEORY OF LIABILITY, WHETHER IN CONTRACT, ST
      +                          RICT
    45                           ; LIABILITY, OR TORT (INCLUDING NEGLIGENCE OR OTHERWISE) ARISING IN ANY WAY OUT OF THE U
      +                          SE OF
    46                           ; THIS SOFTWARE, EVEN IF ADVISED OF THE POSSIBILITY OF SUCH DAMAGE.
    47                           ; 
    48                           ; 
    49                           ; Code-generator required, PIC18F57Q43 Definitions
    50                           ; 
    51                           ; SFR Addresses
    52   000000                     _OSCCON1	set	173
    53   000000                     _OSCFRQ	set	177
    54   000000                     _OSCEN	set	179
    55   000000                     _TMR0L	set	792
    56   000000                     _TMR0H	set	793
    57   000000                     _T0CON0	set	794
    58   000000                     _ANSELBbits	set	1032
    59   000000                     _ANSELCbits	set	1040
    60   000000                     _ANSELD	set	1048
    61   000000                     _TRISD	set	1225
    62   000000                     _TRISFbits	set	1227
    63   000000                     _ANSELFbits	set	1064
    64   000000                     _INTCON0bits	set	1238
    65   000000                     _PIE1bits	set	1183
    66   000000                     _TRISBbits	set	1223
    67   000000                     _TRISCbits	set	1224
    68   000000                     _WPUBbits	set	1033
    69   000000                     _IPR6bits	set	872
    70   000000                     _T0CON1	set	795
    71   000000                     _PIE6bits	set	1188
    72   000000                     _PIR1bits	set	1199
    73   000000                     _PIR3bits	set	1201
    74   000000                     _LATD	set	1217
    75   000000                     _LATFbits	set	1219
    76   000000                     _PIR6bits	set	1204
    77   000000                     _LATCbits	set	1216
    78                           
    79                           ; #config settings
    80                           
    81                           	psect	cinit
    82   00010E                     __pcinit:
    83                           	callstack 0
    84   00010E                     start_initialization:
    85                           	callstack 0
    86   00010E                     __initialization:
    87                           	callstack 0
    88                           
    89                           ; Clear objects allocated to COMRAM (1 bytes)
    90   00010E  6A04               	clrf	__pbssCOMRAM& (0+255),c
    91                           
    92                           ;
    93                           ; Setup IVTBASE
    94                           ;
    95   000110  0104               	movlb	4
    96   000112  0E08               	movlw	(ivt0x8_base shr 0)& (0+255)
    97   000114  6F5D               	movwf	93,b
    98   000116  0E00               	movlw	(ivt0x8_base shr (0+8))& (0+255)
    99   000118  6F5E               	movwf	94,b
   100   00011A  0E00               	movlw	(ivt0x8_base shr (0+16))& (0+255)
   101   00011C  6F5F               	movwf	95,b
   102   00011E                     end_of_initialization:
   103                           	callstack 0
   104   00011E                     __end_of__initialization:
   105                           	callstack 0
   106   00011E  0100               	movlb	0
   107   000120  EF3B  F000         	goto	_main	;jump to C main() function
   108                           
   109                           	psect	bssCOMRAM
   110   000504                     __pbssCOMRAM:
   111                           	callstack 0
   112   000504                     _cuenta:
   113                           	callstack 0
   114   000504                     	ds	1
   115                           
   116                           	psect	cstackCOMRAM
   117   000501                     __pcstackCOMRAM:
   118                           	callstack 0
   119   000501                     ??_INT1_ISR:
   120                           
   121                           ; 1 bytes @ 0x0
   122   000501                     	ds	2
   123   000503                     ??_main:
   124                           
   125                           ; 1 bytes @ 0x2
   126   000503                     	ds	1
   127                           
   128 ;;
   129 ;;Main: autosize = 0, tempsize = 1, incstack = 0, save=0
   130 ;;
   131 ;; *************** function _main *****************
   132 ;; Defined at:
   133 ;;		line 43 in file "maincode2.c"
   134 ;; Parameters:    Size  Location     Type
   135 ;;		None
   136 ;; Auto vars:     Size  Location     Type
   137 ;;		None
   138 ;; Return value:  Size  Location     Type
   139 ;;                  1    wreg      void 
   140 ;; Registers used:
   141 ;;		wreg, status,2, status,0, cstack
   142 ;; Tracked objects:
   143 ;;		On entry : 0/0
   144 ;;		On exit  : 0/0
   145 ;;		Unchanged: 0/0
   146 ;; Data sizes:     COMRAM   BANK5   BANK6   BANK7   BANK8   BANK9  BANK10  BANK11  BANK12  BANK13  BANK14  BANK15  BANK1
      +6  BANK17  BANK18  BANK19  BANK20  BANK21  BANK22  BANK23  BANK24  BANK25  BANK26  BANK27  BANK28  BANK29  BANK30  BANK3
      +1  BANK32  BANK33  BANK34  BANK35  BANK36
   147 ;;      Params:         0       0       0       0       0       0       0       0       0       0       0       0       
      +0       0       0       0       0       0       0       0       0       0       0       0       0       0       0       
      +0       0       0       0       0       0
   148 ;;      Locals:         0       0       0       0       0       0       0       0       0       0       0       0       
      +0       0       0       0       0       0       0       0       0       0       0       0       0       0       0       
      +0       0       0       0       0       0
   149 ;;      Temps:          1       0       0       0       0       0       0       0       0       0       0       0       
      +0       0       0       0       0       0       0       0       0       0       0       0       0       0       0       
      +0       0       0       0       0       0
   150 ;;      Totals:         1       0       0       0       0       0       0       0       0       0       0       0       
      +0       0       0       0       0       0       0       0       0       0       0       0       0       0       0       
      +0       0       0       0       0       0
   151 ;;Total ram usage:        1 bytes
   152 ;; Hardware stack levels required when called: 3
   153 ;; This function calls:
   154 ;;		_configuro
   155 ;; This function is called by:
   156 ;;		Startup code after reset
   157 ;; This function uses a non-reentrant model
   158 ;;
   159                           
   160                           	psect	text0
   161   000076                     __ptext0:
   162                           	callstack 0
   163   000076                     _main:
   164                           	callstack 124
   165   000076                     
   166                           ;maincode2.c: 44:     configuro();
   167   000076  EC10  F000         	call	_configuro	;wreg free
   168   00007A                     l63:
   169   00007A  AEB1               	btfss	177,7,c	;volatile
   170   00007C  EF42  F000         	goto	u11
   171   000080  EF44  F000         	goto	u10
   172   000084                     u11:
   173   000084  EF3D  F000         	goto	l63
   174   000088                     u10:
   175   000088                     
   176                           ;maincode2.c: 47:         PIR3bits.TMR0IF = 0;
   177   000088  9EB1               	bcf	177,7,c	;volatile
   178   00008A                     
   179                           ;maincode2.c: 48:         TMR0H = 0x0B;
   180   00008A  0E0B               	movlw	11
   181   00008C  0103               	movlb	3	; () banked
   182   00008E  6F19               	movwf	25,b	;volatile
   183                           
   184                           ;maincode2.c: 49:         TMR0L = 0xDC;
   185   000090  0EDC               	movlw	220
   186   000092  6F18               	movwf	24,b	;volatile
   187   000094                     
   188                           ; BSR set to: 3
   189                           ;maincode2.c: 50:         LATCbits.LATC0 = ~LATCbits.LATC0;
   190   000094  B0C0               	btfsc	192,0,c	;volatile
   191   000096  EF4F  F000         	goto	u21
   192   00009A  EF52  F000         	goto	u20
   193   00009E                     u21:
   194   00009E  0E01               	movlw	1
   195   0000A0  EF53  F000         	goto	u26
   196   0000A4                     u20:
   197   0000A4  0E00               	movlw	0
   198   0000A6                     u26:
   199   0000A6  0AFF               	xorlw	255
   200   0000A8  6E03               	movwf	??_main^(0+1280),c
   201   0000AA  50C0               	movf	192,w,c	;volatile
   202   0000AC  1803               	xorwf	??_main^(0+1280),w,c
   203   0000AE  0BFE               	andlw	-2
   204   0000B0  1803               	xorwf	??_main^(0+1280),w,c
   205   0000B2  6EC0               	movwf	192,c	;volatile
   206   0000B4  EF3D  F000         	goto	l63
   207   0000B8  EF0E  F000         	goto	start
   208   0000BC                     __end_of_main:
   209                           	callstack 0
   210                           
   211 ;; *************** function _configuro *****************
   212 ;; Defined at:
   213 ;;		line 7 in file "maincode2.c"
   214 ;; Parameters:    Size  Location     Type
   215 ;;		None
   216 ;; Auto vars:     Size  Location     Type
   217 ;;		None
   218 ;; Return value:  Size  Location     Type
   219 ;;                  1    wreg      void 
   220 ;; Registers used:
   221 ;;		wreg, status,2, status,0
   222 ;; Tracked objects:
   223 ;;		On entry : 0/0
   224 ;;		On exit  : 0/0
   225 ;;		Unchanged: 0/0
   226 ;; Data sizes:     COMRAM   BANK5   BANK6   BANK7   BANK8   BANK9  BANK10  BANK11  BANK12  BANK13  BANK14  BANK15  BANK1
      +6  BANK17  BANK18  BANK19  BANK20  BANK21  BANK22  BANK23  BANK24  BANK25  BANK26  BANK27  BANK28  BANK29  BANK30  BANK3
      +1  BANK32  BANK33  BANK34  BANK35  BANK36
   227 ;;      Params:         0       0       0       0       0       0       0       0       0       0       0       0       
      +0       0       0       0       0       0       0       0       0       0       0       0       0       0       0       
      +0       0       0       0       0       0
   228 ;;      Locals:         0       0       0       0       0       0       0       0       0       0       0       0       
      +0       0       0       0       0       0       0       0       0       0       0       0       0       0       0       
      +0       0       0       0       0       0
   229 ;;      Temps:          0       0       0       0       0       0       0       0       0       0       0       0       
      +0       0       0       0       0       0       0       0       0       0       0       0       0       0       0       
      +0       0       0       0       0       0
   230 ;;      Totals:         0       0       0       0       0       0       0       0       0       0       0       0       
      +0       0       0       0       0       0       0       0       0       0       0       0       0       0       0       
      +0       0       0       0       0       0
   231 ;;Total ram usage:        0 bytes
   232 ;; Hardware stack levels used: 1
   233 ;; Hardware stack levels required when called: 2
   234 ;; This function calls:
   235 ;;		Nothing
   236 ;; This function is called by:
   237 ;;		_main
   238 ;; This function uses a non-reentrant model
   239 ;;
   240                           
   241                           	psect	text1
   242   000020                     __ptext1:
   243                           	callstack 0
   244   000020                     _configuro:
   245                           	callstack 124
   246   000020                     
   247                           ;maincode2.c: 9:     OSCCON1 = 0x60;
   248   000020  0E60               	movlw	96
   249   000022  0100               	movlb	0	; () banked
   250   000024  6FAD               	movwf	173,b	;volatile
   251                           
   252                           ;maincode2.c: 10:     OSCFRQ = 0x02;
   253   000026  0E02               	movlw	2
   254   000028  6FB1               	movwf	177,b	;volatile
   255                           
   256                           ;maincode2.c: 11:     OSCEN = 0x40;
   257   00002A  0E40               	movlw	64
   258   00002C  6FB3               	movwf	179,b	;volatile
   259                           
   260                           ;maincode2.c: 13:     TRISD = 0xF0;
   261   00002E  0EF0               	movlw	240
   262   000030  6EC9               	movwf	201,c	;volatile
   263                           
   264                           ;maincode2.c: 14:     ANSELD = 0xF0;
   265   000032  0EF0               	movlw	240
   266   000034  0104               	movlb	4	; () banked
   267   000036  6F18               	movwf	24,b	;volatile
   268   000038                     
   269                           ; BSR set to: 4
   270                           ;maincode2.c: 15:     TRISFbits.TRISF0 = 0;
   271   000038  90CB               	bcf	203,0,c	;volatile
   272   00003A                     
   273                           ; BSR set to: 4
   274                           ;maincode2.c: 16:     ANSELFbits.ANSELF0 = 0;
   275   00003A  9128               	bcf	40,0,b	;volatile
   276   00003C                     
   277                           ; BSR set to: 4
   278                           ;maincode2.c: 17:     TRISCbits.TRISC0 = 0;
   279   00003C  90C8               	bcf	200,0,c	;volatile
   280   00003E                     
   281                           ; BSR set to: 4
   282                           ;maincode2.c: 18:     ANSELCbits.ANSELC0 = 0;
   283   00003E  9110               	bcf	16,0,b	;volatile
   284   000040                     
   285                           ; BSR set to: 4
   286                           ;maincode2.c: 19:     TRISBbits.TRISB0 = 1;
   287   000040  80C7               	bsf	199,0,c	;volatile
   288   000042                     
   289                           ; BSR set to: 4
   290                           ;maincode2.c: 20:     ANSELBbits.ANSELB0 = 0;
   291   000042  9108               	bcf	8,0,b	;volatile
   292   000044                     
   293                           ; BSR set to: 4
   294                           ;maincode2.c: 21:     WPUBbits.WPUB0 = 1;
   295   000044  8109               	bsf	9,0,b	;volatile
   296   000046                     
   297                           ; BSR set to: 4
   298                           ;maincode2.c: 22:     TRISBbits.TRISB1 = 1;
   299   000046  82C7               	bsf	199,1,c	;volatile
   300   000048                     
   301                           ; BSR set to: 4
   302                           ;maincode2.c: 23:     ANSELBbits.ANSELB1 = 0;
   303   000048  9308               	bcf	8,1,b	;volatile
   304   00004A                     
   305                           ; BSR set to: 4
   306                           ;maincode2.c: 24:     WPUBbits.WPUB1 = 1;
   307   00004A  8309               	bsf	9,1,b	;volatile
   308                           
   309                           ;maincode2.c: 26:     T0CON0 = 0x90;
   310   00004C  0E90               	movlw	144
   311   00004E  0103               	movlb	3	; () banked
   312   000050  6F1A               	movwf	26,b	;volatile
   313                           
   314                           ;maincode2.c: 27:     T0CON1 = 0x53;
   315   000052  0E53               	movlw	83
   316   000054  6F1B               	movwf	27,b	;volatile
   317                           
   318                           ;maincode2.c: 28:     TMR0H = 0x0B;
   319   000056  0E0B               	movlw	11
   320   000058  6F19               	movwf	25,b	;volatile
   321                           
   322                           ;maincode2.c: 29:     TMR0L = 0xDC;
   323   00005A  0EDC               	movlw	220
   324   00005C  6F18               	movwf	24,b	;volatile
   325   00005E                     
   326                           ; BSR set to: 3
   327                           ;maincode2.c: 31:     INTCON0bits.IPEN = 1;
   328   00005E  8AD6               	bsf	214,5,c	;volatile
   329   000060                     
   330                           ; BSR set to: 3
   331                           ;maincode2.c: 32:     INTCON0bits.GIEH = 1;
   332   000060  8ED6               	bsf	214,7,c	;volatile
   333   000062                     
   334                           ; BSR set to: 3
   335                           ;maincode2.c: 33:     INTCON0bits.GIEL = 1;
   336   000062  8CD6               	bsf	214,6,c	;volatile
   337   000064                     
   338                           ; BSR set to: 3
   339                           ;maincode2.c: 34:     PIE1bits.INT0IE = 1;
   340   000064  809F               	bsf	159,0,c	;volatile
   341   000066                     
   342                           ; BSR set to: 3
   343                           ;maincode2.c: 35:     INTCON0bits.INT0EDG = 0;
   344   000066  90D6               	bcf	214,0,c	;volatile
   345   000068                     
   346                           ; BSR set to: 3
   347                           ;maincode2.c: 36:     PIE6bits.INT1IE = 1;
   348   000068  80A4               	bsf	164,0,c	;volatile
   349   00006A                     
   350                           ; BSR set to: 3
   351                           ;maincode2.c: 37:     INTCON0bits.INT1EDG = 0;
   352   00006A  92D6               	bcf	214,1,c	;volatile
   353   00006C                     
   354                           ; BSR set to: 3
   355                           ;maincode2.c: 38:     IPR6bits.INT1IP = 0;
   356   00006C  9168               	bcf	104,0,b	;volatile
   357   00006E                     
   358                           ; BSR set to: 3
   359                           ;maincode2.c: 40:     LATD = cuenta & 0x0F;
   360   00006E  5004               	movf	_cuenta^(0+1280),w,c
   361   000070  0B0F               	andlw	15
   362   000072  6EC1               	movwf	193,c	;volatile
   363   000074                     
   364                           ; BSR set to: 3
   365   000074  0012               	return		;funcret
   366   000076                     __end_of_configuro:
   367                           	callstack 0
   368                           
   369 ;; *************** function _INT1_ISR *****************
   370 ;; Defined at:
   371 ;;		line 65 in file "maincode2.c"
   372 ;; Parameters:    Size  Location     Type
   373 ;;		None
   374 ;; Auto vars:     Size  Location     Type
   375 ;;		None
   376 ;; Return value:  Size  Location     Type
   377 ;;                  1    wreg      void 
   378 ;; Registers used:
   379 ;;		wreg, status,2, status,0
   380 ;; Tracked objects:
   381 ;;		On entry : 0/0
   382 ;;		On exit  : 0/0
   383 ;;		Unchanged: 0/0
   384 ;; Data sizes:     COMRAM   BANK5   BANK6   BANK7   BANK8   BANK9  BANK10  BANK11  BANK12  BANK13  BANK14  BANK15  BANK1
      +6  BANK17  BANK18  BANK19  BANK20  BANK21  BANK22  BANK23  BANK24  BANK25  BANK26  BANK27  BANK28  BANK29  BANK30  BANK3
      +1  BANK32  BANK33  BANK34  BANK35  BANK36
   385 ;;      Params:         0       0       0       0       0       0       0       0       0       0       0       0       
      +0       0       0       0       0       0       0       0       0       0       0       0       0       0       0       
      +0       0       0       0       0       0
   386 ;;      Locals:         0       0       0       0       0       0       0       0       0       0       0       0       
      +0       0       0       0       0       0       0       0       0       0       0       0       0       0       0       
      +0       0       0       0       0       0
   387 ;;      Temps:          2       0       0       0       0       0       0       0       0       0       0       0       
      +0       0       0       0       0       0       0       0       0       0       0       0       0       0       0       
      +0       0       0       0       0       0
   388 ;;      Totals:         2       0       0       0       0       0       0       0       0       0       0       0       
      +0       0       0       0       0       0       0       0       0       0       0       0       0       0       0       
      +0       0       0       0       0       0
   389 ;;Total ram usage:        2 bytes
   390 ;; Hardware stack levels used: 1
   391 ;; Hardware stack levels required when called: 1
   392 ;; This function calls:
   393 ;;		Nothing
   394 ;; This function is called by:
   395 ;;		Interrupt level 1
   396 ;; This function uses a non-reentrant model
   397 ;;
   398                           
   399                           	psect	text2
   400   0000BC                     __ptext2:
   401                           	callstack 0
   402   0000BC                     _INT1_ISR:
   403                           	callstack 124
   404                           
   405                           ; BSR set to: 3
   406                           ;incstack = 0
   407   0000BC  C4D8 F502          	movff	status,??_INT1_ISR+1
   408   0000C0                     
   409                           ;maincode2.c: 66:     PIR6bits.INT1IF = 0;
   410   0000C0  90B4               	bcf	180,0,c	;volatile
   411   0000C2                     
   412                           ;maincode2.c: 67:     LATFbits.LATF0 = ~LATFbits.LATF0;
   413   0000C2  B0C3               	btfsc	195,0,c	;volatile
   414   0000C4  EF66  F000         	goto	i1u4_21
   415   0000C8  EF69  F000         	goto	i1u4_20
   416   0000CC                     i1u4_21:
   417   0000CC  0E01               	movlw	1
   418   0000CE  EF6A  F000         	goto	i1u4_26
   419   0000D2                     i1u4_20:
   420   0000D2  0E00               	movlw	0
   421   0000D4                     i1u4_26:
   422   0000D4  0AFF               	xorlw	255
   423   0000D6  6E01               	movwf	??_INT1_ISR^(0+1280),c
   424   0000D8  50C3               	movf	195,w,c	;volatile
   425   0000DA  1801               	xorwf	??_INT1_ISR^(0+1280),w,c
   426   0000DC  0BFE               	andlw	-2
   427   0000DE  1801               	xorwf	??_INT1_ISR^(0+1280),w,c
   428   0000E0  6EC3               	movwf	195,c	;volatile
   429   0000E2  C502  F4D8         	movff	??_INT1_ISR+1,status
   430   0000E6  0011               	retfie		f
   431   0000E8                     __end_of_INT1_ISR:
   432                           	callstack 0
   433                           
   434 ;; *************** function _INT0_ISR *****************
   435 ;; Defined at:
   436 ;;		line 54 in file "maincode2.c"
   437 ;; Parameters:    Size  Location     Type
   438 ;;		None
   439 ;; Auto vars:     Size  Location     Type
   440 ;;		None
   441 ;; Return value:  Size  Location     Type
   442 ;;                  1    wreg      void 
   443 ;; Registers used:
   444 ;;		wreg, status,2, status,0
   445 ;; Tracked objects:
   446 ;;		On entry : 0/0
   447 ;;		On exit  : 0/0
   448 ;;		Unchanged: 0/0
   449 ;; Data sizes:     COMRAM   BANK5   BANK6   BANK7   BANK8   BANK9  BANK10  BANK11  BANK12  BANK13  BANK14  BANK15  BANK1
      +6  BANK17  BANK18  BANK19  BANK20  BANK21  BANK22  BANK23  BANK24  BANK25  BANK26  BANK27  BANK28  BANK29  BANK30  BANK3
      +1  BANK32  BANK33  BANK34  BANK35  BANK36
   450 ;;      Params:         0       0       0       0       0       0       0       0       0       0       0       0       
      +0       0       0       0       0       0       0       0       0       0       0       0       0       0       0       
      +0       0       0       0       0       0
   451 ;;      Locals:         0       0       0       0       0       0       0       0       0       0       0       0       
      +0       0       0       0       0       0       0       0       0       0       0       0       0       0       0       
      +0       0       0       0       0       0
   452 ;;      Temps:          0       0       0       0       0       0       0       0       0       0       0       0       
      +0       0       0       0       0       0       0       0       0       0       0       0       0       0       0       
      +0       0       0       0       0       0
   453 ;;      Totals:         0       0       0       0       0       0       0       0       0       0       0       0       
      +0       0       0       0       0       0       0       0       0       0       0       0       0       0       0       
      +0       0       0       0       0       0
   454 ;;Total ram usage:        0 bytes
   455 ;; Hardware stack levels used: 1
   456 ;; This function calls:
   457 ;;		Nothing
   458 ;; This function is called by:
   459 ;;		Interrupt level 2
   460 ;; This function uses a non-reentrant model
   461 ;;
   462                           
   463                           	psect	text3
   464   0000E8                     __ptext3:
   465                           	callstack 0
   466   0000E8                     _INT0_ISR:
   467                           	callstack 124
   468   0000E8                     
   469                           ;maincode2.c: 55:     PIR1bits.INT0IF = 0;
   470   0000E8  90AF               	bcf	175,0,c	;volatile
   471   0000EA                     
   472                           ;maincode2.c: 56:     if(cuenta == 15){
   473   0000EA  0E0F               	movlw	15
   474   0000EC  1804               	xorwf	_cuenta^(0+1280),w,c
   475   0000EE  A4D8               	btfss	status,2,c
   476   0000F0  EF7C  F000         	goto	i2u3_41
   477   0000F4  EF7E  F000         	goto	i2u3_40
   478   0000F8                     i2u3_41:
   479   0000F8  EF82  F000         	goto	i2l808
   480   0000FC                     i2u3_40:
   481   0000FC                     
   482                           ;maincode2.c: 57:         cuenta = 0;
   483   0000FC  0E00               	movlw	0
   484   0000FE  6E04               	movwf	_cuenta^(0+1280),c
   485                           
   486                           ;maincode2.c: 58:     }
   487   000100  EF83  F000         	goto	i2l810
   488   000104                     i2l808:
   489                           
   490                           ;maincode2.c: 60:         cuenta++;
   491   000104  2A04               	incf	_cuenta^(0+1280),f,c
   492   000106                     i2l810:
   493                           
   494                           ;maincode2.c: 62:     LATD = cuenta & 0x0F;
   495   000106  5004               	movf	_cuenta^(0+1280),w,c
   496   000108  0B0F               	andlw	15
   497   00010A  6EC1               	movwf	193,c	;volatile
   498   00010C  0011               	retfie		f
   499   00010E                     __end_of_INT0_ISR:
   500                           	callstack 0
   501                           
   502                           ;
   503                           ; Interrupt Vector Table @ 0x8
   504                           ;
   505                           
   506                           	psect	ivt0x8
   507   000008                     __pivt0x8:
   508                           	callstack 0
   509   000008                     ivt0x8_base:
   510                           	callstack 0
   511                           
   512                           ; high-priority vector
   513   000008  EF74  F000         	goto	_INT0_ISR
   514   000018                     	org	16
   515                           
   516                           ; low-priority vector
   517   000018  EF5E  F000         	goto	_INT1_ISR
   518   000000                     
   519                           	psect	rparam
   520   000000                     
   521                           	psect	idloc
   522                           
   523                           ;Config register IDLOC0 @ 0x200000
   524                           ;	unspecified, using default values
   525   200000                     	org	2097152
   526   200000  0FFF               	dw	4095
   527                           
   528                           ;Config register IDLOC1 @ 0x200002
   529                           ;	unspecified, using default values
   530   200002                     	org	2097154
   531   200002  0FFF               	dw	4095
   532                           
   533                           ;Config register IDLOC2 @ 0x200004
   534                           ;	unspecified, using default values
   535   200004                     	org	2097156
   536   200004  0FFF               	dw	4095
   537                           
   538                           ;Config register IDLOC3 @ 0x200006
   539                           ;	unspecified, using default values
   540   200006                     	org	2097158
   541   200006  0FFF               	dw	4095
   542                           
   543                           ;Config register IDLOC4 @ 0x200008
   544                           ;	unspecified, using default values
   545   200008                     	org	2097160
   546   200008  0FFF               	dw	4095
   547                           
   548                           ;Config register IDLOC5 @ 0x20000A
   549                           ;	unspecified, using default values
   550   20000A                     	org	2097162
   551   20000A  0FFF               	dw	4095
   552                           
   553                           ;Config register IDLOC6 @ 0x20000C
   554                           ;	unspecified, using default values
   555   20000C                     	org	2097164
   556   20000C  0FFF               	dw	4095
   557                           
   558                           ;Config register IDLOC7 @ 0x20000E
   559                           ;	unspecified, using default values
   560   20000E                     	org	2097166
   561   20000E  0FFF               	dw	4095
   562                           
   563                           ;Config register IDLOC8 @ 0x200010
   564                           ;	unspecified, using default values
   565   200010                     	org	2097168
   566   200010  0FFF               	dw	4095
   567                           
   568                           ;Config register IDLOC9 @ 0x200012
   569                           ;	unspecified, using default values
   570   200012                     	org	2097170
   571   200012  0FFF               	dw	4095
   572                           
   573                           ;Config register IDLOC10 @ 0x200014
   574                           ;	unspecified, using default values
   575   200014                     	org	2097172
   576   200014  0FFF               	dw	4095
   577                           
   578                           ;Config register IDLOC11 @ 0x200016
   579                           ;	unspecified, using default values
   580   200016                     	org	2097174
   581   200016  0FFF               	dw	4095
   582                           
   583                           ;Config register IDLOC12 @ 0x200018
   584                           ;	unspecified, using default values
   585   200018                     	org	2097176
   586   200018  0FFF               	dw	4095
   587                           
   588                           ;Config register IDLOC13 @ 0x20001A
   589                           ;	unspecified, using default values
   590   20001A                     	org	2097178
   591   20001A  0FFF               	dw	4095
   592                           
   593                           ;Config register IDLOC14 @ 0x20001C
   594                           ;	unspecified, using default values
   595   20001C                     	org	2097180
   596   20001C  0FFF               	dw	4095
   597                           
   598                           ;Config register IDLOC15 @ 0x20001E
   599                           ;	unspecified, using default values
   600   20001E                     	org	2097182
   601   20001E  0FFF               	dw	4095
   602                           
   603                           ;Config register IDLOC16 @ 0x200020
   604                           ;	unspecified, using default values
   605   200020                     	org	2097184
   606   200020  0FFF               	dw	4095
   607                           
   608                           ;Config register IDLOC17 @ 0x200022
   609                           ;	unspecified, using default values
   610   200022                     	org	2097186
   611   200022  0FFF               	dw	4095
   612                           
   613                           ;Config register IDLOC18 @ 0x200024
   614                           ;	unspecified, using default values
   615   200024                     	org	2097188
   616   200024  0FFF               	dw	4095
   617                           
   618                           ;Config register IDLOC19 @ 0x200026
   619                           ;	unspecified, using default values
   620   200026                     	org	2097190
   621   200026  0FFF               	dw	4095
   622                           
   623                           ;Config register IDLOC20 @ 0x200028
   624                           ;	unspecified, using default values
   625   200028                     	org	2097192
   626   200028  0FFF               	dw	4095
   627                           
   628                           ;Config register IDLOC21 @ 0x20002A
   629                           ;	unspecified, using default values
   630   20002A                     	org	2097194
   631   20002A  0FFF               	dw	4095
   632                           
   633                           ;Config register IDLOC22 @ 0x20002C
   634                           ;	unspecified, using default values
   635   20002C                     	org	2097196
   636   20002C  0FFF               	dw	4095
   637                           
   638                           ;Config register IDLOC23 @ 0x20002E
   639                           ;	unspecified, using default values
   640   20002E                     	org	2097198
   641   20002E  0FFF               	dw	4095
   642                           
   643                           ;Config register IDLOC24 @ 0x200030
   644                           ;	unspecified, using default values
   645   200030                     	org	2097200
   646   200030  0FFF               	dw	4095
   647                           
   648                           ;Config register IDLOC25 @ 0x200032
   649                           ;	unspecified, using default values
   650   200032                     	org	2097202
   651   200032  0FFF               	dw	4095
   652                           
   653                           ;Config register IDLOC26 @ 0x200034
   654                           ;	unspecified, using default values
   655   200034                     	org	2097204
   656   200034  0FFF               	dw	4095
   657                           
   658                           ;Config register IDLOC27 @ 0x200036
   659                           ;	unspecified, using default values
   660   200036                     	org	2097206
   661   200036  0FFF               	dw	4095
   662                           
   663                           ;Config register IDLOC28 @ 0x200038
   664                           ;	unspecified, using default values
   665   200038                     	org	2097208
   666   200038  0FFF               	dw	4095
   667                           
   668                           ;Config register IDLOC29 @ 0x20003A
   669                           ;	unspecified, using default values
   670   20003A                     	org	2097210
   671   20003A  0FFF               	dw	4095
   672                           
   673                           ;Config register IDLOC30 @ 0x20003C
   674                           ;	unspecified, using default values
   675   20003C                     	org	2097212
   676   20003C  0FFF               	dw	4095
   677                           
   678                           ;Config register IDLOC31 @ 0x20003E
   679                           ;	unspecified, using default values
   680   20003E                     	org	2097214
   681   20003E  0FFF               	dw	4095
   682                           
   683                           	psect	config
   684                           
   685                           ;Config register CONFIG1 @ 0x300000
   686                           ;	External Oscillator Selection
   687                           ;	FEXTOSC = ECH, EC (external clock) above 8 MHz
   688                           ;	Reset Oscillator Selection
   689                           ;	RSTOSC = EXTOSC, EXTOSC operating per FEXTOSC bits (device manufacturing default)
   690   300000                     	org	3145728
   691   300000  FF                 	db	255
   692                           
   693                           ;Config register CONFIG2 @ 0x300001
   694                           ;	Clock out Enable bit
   695                           ;	CLKOUTEN = OFF, CLKOUT function is disabled
   696                           ;	PRLOCKED One-Way Set Enable bit
   697                           ;	PR1WAY = ON, PRLOCKED bit can be cleared and set only once
   698                           ;	Clock Switch Enable bit
   699                           ;	CSWEN = ON, Writing to NOSC and NDIV is allowed
   700                           ;	Fail-Safe Clock Monitor Enable bit
   701                           ;	FCMEN = ON, Fail-Safe Clock Monitor enabled
   702   300001                     	org	3145729
   703   300001  FF                 	db	255
   704                           
   705                           ;Config register CONFIG3 @ 0x300002
   706                           ;	MCLR Enable bit
   707                           ;	MCLRE = EXTMCLR, If LVP = 0, MCLR pin is MCLR; If LVP = 1, RE3 pin function is MCLR
   708                           ;	Power-up timer selection bits
   709                           ;	PWRTS = PWRT_16, PWRT set at 16ms
   710                           ;	Multi-vector enable bit
   711                           ;	MVECEN = OFF, Interrupt contoller does not use vector table to prioritze interrupts
   712                           ;	IVTLOCK bit One-way set enable bit
   713                           ;	IVT1WAY = ON, IVTLOCKED bit can be cleared and set only once
   714                           ;	Low Power BOR Enable bit
   715                           ;	LPBOREN = OFF, Low-Power BOR disabled
   716                           ;	Brown-out Reset Enable bits
   717                           ;	BOREN = OFF, Brown-out Reset disabled
   718   300002                     	org	3145730
   719   300002  33                 	db	51
   720                           
   721                           ;Config register CONFIG4 @ 0x300003
   722                           ;	Brown-out Reset Voltage Selection bits
   723                           ;	BORV = VBOR_1P9, Brown-out Reset Voltage (VBOR) set to 1.9V
   724                           ;	ZCD Disable bit
   725                           ;	ZCD = OFF, ZCD module is disabled. ZCD can be enabled by setting the ZCDSEN bit of ZCD
      +                          CON
   726                           ;	PPSLOCK bit One-Way Set Enable bit
   727                           ;	PPS1WAY = ON, PPSLOCKED bit can be cleared and set only once; PPS registers remain loc
      +                          ked after one clear/set cycle
   728                           ;	Stack Full/Underflow Reset Enable bit
   729                           ;	STVREN = ON, Stack full/underflow will cause Reset
   730                           ;	Low Voltage Programming Enable bit
   731                           ;	LVP = OFF, HV on MCLR/VPP must be used for programming
   732                           ;	Extended Instruction Set Enable bit
   733                           ;	XINST = OFF, Extended Instruction Set and Indexed Addressing Mode disabled
   734   300003                     	org	3145731
   735   300003  DF                 	db	223
   736                           
   737                           ;Config register CONFIG5 @ 0x300004
   738                           ;	WDT Period selection bits
   739                           ;	WDTCPS = WDTCPS_31, Divider ratio 1:65536; software control of WDTPS
   740                           ;	WDT operating mode
   741                           ;	WDTE = OFF, WDT Disabled; SWDTEN is ignored
   742   300004                     	org	3145732
   743   300004  9F                 	db	159
   744                           
   745                           ;Config register CONFIG6 @ 0x300005
   746                           ;	WDT Window Select bits
   747                           ;	WDTCWS = WDTCWS_7, window always open (100%); software control; keyed access not requi
      +                          red
   748                           ;	WDT input clock selector
   749                           ;	WDTCCS = SC, Software Control
   750   300005                     	org	3145733
   751   300005  FF                 	db	255
   752                           
   753                           ;Config register CONFIG7 @ 0x300006
   754                           ;	Boot Block Size selection bits
   755                           ;	BBSIZE = BBSIZE_512, Boot Block size is 512 words
   756                           ;	Boot Block enable bit
   757                           ;	BBEN = OFF, Boot block disabled
   758                           ;	Storage Area Flash enable bit
   759                           ;	SAFEN = OFF, SAF disabled
   760                           ;	Background Debugger
   761                           ;	DEBUG = OFF, Background Debugger disabled
   762   300006                     	org	3145734
   763   300006  FF                 	db	255
   764                           
   765                           ;Config register CONFIG8 @ 0x300007
   766                           ;	Boot Block Write Protection bit
   767                           ;	WRTB = OFF, Boot Block not Write protected
   768                           ;	Configuration Register Write Protection bit
   769                           ;	WRTC = OFF, Configuration registers not Write protected
   770                           ;	Data EEPROM Write Protection bit
   771                           ;	WRTD = OFF, Data EEPROM not Write protected
   772                           ;	SAF Write protection bit
   773                           ;	WRTSAF = OFF, SAF not Write Protected
   774                           ;	Application Block write protection bit
   775                           ;	WRTAPP = OFF, Application Block not write protected
   776   300007                     	org	3145735
   777   300007  FF                 	db	255
   778                           
   779                           ; Padding undefined space
   780   300008                     	org	3145736
   781   300008  FF                 	db	255
   782                           
   783                           ;Config register CONFIG10 @ 0x300009
   784                           ;	PFM and Data EEPROM Code Protection bit
   785                           ;	CP = OFF, PFM and Data EEPROM code protection disabled
   786   300009                     	org	3145737
   787   300009  FF                 	db	255
   788                           tosu	equ	0x4FF
   789                           tosh	equ	0x4FE
   790                           tosl	equ	0x4FD
   791                           stkptr	equ	0x4FC
   792                           pclatu	equ	0x4FB
   793                           pclath	equ	0x4FA
   794                           pcl	equ	0x4F9
   795                           tblptru	equ	0x4F8
   796                           tblptrh	equ	0x4F7
   797                           tblptrl	equ	0x4F6
   798                           tablat	equ	0x4F5
   799                           prodh	equ	0x4F4
   800                           prodl	equ	0x4F3
   801                           indf0	equ	0x4EF
   802                           postinc0	equ	0x4EE
   803                           postdec0	equ	0x4ED
   804                           preinc0	equ	0x4EC
   805                           plusw0	equ	0x4EB
   806                           fsr0h	equ	0x4EA
   807                           fsr0l	equ	0x4E9
   808                           wreg	equ	0x4E8
   809                           indf1	equ	0x4E7
   810                           postinc1	equ	0x4E6
   811                           postdec1	equ	0x4E5
   812                           preinc1	equ	0x4E4
   813                           plusw1	equ	0x4E3
   814                           fsr1h	equ	0x4E2
   815                           fsr1l	equ	0x4E1
   816                           bsr	equ	0x4E0
   817                           indf2	equ	0x4DF
   818                           postinc2	equ	0x4DE
   819                           postdec2	equ	0x4DD
   820                           preinc2	equ	0x4DC
   821                           plusw2	equ	0x4DB
   822                           fsr2h	equ	0x4DA
   823                           fsr2l	equ	0x4D9
   824                           status	equ	0x4D8

Data Sizes:
    Strings     0
    Constant    0
    Data        0
    BSS         1
    Persistent  0
    Stack       0

Auto Spaces:
    Space          Size  Autos    Used
    COMRAM           95      3       4
    BANK5           160      0       0
    BANK6           256      0       0
    BANK7           256      0       0
    BANK8           256      0       0
    BANK9           256      0       0
    BANK10          256      0       0
    BANK11          256      0       0
    BANK12          256      0       0
    BANK13          256      0       0
    BANK14          256      0       0
    BANK15          256      0       0
    BANK16          256      0       0
    BANK17          256      0       0
    BANK18          256      0       0
    BANK19          256      0       0
    BANK20          256      0       0
    BANK21          256      0       0
    BANK22          256      0       0
    BANK23          256      0       0
    BANK24          256      0       0
    BANK25          256      0       0
    BANK26          256      0       0
    BANK27          256      0       0
    BANK28          256      0       0
    BANK29          256      0       0
    BANK30          256      0       0
    BANK31          256      0       0
    BANK32          256      0       0
    BANK33          256      0       0
    BANK34          256      0       0
    BANK35          256      0       0
    BANK36          256      0       0

Pointer List with Targets:

    None.

Critical Paths under _main in COMRAM

    None.

Critical Paths under _INT1_ISR in COMRAM

    None.

Critical Paths under _INT0_ISR in COMRAM

    None.

Critical Paths under _main in BANK5

    None.

Critical Paths under _INT1_ISR in BANK5

    None.

Critical Paths under _INT0_ISR in BANK5

    None.

Critical Paths under _main in BANK6

    None.

Critical Paths under _INT1_ISR in BANK6

    None.

Critical Paths under _INT0_ISR in BANK6

    None.

Critical Paths under _main in BANK7

    None.

Critical Paths under _INT1_ISR in BANK7

    None.

Critical Paths under _INT0_ISR in BANK7

    None.

Critical Paths under _main in BANK8

    None.

Critical Paths under _INT1_ISR in BANK8

    None.

Critical Paths under _INT0_ISR in BANK8

    None.

Critical Paths under _main in BANK9

    None.

Critical Paths under _INT1_ISR in BANK9

    None.

Critical Paths under _INT0_ISR in BANK9

    None.

Critical Paths under _main in BANK10

    None.

Critical Paths under _INT1_ISR in BANK10

    None.

Critical Paths under _INT0_ISR in BANK10

    None.

Critical Paths under _main in BANK11

    None.

Critical Paths under _INT1_ISR in BANK11

    None.

Critical Paths under _INT0_ISR in BANK11

    None.

Critical Paths under _main in BANK12

    None.

Critical Paths under _INT1_ISR in BANK12

    None.

Critical Paths under _INT0_ISR in BANK12

    None.

Critical Paths under _main in BANK13

    None.

Critical Paths under _INT1_ISR in BANK13

    None.

Critical Paths under _INT0_ISR in BANK13

    None.

Critical Paths under _main in BANK14

    None.

Critical Paths under _INT1_ISR in BANK14

    None.

Critical Paths under _INT0_ISR in BANK14

    None.

Critical Paths under _main in BANK15

    None.

Critical Paths under _INT1_ISR in BANK15

    None.

Critical Paths under _INT0_ISR in BANK15

    None.

Critical Paths under _main in BANK16

    None.

Critical Paths under _INT1_ISR in BANK16

    None.

Critical Paths under _INT0_ISR in BANK16

    None.

Critical Paths under _main in BANK17

    None.

Critical Paths under _INT1_ISR in BANK17

    None.

Critical Paths under _INT0_ISR in BANK17

    None.

Critical Paths under _main in BANK18

    None.

Critical Paths under _INT1_ISR in BANK18

    None.

Critical Paths under _INT0_ISR in BANK18

    None.

Critical Paths under _main in BANK19

    None.

Critical Paths under _INT1_ISR in BANK19

    None.

Critical Paths under _INT0_ISR in BANK19

    None.

Critical Paths under _main in BANK20

    None.

Critical Paths under _INT1_ISR in BANK20

    None.

Critical Paths under _INT0_ISR in BANK20

    None.

Critical Paths under _main in BANK21

    None.

Critical Paths under _INT1_ISR in BANK21

    None.

Critical Paths under _INT0_ISR in BANK21

    None.

Critical Paths under _main in BANK22

    None.

Critical Paths under _INT1_ISR in BANK22

    None.

Critical Paths under _INT0_ISR in BANK22

    None.

Critical Paths under _main in BANK23

    None.

Critical Paths under _INT1_ISR in BANK23

    None.

Critical Paths under _INT0_ISR in BANK23

    None.

Critical Paths under _main in BANK24

    None.

Critical Paths under _INT1_ISR in BANK24

    None.

Critical Paths under _INT0_ISR in BANK24

    None.

Critical Paths under _main in BANK25

    None.

Critical Paths under _INT1_ISR in BANK25

    None.

Critical Paths under _INT0_ISR in BANK25

    None.

Critical Paths under _main in BANK26

    None.

Critical Paths under _INT1_ISR in BANK26

    None.

Critical Paths under _INT0_ISR in BANK26

    None.

Critical Paths under _main in BANK27

    None.

Critical Paths under _INT1_ISR in BANK27

    None.

Critical Paths under _INT0_ISR in BANK27

    None.

Critical Paths under _main in BANK28

    None.

Critical Paths under _INT1_ISR in BANK28

    None.

Critical Paths under _INT0_ISR in BANK28

    None.

Critical Paths under _main in BANK29

    None.

Critical Paths under _INT1_ISR in BANK29

    None.

Critical Paths under _INT0_ISR in BANK29

    None.

Critical Paths under _main in BANK30

    None.

Critical Paths under _INT1_ISR in BANK30

    None.

Critical Paths under _INT0_ISR in BANK30

    None.

Critical Paths under _main in BANK31

    None.

Critical Paths under _INT1_ISR in BANK31

    None.

Critical Paths under _INT0_ISR in BANK31

    None.

Critical Paths under _main in BANK32

    None.

Critical Paths under _INT1_ISR in BANK32

    None.

Critical Paths under _INT0_ISR in BANK32

    None.

Critical Paths under _main in BANK33

    None.

Critical Paths under _INT1_ISR in BANK33

    None.

Critical Paths under _INT0_ISR in BANK33

    None.

Critical Paths under _main in BANK34

    None.

Critical Paths under _INT1_ISR in BANK34

    None.

Critical Paths under _INT0_ISR in BANK34

    None.

Critical Paths under _main in BANK35

    None.

Critical Paths under _INT1_ISR in BANK35

    None.

Critical Paths under _INT0_ISR in BANK35

    None.

Critical Paths under _main in BANK36

    None.

Critical Paths under _INT1_ISR in BANK36

    None.

Critical Paths under _INT0_ISR in BANK36

    None.

Call Graph Tables:

 ---------------------------------------------------------------------------------
 (Depth) Function   	        Calls       Base Space   Used Autos Params    Refs
 ---------------------------------------------------------------------------------
 (0) _main                                                 1     1      0       0
                                              2 COMRAM     1     1      0
                          _configuro
 ---------------------------------------------------------------------------------
 (1) _configuro                                            0     0      0       0
 ---------------------------------------------------------------------------------
 Estimated maximum stack depth 1
 ---------------------------------------------------------------------------------
 (Depth) Function   	        Calls       Base Space   Used Autos Params    Refs
 ---------------------------------------------------------------------------------
 (2) _INT1_ISR                                             2     2      0       0
                                              0 COMRAM     2     2      0
 ---------------------------------------------------------------------------------
 Estimated maximum stack depth 2
 ---------------------------------------------------------------------------------
 (Depth) Function   	        Calls       Base Space   Used Autos Params    Refs
 ---------------------------------------------------------------------------------
 (3) _INT0_ISR                                             0     0      0       0
 ---------------------------------------------------------------------------------
 Estimated maximum stack depth 3
 ---------------------------------------------------------------------------------

 Call Graph Graphs:

 _main (ROOT)
   _configuro

 _INT1_ISR (ROOT)

 _INT0_ISR (ROOT)

 Address spaces:
Name               Size   Autos  Total    Cost      Usage
BIGRAM            1FFF      0       0      70        0.0%
EEDATA             400      0       0       0        0.0%
BITBIGSFRhhhlll    264      0       0      87        0.0%
BITBIGSFR_1        100      0       0      69        0.0%
BITBANK36          100      0       0      67        0.0%
BANK36             100      0       0      68        0.0%
BITBANK35          100      0       0      65        0.0%
BANK35             100      0       0      66        0.0%
BITBANK34          100      0       0      63        0.0%
BANK34             100      0       0      64        0.0%
BITBANK33          100      0       0      61        0.0%
BANK33             100      0       0      62        0.0%
BITBANK32          100      0       0      59        0.0%
BANK32             100      0       0      60        0.0%
BITBANK31          100      0       0      57        0.0%
BANK31             100      0       0      58        0.0%
BITBANK30          100      0       0      55        0.0%
BANK30             100      0       0      56        0.0%
BITBANK29          100      0       0      53        0.0%
BANK29             100      0       0      54        0.0%
BITBANK28          100      0       0      51        0.0%
BANK28             100      0       0      52        0.0%
BITBANK27          100      0       0      49        0.0%
BANK27             100      0       0      50        0.0%
BITBANK26          100      0       0      46        0.0%
BANK26             100      0       0      47        0.0%
BITBANK25          100      0       0      44        0.0%
BANK25             100      0       0      45        0.0%
BITBANK24          100      0       0      42        0.0%
BANK24             100      0       0      43        0.0%
BITBANK23          100      0       0      40        0.0%
BANK23             100      0       0      41        0.0%
BITBANK22          100      0       0      38        0.0%
BANK22             100      0       0      39        0.0%
BITBANK21          100      0       0      36        0.0%
BANK21             100      0       0      37        0.0%
BITBANK20          100      0       0      34        0.0%
BANK20             100      0       0      35        0.0%
BITBANK19          100      0       0      32        0.0%
BANK19             100      0       0      33        0.0%
BITBANK18          100      0       0      30        0.0%
BANK18             100      0       0      31        0.0%
BITBANK17          100      0       0      28        0.0%
BANK17             100      0       0      29        0.0%
BITBANK16          100      0       0      26        0.0%
BANK16             100      0       0      27        0.0%
BITBANK15          100      0       0      24        0.0%
BANK15             100      0       0      25        0.0%
BITBANK14          100      0       0      22        0.0%
BANK14             100      0       0      23        0.0%
BITBANK13          100      0       0      20        0.0%
BANK13             100      0       0      21        0.0%
BITBANK12          100      0       0      18        0.0%
BANK12             100      0       0      19        0.0%
BITBANK11          100      0       0      16        0.0%
BANK11             100      0       0      17        0.0%
BITBANK10          100      0       0      14        0.0%
BANK10             100      0       0      15        0.0%
BITBANK9           100      0       0      12        0.0%
BANK9              100      0       0      13        0.0%
BITBANK8           100      0       0      10        0.0%
BANK8              100      0       0      11        0.0%
BITBANK7           100      0       0       8        0.0%
BANK7              100      0       0       9        0.0%
BITBANK6           100      0       0       6        0.0%
BANK6              100      0       0       7        0.0%
BITBIGSFRl          AD      0       0      90        0.0%
BITBANK5            A0      0       0       4        0.0%
BANK5               A0      0       0       5        0.0%
BITBIGSFRhhhlll     9F      0       0      85        0.0%
BITBIGSFRhhhlhh     76      0       0      81        0.0%
BITCOMRAM           5F      0       0       0        0.0%
COMRAM              5F      3       4       1        4.2%
BITBIGSFRhhhlll     4C      0       0      86        0.0%
BITBIGSFRhhhhhh     29      0       0      71        0.0%
BITBIGSFRhhhlhl      F      0       0      82        0.0%
BITBIGSFRhhhlhh      B      0       0      76        0.0%
BITBIGSFRhhhlhh      A      0       0      79        0.0%
BITBIGSFRhhhhhl      A      0       0      72        0.0%
BITBIGSFRhhhllh      7      0       0      83        0.0%
BITBIGSFRhhhlll      6      0       0      84        0.0%
BITBIGSFRhhhlhh      4      0       0      80        0.0%
BITBIGSFRhhhlhh      3      0       0      74        0.0%
BITBIGSFRhl          3      0       0      89        0.0%
BITBIGSFRhhhlhh      2      0       0      77        0.0%
BITBIGSFRhhhlhh      1      0       0      78        0.0%
BITBIGSFRhhhlhh      1      0       0      75        0.0%
BITBIGSFRhhhhl       1      0       0      73        0.0%
BITBIGSFRhhl         1      0       0      88        0.0%
BIGSFR_1             0      0       0     200        0.0%
BIGSFR               0      0       0     200        0.0%
BITSFR_6             0      0       0     200        0.0%
SFR_6                0      0       0     200        0.0%
BITSFR_5             0      0       0     200        0.0%
SFR_5                0      0       0     200        0.0%
BITSFR_4             0      0       0     200        0.0%
SFR_4                0      0       0     200        0.0%
BITSFR_3             0      0       0     200        0.0%
SFR_3                0      0       0     200        0.0%
BITSFR_2             0      0       0     200        0.0%
SFR_2                0      0       0     200        0.0%
BITSFR_1             0      0       0     200        0.0%
SFR_1                0      0       0     200        0.0%
BITSFR               0      0       0     200        0.0%
SFR                  0      0       0     200        0.0%
STACK                0      0       0       2        0.0%
NULL                 0      0       0       0        0.0%
ABS                  0      0       4      48        0.0%
DATA                 0      0       4       3        0.0%
CODE                 0      0       0       0        0.0%


Microchip Technology PIC18 Macro Assembler V2.41 build 20230208172133 
Symbol Table                                                                                   Mon May 15 12:29:05 2023

                     l63 007A                       l57 0074                       l65 0088  
                     u10 0088                       u11 0084                       u20 00A4  
                     u21 009E                       u26 00A6                      l800 0094  
                    l760 003A                      l770 0044                      l762 003C  
                    l780 0060                      l772 0046                      l764 003E  
                    l756 0020                      l790 006A                      l782 0062  
                    l774 0048                      l766 0040                      l758 0038  
                    l792 006C                      l784 0064                      l776 004A  
                    l768 0042                      l794 006E                      l786 0066  
                    l778 005E                      l788 0068                      l796 0076  
                    l798 008A                     _LATD 04C1                     i1l80 00E2  
                   i2l75 010C                     _main 0076                     start 001C  
           ___param_bank 0000         __end_of_INT0_ISR 010E         __end_of_INT1_ISR 00E8  
                  ?_main 0501                    i1l812 00C0                    i1l814 00C2  
                  i2l810 0106                    i2l802 00E8                    i2l804 00EA  
                  i2l806 00FC                    i2l808 0104                    _OSCEN 00B3  
                  _TMR0H 0319                    _TMR0L 0318                    _TRISD 04C9  
                  status 04D8          __initialization 010E             __end_of_main 00BC  
                 ??_main 0503            __activetblptr 0000                   _ANSELD 0418  
                 _T0CON0 031A                   _T0CON1 031B                   _OSCFRQ 00B1  
                 i1u4_20 00D2                   i1u4_21 00CC                   i1u4_26 00D4  
                 i2u3_40 00FC                   i2u3_41 00F8                   _cuenta 0504  
                 isa$std 0001               __accesstop 0560  __end_of__initialization 011E  
              ?_INT0_ISR 0501                ?_INT1_ISR 0501            ___rparam_used 0001  
         __pcstackCOMRAM 0501               ??_INT0_ISR 0501               ??_INT1_ISR 0501  
                IVTBASEH 045E                  IVTBASEL 045D                  IVTBASEU 045F  
                _OSCCON1 00AD                  __Hparam 0000                  __Lparam 0000  
      __end_of_configuro 0076                  __pcinit 010E                  __ramtop 2600  
                __ptext0 0076                  __ptext1 0020                  __ptext2 00BC  
                __ptext3 00E8     end_of_initialization 011E                _TRISBbits 04C7  
              _TRISCbits 04C8                _TRISFbits 04CB      start_initialization 010E  
             ivt0x8_base 0008              __pbssCOMRAM 0504                _configuro 0020  
               _INT0_ISR 00E8                 _INT1_ISR 00BC                 _LATCbits 04C0  
               _LATFbits 04C3                 _PIE1bits 049F                 _IPR6bits 0368  
               _PIE6bits 04A4                 _PIR1bits 04AF                 _PIR3bits 04B1  
               _PIR6bits 04B4               ?_configuro 0501                 _WPUBbits 0409  
            _INTCON0bits 04D6                 __Hrparam 0000                 __Lrparam 0000  
             _ANSELBbits 0408               _ANSELCbits 0410               _ANSELFbits 0428  
               __pivt0x8 0008                 isa$xinst 0000              ??_configuro 0503  
               intlevel1 0000                 intlevel2 0000  
