

Microchip MPLAB XC8 Assembler V2.41 build 20230208172133 
                                                                                               Mon May 29 00:21:44 2023

Microchip MPLAB XC8 C Compiler v2.41 (Free license) build 20230208172133 Og1 
     1                           	processor	18F57Q43
     2                           	fnconf	rparam,??,?,0
     3                           	pagewidth 120
     4                           	opt	flic
     5                           	psect	smallconst,global,reloc=2,class=SMALLCONST,delta=1,noexec
     6                           	psect	cinit,global,reloc=2,class=CODE,delta=1
     7                           	psect	cstackCOMRAM,global,class=COMRAM,space=1,delta=1,lowdata,noexec
     8                           	psect	text0,global,reloc=2,class=CODE,delta=1
     9                           	psect	text1,global,reloc=2,class=CODE,delta=1
    10                           	psect	text2,global,reloc=2,class=CODE,delta=1
    11                           	psect	text3,global,reloc=2,class=CODE,delta=1,group=2
    12                           	psect	intsave_regs,global,class=BIGRAM,space=1,delta=1,noexec
    13                           	psect	rparam,global,class=COMRAM,space=1,delta=1,noexec
    14                           	psect	config,global,abs,ovrld,class=CONFIG,space=4,delta=1,noexec
    15   000000                     
    16                           ; Generated 23/03/2023 GMT
    17                           ; 
    18                           ; Copyright © 2023, Microchip Technology Inc. and its subsidiaries ("Microchip")
    19                           ; All rights reserved.
    20                           ; 
    21                           ; This software is developed by Microchip Technology Inc. and its subsidiaries ("Microch
      +                          ip").
    22                           ; 
    23                           ; Redistribution and use in source and binary forms, with or without modification, are
    24                           ; permitted provided that the following conditions are met:
    25                           ; 
    26                           ;     1. Redistributions of source code must retain the above copyright notice, this lis
      +                          t of
    27                           ;        conditions and the following disclaimer.
    28                           ; 
    29                           ;     2. Redistributions in binary form must reproduce the above copyright notice, this 
      +                          list
    30                           ;        of conditions and the following disclaimer in the documentation and/or other
    31                           ;        materials provided with the distribution. Publication is not required when
    32                           ;        this file is used in an embedded application.
    33                           ; 
    34                           ;     3. Microchip's name may not be used to endorse or promote products derived from th
      +                          is
    35                           ;        software without specific prior written permission.
    36                           ; 
    37                           ; THIS SOFTWARE IS PROVIDED BY MICROCHIP "AS IS" AND ANY EXPRESS OR IMPLIED WARRANTIES,
    38                           ; INCLUDING, BUT NOT LIMITED TO, THE IMPLIED WARRANTIES OF MERCHANTABILITY AND FITNESS F
      +                          OR
    39                           ; PURPOSE ARE DISCLAIMED.  IN NO EVENT SHALL MICROCHIP BE LIABLE FOR ANY DIRECT, INDIREC
      +                          T,
    40                           ; INCIDENTAL, SPECIAL, EXEMPLARY, OR CONSEQUENTIAL DAMAGES (INCLUDING BUT NOT LIMITED TO
    41                           ; PROCUREMENT OF SUBSTITUTE GOODS OR SERVICES; LOSS OF USE, DATA OR PROFITS; OR BUSINESS
    42                           ; INTERRUPTION) HOWSOEVER CAUSED AND ON ANY THEORY OF LIABILITY, WHETHER IN CONTRACT, ST
      +                          RICT
    43                           ; LIABILITY, OR TORT (INCLUDING NEGLIGENCE OR OTHERWISE) ARISING IN ANY WAY OUT OF THE U
      +                          SE OF
    44                           ; THIS SOFTWARE, EVEN IF ADVISED OF THE POSSIBILITY OF SUCH DAMAGE.
    45                           ; 
    46                           ; 
    47                           ; Code-generator required, PIC18F57Q43 Definitions
    48                           ; 
    49                           ; SFR Addresses
    50   000000                     _U3CON2	set	723
    51   000000                     _U3CON1	set	722
    52   000000                     _OSCCON1	set	173
    53   000000                     _OSCFRQ	set	177
    54   000000                     _OSCEN	set	179
    55   000000                     _RF0PPS	set	553
    56   000000                     _U3CON0	set	721
    57   000000                     _U3BRGL	set	724
    58   000000                     _U3BRGH	set	725
    59   000000                     _U3ERRIRbits	set	728
    60   000000                     _U3TXB	set	713
    61                           
    62                           	psect	smallconst
    63   002600                     __psmallconst:
    64                           	callstack 0
    65   002600  00                 	db	0
    66   002601                     STR_1:
    67   002601  48                 	db	72	;'H'
    68   002602  6F                 	db	111	;'o'
    69   002603  6C                 	db	108	;'l'
    70   002604  61                 	db	97	;'a'
    71   002605  20                 	db	32
    72   002606  6D                 	db	109	;'m'
    73   002607  75                 	db	117	;'u'
    74   002608  6E                 	db	110	;'n'
    75   002609  64                 	db	100	;'d'
    76   00260A  6F                 	db	111	;'o'
    77   00260B  00                 	db	0
    78   00260C  00                 	db	0	; dummy byte at the end
    79   000000                     
    80                           ; #config settings
    81                           
    82                           	psect	cinit
    83   0026F8                     __pcinit:
    84                           	callstack 0
    85   0026F8                     start_initialization:
    86                           	callstack 0
    87   0026F8                     __initialization:
    88                           	callstack 0
    89   0026F8                     end_of_initialization:
    90                           	callstack 0
    91   0026F8                     __end_of__initialization:
    92                           	callstack 0
    93   0026F8  0E00               	movlw	low (__Lsmallconst shr (0+16))
    94   0026FA  6EF8               	movwf	tblptru,c
    95   0026FC  0E26               	movlw	high __Lsmallconst
    96   0026FE  6EF7               	movwf	tblptrh,c
    97   002700  0100               	movlb	0
    98   002702  EF50  F013         	goto	_main	;jump to C main() function
    99                           
   100                           	psect	cstackCOMRAM
   101   000501                     __pcstackCOMRAM:
   102                           	callstack 0
   103   000501                     ?_strlen:
   104                           	callstack 0
   105   000501                     strlen@s:
   106                           	callstack 0
   107                           
   108                           ; 2 bytes @ 0x0
   109   000501                     	ds	2
   110   000503                     strlen@a:
   111                           	callstack 0
   112                           
   113                           ; 2 bytes @ 0x2
   114   000503                     	ds	2
   115   000505                     UART3_String_Send@cadena:
   116                           	callstack 0
   117                           
   118                           ; 2 bytes @ 0x4
   119   000505                     	ds	2
   120   000507                     ??_UART3_String_Send:
   121                           
   122                           ; 1 bytes @ 0x6
   123   000507                     	ds	2
   124   000509                     UART3_String_Send@tam:
   125                           	callstack 0
   126                           
   127                           ; 1 bytes @ 0x8
   128   000509                     	ds	1
   129   00050A                     UART3_String_Send@i:
   130                           	callstack 0
   131                           
   132                           ; 1 bytes @ 0x9
   133   00050A                     	ds	1
   134   00050B                     ??_main:
   135                           
   136                           ; 1 bytes @ 0xA
   137   00050B                     	ds	2
   138                           
   139 ;;
   140 ;;Main: autosize = 0, tempsize = 2, incstack = 0, save=0
   141 ;;
   142 ;; *************** function _main *****************
   143 ;; Defined at:
   144 ;;		line 38 in file "maincode.c"
   145 ;; Parameters:    Size  Location     Type
   146 ;;		None
   147 ;; Auto vars:     Size  Location     Type
   148 ;;		None
   149 ;; Return value:  Size  Location     Type
   150 ;;                  1    wreg      void 
   151 ;; Registers used:
   152 ;;		wreg, status,2, status,0, tblptrl, tblptrh, tblptru, cstack
   153 ;; Tracked objects:
   154 ;;		On entry : 0/0
   155 ;;		On exit  : 0/0
   156 ;;		Unchanged: 0/0
   157 ;; Data sizes:     COMRAM   BANK5   BANK6   BANK7   BANK8   BANK9  BANK10  BANK11  BANK12  BANK13  BANK14  BANK15  BANK1
      +6  BANK17  BANK18  BANK19  BANK20  BANK21  BANK22  BANK23  BANK24  BANK25  BANK26  BANK27  BANK28  BANK29  BANK30  BANK3
      +1  BANK32  BANK33  BANK34  BANK35  BANK36
   158 ;;      Params:         0       0       0       0       0       0       0       0       0       0       0       0       
      +0       0       0       0       0       0       0       0       0       0       0       0       0       0       0       
      +0       0       0       0       0       0
   159 ;;      Locals:         0       0       0       0       0       0       0       0       0       0       0       0       
      +0       0       0       0       0       0       0       0       0       0       0       0       0       0       0       
      +0       0       0       0       0       0
   160 ;;      Temps:          2       0       0       0       0       0       0       0       0       0       0       0       
      +0       0       0       0       0       0       0       0       0       0       0       0       0       0       0       
      +0       0       0       0       0       0
   161 ;;      Totals:         2       0       0       0       0       0       0       0       0       0       0       0       
      +0       0       0       0       0       0       0       0       0       0       0       0       0       0       0       
      +0       0       0       0       0       0
   162 ;;Total ram usage:        2 bytes
   163 ;; Hardware stack levels required when called: 2
   164 ;; This function calls:
   165 ;;		_UART3_String_Send
   166 ;;		_configuro
   167 ;; This function is called by:
   168 ;;		Startup code after reset
   169 ;; This function uses a non-reentrant model
   170 ;;
   171                           
   172                           	psect	text0
   173   0026A0                     __ptext0:
   174                           	callstack 0
   175   0026A0                     _main:
   176                           	callstack 125
   177   0026A0                     
   178                           ;maincode.c: 39:     configuro();
   179   0026A0  EC67  F013         	call	_configuro	;wreg free
   180   0026A4                     l790:
   181                           
   182                           ;maincode.c: 41:         UART3_String_Send("Hola mundo");
   183   0026A4  0E01               	movlw	low STR_1
   184   0026A6  6E05               	movwf	UART3_String_Send@cadena^(0+1280),c
   185   0026A8  0E26               	movlw	high STR_1
   186   0026AA  6E06               	movwf	(UART3_String_Send@cadena+1)^(0+1280),c
   187   0026AC  EC07  F013         	call	_UART3_String_Send	;wreg free
   188   0026B0                     
   189                           ;maincode.c: 42:         _delay((unsigned long)((1000)*(4000000UL/4000.0)));
   190   0026B0  0E06               	movlw	6
   191   0026B2  6E0C               	movwf	(??_main+1)^(0+1280),c
   192   0026B4  0E13               	movlw	19
   193   0026B6  6E0B               	movwf	??_main^(0+1280),c
   194   0026B8  0EAE               	movlw	174
   195   0026BA                     u87:
   196   0026BA  2EE8               	decfsz	wreg,f,c
   197   0026BC  D7FE               	bra	u87
   198   0026BE  2E0B               	decfsz	??_main^(0+1280),f,c
   199   0026C0  D7FC               	bra	u87
   200   0026C2  2E0C               	decfsz	(??_main+1)^(0+1280),f,c
   201   0026C4  D7FA               	bra	u87
   202   0026C6  EF52  F013         	goto	l790
   203   0026CA  EFFE  F0FF         	goto	start
   204   0026CE                     __end_of_main:
   205                           	callstack 0
   206                           
   207 ;; *************** function _configuro *****************
   208 ;; Defined at:
   209 ;;		line 6 in file "maincode.c"
   210 ;; Parameters:    Size  Location     Type
   211 ;;		None
   212 ;; Auto vars:     Size  Location     Type
   213 ;;		None
   214 ;; Return value:  Size  Location     Type
   215 ;;                  1    wreg      void 
   216 ;; Registers used:
   217 ;;		wreg, status,2
   218 ;; Tracked objects:
   219 ;;		On entry : 0/0
   220 ;;		On exit  : 0/0
   221 ;;		Unchanged: 0/0
   222 ;; Data sizes:     COMRAM   BANK5   BANK6   BANK7   BANK8   BANK9  BANK10  BANK11  BANK12  BANK13  BANK14  BANK15  BANK1
      +6  BANK17  BANK18  BANK19  BANK20  BANK21  BANK22  BANK23  BANK24  BANK25  BANK26  BANK27  BANK28  BANK29  BANK30  BANK3
      +1  BANK32  BANK33  BANK34  BANK35  BANK36
   223 ;;      Params:         0       0       0       0       0       0       0       0       0       0       0       0       
      +0       0       0       0       0       0       0       0       0       0       0       0       0       0       0       
      +0       0       0       0       0       0
   224 ;;      Locals:         0       0       0       0       0       0       0       0       0       0       0       0       
      +0       0       0       0       0       0       0       0       0       0       0       0       0       0       0       
      +0       0       0       0       0       0
   225 ;;      Temps:          0       0       0       0       0       0       0       0       0       0       0       0       
      +0       0       0       0       0       0       0       0       0       0       0       0       0       0       0       
      +0       0       0       0       0       0
   226 ;;      Totals:         0       0       0       0       0       0       0       0       0       0       0       0       
      +0       0       0       0       0       0       0       0       0       0       0       0       0       0       0       
      +0       0       0       0       0       0
   227 ;;Total ram usage:        0 bytes
   228 ;; Hardware stack levels used: 1
   229 ;; This function calls:
   230 ;;		Nothing
   231 ;; This function is called by:
   232 ;;		_main
   233 ;; This function uses a non-reentrant model
   234 ;;
   235                           
   236                           	psect	text1
   237   0026CE                     __ptext1:
   238                           	callstack 0
   239   0026CE                     _configuro:
   240                           	callstack 126
   241   0026CE                     
   242                           ;maincode.c: 8:     OSCCON1 = 0x60;
   243   0026CE  0E60               	movlw	96
   244   0026D0  0100               	movlb	0	; () banked
   245   0026D2  6FAD               	movwf	173,b	;volatile
   246                           
   247                           ;maincode.c: 9:     OSCFRQ = 0x02;
   248   0026D4  0E02               	movlw	2
   249   0026D6  6FB1               	movwf	177,b	;volatile
   250                           
   251                           ;maincode.c: 10:     OSCEN = 0x40;
   252   0026D8  0E40               	movlw	64
   253   0026DA  6FB3               	movwf	179,b	;volatile
   254                           
   255                           ;maincode.c: 12:     U3BRGH = 0x00;
   256   0026DC  0E00               	movlw	0
   257   0026DE  0102               	movlb	2	; () banked
   258   0026E0  6FD5               	movwf	213,b	;volatile
   259                           
   260                           ;maincode.c: 13:     U3BRGL = 0x25;
   261   0026E2  0E25               	movlw	37
   262   0026E4  6FD4               	movwf	212,b	;volatile
   263                           
   264                           ;maincode.c: 15:     U3CON0 = 0x20;
   265   0026E6  0E20               	movlw	32
   266   0026E8  6FD1               	movwf	209,b	;volatile
   267                           
   268                           ;maincode.c: 16:     RF0PPS = 0x26;
   269   0026EA  0E26               	movlw	38
   270   0026EC  6F29               	movwf	41,b	;volatile
   271                           
   272                           ;maincode.c: 17:     U3CON1 = 0x80;
   273   0026EE  0E80               	movlw	128
   274   0026F0  6FD2               	movwf	210,b	;volatile
   275                           
   276                           ;maincode.c: 18:     U3CON2 = 0x00;
   277   0026F2  0E00               	movlw	0
   278   0026F4  6FD3               	movwf	211,b	;volatile
   279   0026F6                     
   280                           ; BSR set to: 2
   281   0026F6  0012               	return		;funcret
   282   0026F8                     __end_of_configuro:
   283                           	callstack 0
   284                           
   285 ;; *************** function _UART3_String_Send *****************
   286 ;; Defined at:
   287 ;;		line 26 in file "maincode.c"
   288 ;; Parameters:    Size  Location     Type
   289 ;;  cadena          2    4[COMRAM] PTR const unsigned char 
   290 ;;		 -> STR_1(11), 
   291 ;; Auto vars:     Size  Location     Type
   292 ;;  i               1    9[COMRAM] unsigned char 
   293 ;;  tam             1    8[COMRAM] unsigned char 
   294 ;; Return value:  Size  Location     Type
   295 ;;                  1    wreg      void 
   296 ;; Registers used:
   297 ;;		wreg, status,2, status,0, tblptrl, tblptrh, tblptru, cstack
   298 ;; Tracked objects:
   299 ;;		On entry : 0/0
   300 ;;		On exit  : 0/0
   301 ;;		Unchanged: 0/0
   302 ;; Data sizes:     COMRAM   BANK5   BANK6   BANK7   BANK8   BANK9  BANK10  BANK11  BANK12  BANK13  BANK14  BANK15  BANK1
      +6  BANK17  BANK18  BANK19  BANK20  BANK21  BANK22  BANK23  BANK24  BANK25  BANK26  BANK27  BANK28  BANK29  BANK30  BANK3
      +1  BANK32  BANK33  BANK34  BANK35  BANK36
   303 ;;      Params:         2       0       0       0       0       0       0       0       0       0       0       0       
      +0       0       0       0       0       0       0       0       0       0       0       0       0       0       0       
      +0       0       0       0       0       0
   304 ;;      Locals:         2       0       0       0       0       0       0       0       0       0       0       0       
      +0       0       0       0       0       0       0       0       0       0       0       0       0       0       0       
      +0       0       0       0       0       0
   305 ;;      Temps:          2       0       0       0       0       0       0       0       0       0       0       0       
      +0       0       0       0       0       0       0       0       0       0       0       0       0       0       0       
      +0       0       0       0       0       0
   306 ;;      Totals:         6       0       0       0       0       0       0       0       0       0       0       0       
      +0       0       0       0       0       0       0       0       0       0       0       0       0       0       0       
      +0       0       0       0       0       0
   307 ;;Total ram usage:        6 bytes
   308 ;; Hardware stack levels used: 1
   309 ;; Hardware stack levels required when called: 1
   310 ;; This function calls:
   311 ;;		_strlen
   312 ;; This function is called by:
   313 ;;		_main
   314 ;; This function uses a non-reentrant model
   315 ;;
   316                           
   317                           	psect	text2
   318   00260E                     __ptext2:
   319                           	callstack 0
   320   00260E                     _UART3_String_Send:
   321                           	callstack 125
   322   00260E                     
   323                           ;maincode.c: 30:     tam = strlen(cadena);
   324   00260E  C505  F501         	movff	UART3_String_Send@cadena,strlen@s
   325   002612  C506  F502         	movff	UART3_String_Send@cadena+1,strlen@s+1
   326   002616  EC33  F013         	call	_strlen	;wreg free
   327   00261A  5001               	movf	?_strlen^(0+1280),w,c
   328   00261C  6E09               	movwf	UART3_String_Send@tam^(0+1280),c
   329   00261E                     
   330                           ;maincode.c: 31:  for(i = 0; i<tam; i++)
   331   00261E  0E00               	movlw	0
   332   002620  6E0A               	movwf	UART3_String_Send@i^(0+1280),c
   333   002622  EF29  F013         	goto	l786
   334   002626                     l782:
   335                           
   336                           ;maincode.c: 32:  {;maincode.c: 33:         U3TXB = cadena[i];
   337   002626  500A               	movf	UART3_String_Send@i^(0+1280),w,c
   338   002628  2405               	addwf	UART3_String_Send@cadena^(0+1280),w,c
   339   00262A  6E07               	movwf	??_UART3_String_Send^(0+1280),c
   340   00262C  0E00               	movlw	0
   341   00262E  2006               	addwfc	(UART3_String_Send@cadena+1)^(0+1280),w,c
   342   002630  6E08               	movwf	(??_UART3_String_Send+1)^(0+1280),c
   343   002632  C507  F4F6         	movff	??_UART3_String_Send,tblptrl
   344   002636  C508  F4F7         	movff	??_UART3_String_Send+1,tblptrh
   345   00263A                     	if	0	;tblptru may be non-zero
   346   00263A                     	endif
   347   00263A                     	if	0	;tblptru may be non-zero
   348   00263A                     	endif
   349   00263A  0008               	tblrd		*
   350   00263C  C4F5 F2C9          	movff	tablat,713	;volatile
   351   002640                     l40:
   352   002640  0102               	movlb	2	; () banked
   353   002642  AFD8               	btfss	216,7,b	;volatile
   354   002644  EF26  F013         	goto	u61
   355   002648  EF28  F013         	goto	u60
   356   00264C                     u61:
   357   00264C  EF20  F013         	goto	l40
   358   002650                     u60:
   359   002650                     
   360                           ; BSR set to: 2
   361                           ;maincode.c: 35:  }
   362   002650  2A0A               	incf	UART3_String_Send@i^(0+1280),f,c
   363   002652                     l786:
   364   002652  5009               	movf	UART3_String_Send@tam^(0+1280),w,c
   365   002654  5C0A               	subwf	UART3_String_Send@i^(0+1280),w,c
   366   002656  A0D8               	btfss	status,0,c
   367   002658  EF30  F013         	goto	u71
   368   00265C  EF32  F013         	goto	u70
   369   002660                     u71:
   370   002660  EF13  F013         	goto	l782
   371   002664                     u70:
   372   002664  0012               	return		;funcret
   373   002666                     __end_of_UART3_String_Send:
   374                           	callstack 0
   375                           
   376 ;; *************** function _strlen *****************
   377 ;; Defined at:
   378 ;;		line 5 in file "C:\Program Files\Microchip\xc8\v2.41\pic\sources\c99\common\strlen.c"
   379 ;; Parameters:    Size  Location     Type
   380 ;;  s               2    0[COMRAM] PTR const unsigned char 
   381 ;;		 -> STR_1(11), 
   382 ;; Auto vars:     Size  Location     Type
   383 ;;  a               2    2[COMRAM] PTR const unsigned char 
   384 ;;		 -> STR_1(11), 
   385 ;; Return value:  Size  Location     Type
   386 ;;                  2    0[COMRAM] unsigned int 
   387 ;; Registers used:
   388 ;;		wreg, status,2, status,0, tblptrl, tblptrh, tblptru
   389 ;; Tracked objects:
   390 ;;		On entry : 0/0
   391 ;;		On exit  : 0/0
   392 ;;		Unchanged: 0/0
   393 ;; Data sizes:     COMRAM   BANK5   BANK6   BANK7   BANK8   BANK9  BANK10  BANK11  BANK12  BANK13  BANK14  BANK15  BANK1
      +6  BANK17  BANK18  BANK19  BANK20  BANK21  BANK22  BANK23  BANK24  BANK25  BANK26  BANK27  BANK28  BANK29  BANK30  BANK3
      +1  BANK32  BANK33  BANK34  BANK35  BANK36
   394 ;;      Params:         2       0       0       0       0       0       0       0       0       0       0       0       
      +0       0       0       0       0       0       0       0       0       0       0       0       0       0       0       
      +0       0       0       0       0       0
   395 ;;      Locals:         2       0       0       0       0       0       0       0       0       0       0       0       
      +0       0       0       0       0       0       0       0       0       0       0       0       0       0       0       
      +0       0       0       0       0       0
   396 ;;      Temps:          0       0       0       0       0       0       0       0       0       0       0       0       
      +0       0       0       0       0       0       0       0       0       0       0       0       0       0       0       
      +0       0       0       0       0       0
   397 ;;      Totals:         4       0       0       0       0       0       0       0       0       0       0       0       
      +0       0       0       0       0       0       0       0       0       0       0       0       0       0       0       
      +0       0       0       0       0       0
   398 ;;Total ram usage:        4 bytes
   399 ;; Hardware stack levels used: 1
   400 ;; This function calls:
   401 ;;		Nothing
   402 ;; This function is called by:
   403 ;;		_UART3_String_Send
   404 ;; This function uses a non-reentrant model
   405 ;;
   406                           
   407                           	psect	text3
   408   002666                     __ptext3:
   409                           	callstack 0
   410   002666                     _strlen:
   411                           	callstack 125
   412   002666  C501  F503         	movff	strlen@s,strlen@a
   413   00266A  C502  F504         	movff	strlen@s+1,strlen@a+1
   414   00266E  EF3B  F013         	goto	l770
   415   002672                     l768:
   416   002672  4A01               	infsnz	strlen@s^(0+1280),f,c
   417   002674  2A02               	incf	(strlen@s+1)^(0+1280),f,c
   418   002676                     l770:
   419   002676  C501  F4F6         	movff	strlen@s,tblptrl
   420   00267A  C502  F4F7         	movff	strlen@s+1,tblptrh
   421   00267E                     	if	0	;tblptru may be non-zero
   422   00267E                     	endif
   423   00267E                     	if	0	;tblptru may be non-zero
   424   00267E                     	endif
   425   00267E  0008               	tblrd		*
   426   002680  50F5               	movf	tablat,w,c
   427   002682  0900               	iorlw	0
   428   002684  A4D8               	btfss	status,2,c
   429   002686  EF47  F013         	goto	u51
   430   00268A  EF49  F013         	goto	u50
   431   00268E                     u51:
   432   00268E  EF39  F013         	goto	l768
   433   002692                     u50:
   434   002692  5003               	movf	strlen@a^(0+1280),w,c
   435   002694  5C01               	subwf	strlen@s^(0+1280),w,c
   436   002696  6E01               	movwf	?_strlen^(0+1280),c
   437   002698  5004               	movf	(strlen@a+1)^(0+1280),w,c
   438   00269A  5802               	subwfb	(strlen@s+1)^(0+1280),w,c
   439   00269C  6E02               	movwf	(?_strlen+1)^(0+1280),c
   440   00269E  0012               	return		;funcret
   441   0026A0                     __end_of_strlen:
   442                           	callstack 0
   443                           
   444                           	psect	rparam
   445   000000                     
   446                           	psect	config
   447                           
   448                           ;Config register CONFIG1 @ 0x300000
   449                           ;	External Oscillator Selection
   450                           ;	FEXTOSC = ECH, EC (external clock) above 8 MHz
   451                           ;	Reset Oscillator Selection
   452                           ;	RSTOSC = EXTOSC, EXTOSC operating per FEXTOSC bits (device manufacturing default)
   453   300000                     	org	3145728
   454   300000  FF                 	db	255
   455                           
   456                           ;Config register CONFIG2 @ 0x300001
   457                           ;	Clock out Enable bit
   458                           ;	CLKOUTEN = OFF, CLKOUT function is disabled
   459                           ;	PRLOCKED One-Way Set Enable bit
   460                           ;	PR1WAY = ON, PRLOCKED bit can be cleared and set only once
   461                           ;	Clock Switch Enable bit
   462                           ;	CSWEN = ON, Writing to NOSC and NDIV is allowed
   463                           ;	Fail-Safe Clock Monitor Enable bit
   464                           ;	FCMEN = ON, Fail-Safe Clock Monitor enabled
   465   300001                     	org	3145729
   466   300001  FF                 	db	255
   467                           
   468                           ;Config register CONFIG3 @ 0x300002
   469                           ;	MCLR Enable bit
   470                           ;	MCLRE = EXTMCLR, If LVP = 0, MCLR pin is MCLR; If LVP = 1, RE3 pin function is MCLR
   471                           ;	Power-up timer selection bits
   472                           ;	PWRTS = PWRT_16, PWRT set at 16ms
   473                           ;	Multi-vector enable bit
   474                           ;	MVECEN = ON, Multi-vector enabled, Vector table used for interrupts
   475                           ;	IVTLOCK bit One-way set enable bit
   476                           ;	IVT1WAY = ON, IVTLOCKED bit can be cleared and set only once
   477                           ;	Low Power BOR Enable bit
   478                           ;	LPBOREN = OFF, Low-Power BOR disabled
   479                           ;	Brown-out Reset Enable bits
   480                           ;	BOREN = OFF, Brown-out Reset disabled
   481   300002                     	org	3145730
   482   300002  3B                 	db	59
   483                           
   484                           ;Config register CONFIG4 @ 0x300003
   485                           ;	Brown-out Reset Voltage Selection bits
   486                           ;	BORV = VBOR_1P9, Brown-out Reset Voltage (VBOR) set to 1.9V
   487                           ;	ZCD Disable bit
   488                           ;	ZCD = OFF, ZCD module is disabled. ZCD can be enabled by setting the ZCDSEN bit of ZCD
      +                          CON
   489                           ;	PPSLOCK bit One-Way Set Enable bit
   490                           ;	PPS1WAY = ON, PPSLOCKED bit can be cleared and set only once; PPS registers remain loc
      +                          ked after one clear/set cycle
   491                           ;	Stack Full/Underflow Reset Enable bit
   492                           ;	STVREN = ON, Stack full/underflow will cause Reset
   493                           ;	Low Voltage Programming Enable bit
   494                           ;	LVP = OFF, HV on MCLR/VPP must be used for programming
   495                           ;	Extended Instruction Set Enable bit
   496                           ;	XINST = OFF, Extended Instruction Set and Indexed Addressing Mode disabled
   497   300003                     	org	3145731
   498   300003  DF                 	db	223
   499                           
   500                           ;Config register CONFIG5 @ 0x300004
   501                           ;	WDT Period selection bits
   502                           ;	WDTCPS = WDTCPS_31, Divider ratio 1:65536; software control of WDTPS
   503                           ;	WDT operating mode
   504                           ;	WDTE = OFF, WDT Disabled; SWDTEN is ignored
   505   300004                     	org	3145732
   506   300004  9F                 	db	159
   507                           
   508                           ;Config register CONFIG6 @ 0x300005
   509                           ;	WDT Window Select bits
   510                           ;	WDTCWS = WDTCWS_7, window always open (100%); software control; keyed access not requi
      +                          red
   511                           ;	WDT input clock selector
   512                           ;	WDTCCS = SC, Software Control
   513   300005                     	org	3145733
   514   300005  FF                 	db	255
   515                           
   516                           ;Config register CONFIG7 @ 0x300006
   517                           ;	Boot Block Size selection bits
   518                           ;	BBSIZE = BBSIZE_512, Boot Block size is 512 words
   519                           ;	Boot Block enable bit
   520                           ;	BBEN = OFF, Boot block disabled
   521                           ;	Storage Area Flash enable bit
   522                           ;	SAFEN = OFF, SAF disabled
   523                           ;	Background Debugger
   524                           ;	DEBUG = OFF, Background Debugger disabled
   525   300006                     	org	3145734
   526   300006  FF                 	db	255
   527                           
   528                           ;Config register CONFIG8 @ 0x300007
   529                           ;	Boot Block Write Protection bit
   530                           ;	WRTB = OFF, Boot Block not Write protected
   531                           ;	Configuration Register Write Protection bit
   532                           ;	WRTC = OFF, Configuration registers not Write protected
   533                           ;	Data EEPROM Write Protection bit
   534                           ;	WRTD = OFF, Data EEPROM not Write protected
   535                           ;	SAF Write protection bit
   536                           ;	WRTSAF = OFF, SAF not Write Protected
   537                           ;	Application Block write protection bit
   538                           ;	WRTAPP = OFF, Application Block not write protected
   539   300007                     	org	3145735
   540   300007  FF                 	db	255
   541                           
   542                           ;Config register CONFIG10 @ 0x300009
   543                           ;	PFM and Data EEPROM Code Protection bit
   544                           ;	CP = OFF, PFM and Data EEPROM code protection disabled
   545   300009                     	org	3145737
   546   300009  FF                 	db	255
   547                           tosu	equ	0x4FF
   548                           tosh	equ	0x4FE
   549                           tosl	equ	0x4FD
   550                           stkptr	equ	0x4FC
   551                           pclatu	equ	0x4FB
   552                           pclath	equ	0x4FA
   553                           pcl	equ	0x4F9
   554                           tblptru	equ	0x4F8
   555                           tblptrh	equ	0x4F7
   556                           tblptrl	equ	0x4F6
   557                           tablat	equ	0x4F5
   558                           prodh	equ	0x4F4
   559                           prodl	equ	0x4F3
   560                           indf0	equ	0x4EF
   561                           postinc0	equ	0x4EE
   562                           postdec0	equ	0x4ED
   563                           preinc0	equ	0x4EC
   564                           plusw0	equ	0x4EB
   565                           fsr0h	equ	0x4EA
   566                           fsr0l	equ	0x4E9
   567                           wreg	equ	0x4E8
   568                           indf1	equ	0x4E7
   569                           postinc1	equ	0x4E6
   570                           postdec1	equ	0x4E5
   571                           preinc1	equ	0x4E4
   572                           plusw1	equ	0x4E3
   573                           fsr1h	equ	0x4E2
   574                           fsr1l	equ	0x4E1
   575                           bsr	equ	0x4E0
   576                           indf2	equ	0x4DF
   577                           postinc2	equ	0x4DE
   578                           postdec2	equ	0x4DD
   579                           preinc2	equ	0x4DC
   580                           plusw2	equ	0x4DB
   581                           fsr2h	equ	0x4DA
   582                           fsr2l	equ	0x4D9
   583                           status	equ	0x4D8

Data Sizes:
    Strings     11
    Constant    0
    Data        0
    BSS         0
    Persistent  0
    Stack       0

Auto Spaces:
    Space          Size  Autos    Used
    COMRAM           95     12      12
    BANK5           160      0       0
    BANK6           256      0       0
    BANK7           256      0       0
    BANK8           256      0       0
    BANK9           256      0       0
    BANK10          256      0       0
    BANK11          256      0       0
    BANK12          256      0       0
    BANK13          256      0       0
    BANK14          256      0       0
    BANK15          256      0       0
    BANK16          256      0       0
    BANK17          256      0       0
    BANK18          256      0       0
    BANK19          256      0       0
    BANK20          256      0       0
    BANK21          256      0       0
    BANK22          256      0       0
    BANK23          256      0       0
    BANK24          256      0       0
    BANK25          256      0       0
    BANK26          256      0       0
    BANK27          256      0       0
    BANK28          256      0       0
    BANK29          256      0       0
    BANK30          256      0       0
    BANK31          256      0       0
    BANK32          256      0       0
    BANK33          256      0       0
    BANK34          256      0       0
    BANK35          256      0       0
    BANK36          256      0       0

Pointer List with Targets:

    strlen@s	PTR const unsigned char  size(2) Largest target is 11
		 -> STR_1(CODE[11]), 

    strlen@a	PTR const unsigned char  size(2) Largest target is 11
		 -> STR_1(CODE[11]), 

    UART3_String_Send@cadena	PTR const unsigned char  size(2) Largest target is 11
		 -> STR_1(CODE[11]), 


Critical Paths under _main in COMRAM

    _main->_UART3_String_Send
    _UART3_String_Send->_strlen

Critical Paths under _main in BANK5

    None.

Critical Paths under _main in BANK6

    None.

Critical Paths under _main in BANK7

    None.

Critical Paths under _main in BANK8

    None.

Critical Paths under _main in BANK9

    None.

Critical Paths under _main in BANK10

    None.

Critical Paths under _main in BANK11

    None.

Critical Paths under _main in BANK12

    None.

Critical Paths under _main in BANK13

    None.

Critical Paths under _main in BANK14

    None.

Critical Paths under _main in BANK15

    None.

Critical Paths under _main in BANK16

    None.

Critical Paths under _main in BANK17

    None.

Critical Paths under _main in BANK18

    None.

Critical Paths under _main in BANK19

    None.

Critical Paths under _main in BANK20

    None.

Critical Paths under _main in BANK21

    None.

Critical Paths under _main in BANK22

    None.

Critical Paths under _main in BANK23

    None.

Critical Paths under _main in BANK24

    None.

Critical Paths under _main in BANK25

    None.

Critical Paths under _main in BANK26

    None.

Critical Paths under _main in BANK27

    None.

Critical Paths under _main in BANK28

    None.

Critical Paths under _main in BANK29

    None.

Critical Paths under _main in BANK30

    None.

Critical Paths under _main in BANK31

    None.

Critical Paths under _main in BANK32

    None.

Critical Paths under _main in BANK33

    None.

Critical Paths under _main in BANK34

    None.

Critical Paths under _main in BANK35

    None.

Critical Paths under _main in BANK36

    None.

Call Graph Tables:

 ---------------------------------------------------------------------------------
 (Depth) Function   	        Calls       Base Space   Used Autos Params    Refs
 ---------------------------------------------------------------------------------
 (0) _main                                                 2     2      0     356
                                             10 COMRAM     2     2      0
                  _UART3_String_Send
                          _configuro
 ---------------------------------------------------------------------------------
 (1) _configuro                                            0     0      0       0
 ---------------------------------------------------------------------------------
 (1) _UART3_String_Send                                    6     4      2     356
                                              4 COMRAM     6     4      2
                             _strlen
 ---------------------------------------------------------------------------------
 (2) _strlen                                               4     2      2     166
                                              0 COMRAM     4     2      2
 ---------------------------------------------------------------------------------
 Estimated maximum stack depth 2
 ---------------------------------------------------------------------------------

 Call Graph Graphs:

 _main (ROOT)
   _UART3_String_Send
     _strlen
   _configuro

 Address spaces:
Name               Size   Autos  Total    Cost      Usage
BITCOMRAM           5F      0       0       0        0.0%
EEDATA             400      0       0       0        0.0%
NULL                 0      0       0       0        0.0%
CODE                 0      0       0       0        0.0%
COMRAM              5F      C       C       1       12.6%
STACK                0      0       0       2        0.0%
DATA                 0      0       0       3        0.0%
BITBANK5            A0      0       0       4        0.0%
BANK5               A0      0       0       5        0.0%
BITBANK6           100      0       0       6        0.0%
BANK6              100      0       0       7        0.0%
BITBANK7           100      0       0       8        0.0%
BANK7              100      0       0       9        0.0%
BITBANK8           100      0       0      10        0.0%
BANK8              100      0       0      11        0.0%
BITBANK9           100      0       0      12        0.0%
BANK9              100      0       0      13        0.0%
BITBANK10          100      0       0      14        0.0%
BANK10             100      0       0      15        0.0%
BITBANK11          100      0       0      16        0.0%
BANK11             100      0       0      17        0.0%
BITBANK12          100      0       0      18        0.0%
BANK12             100      0       0      19        0.0%
BITBANK13          100      0       0      20        0.0%
BANK13             100      0       0      21        0.0%
BITBANK14          100      0       0      22        0.0%
BANK14             100      0       0      23        0.0%
BITBANK15          100      0       0      24        0.0%
BANK15             100      0       0      25        0.0%
BITBANK16          100      0       0      26        0.0%
BANK16             100      0       0      27        0.0%
BITBANK17          100      0       0      28        0.0%
BANK17             100      0       0      29        0.0%
BITBANK18          100      0       0      30        0.0%
BANK18             100      0       0      31        0.0%
BITBANK19          100      0       0      32        0.0%
BANK19             100      0       0      33        0.0%
BITBANK20          100      0       0      34        0.0%
BANK20             100      0       0      35        0.0%
BITBANK21          100      0       0      36        0.0%
BANK21             100      0       0      37        0.0%
BITBANK22          100      0       0      38        0.0%
BANK22             100      0       0      39        0.0%
BITBANK23          100      0       0      40        0.0%
BANK23             100      0       0      41        0.0%
BITBANK24          100      0       0      42        0.0%
BANK24             100      0       0      43        0.0%
BITBANK25          100      0       0      44        0.0%
BANK25             100      0       0      45        0.0%
BITBANK26          100      0       0      46        0.0%
BANK26             100      0       0      47        0.0%
BITBANK27          100      0       0      48        0.0%
BANK27             100      0       0      49        0.0%
BITBANK28          100      0       0      50        0.0%
BANK28             100      0       0      51        0.0%
BITBANK29          100      0       0      52        0.0%
BANK29             100      0       0      53        0.0%
BITBANK30          100      0       0      54        0.0%
BANK30             100      0       0      55        0.0%
BITBANK31          100      0       0      56        0.0%
BANK31             100      0       0      57        0.0%
BITBANK32          100      0       0      58        0.0%
BANK32             100      0       0      59        0.0%
BITBANK33          100      0       0      60        0.0%
BANK33             100      0       0      61        0.0%
BITBANK34          100      0       0      62        0.0%
BANK34             100      0       0      63        0.0%
BITBANK35          100      0       0      64        0.0%
BANK35             100      0       0      65        0.0%
BITBANK36          100      0       0      66        0.0%
BANK36             100      0       0      67        0.0%
BITBIGSFR_1        100      0       0      68        0.0%
BIGRAM            1FFF      0       0      69        0.0%
BITBIGSFRhhhhh     227      0       0      70        0.0%
BITBIGSFRhhhhl       2      0       0      71        0.0%
BITBIGSFRhhhllh      7      0       0      72        0.0%
BITBIGSFRhhhllh     9F      0       0      73        0.0%
BITBIGSFRhhhlll    175      0       0      74        0.0%
BITBIGSFRhhl         1      0       0      75        0.0%
BITBIGSFRhl          3      0       0      76        0.0%
BITBIGSFRl          AD      0       0      77        0.0%
ABS                  0      0       0      78        0.0%
BIGSFR_1             0      0       0     200        0.0%
BIGSFR               0      0       0     200        0.0%
BITSFR_6             0      0       0     200        0.0%
SFR_6                0      0       0     200        0.0%
BITSFR_5             0      0       0     200        0.0%
SFR_5                0      0       0     200        0.0%
BITSFR_4             0      0       0     200        0.0%
SFR_4                0      0       0     200        0.0%
BITSFR_3             0      0       0     200        0.0%
SFR_3                0      0       0     200        0.0%
BITSFR_2             0      0       0     200        0.0%
SFR_2                0      0       0     200        0.0%
BITSFR_1             0      0       0     200        0.0%
SFR_1                0      0       0     200        0.0%
BITSFR               0      0       0     200        0.0%
SFR                  0      0       0     200        0.0%


Microchip Technology PIC18 Macro Assembler V2.41 build 20230208172133 
Symbol Table                                                                                   Mon May 29 00:21:44 2023

                       l40 2640                         l44 2664                         l29 26F6  
                       u50 2692                         u51 268E                         u60 2650  
                       u61 264C                         u70 2664                         u71 2660  
                       u87 26BA                        l732 269E                        l744 26CE  
                      l770 2676                        l772 2692                        l780 261E  
                      l766 2666                        l782 2626                        l790 26A4  
                      l768 2672                        l784 2650                        l776 260E  
                      l792 26B0                        l786 2652                        l778 260E  
                      l788 26A0                        wreg 04E8                       STR_1 2601  
                     _main 26A0                       start FFFC               ___param_bank 0000  
                    ?_main 0501                      _U3TXB 02C9                      _OSCEN 00B3  
                    tablat 04F5                      status 04D8            __initialization 26F8  
             __end_of_main 26CE                     ??_main 050B              __activetblptr 0001  
                   _U3CON0 02D1                     _U3CON1 02D2                     _U3CON2 02D3  
                   _U3BRGH 02D5                     _U3BRGL 02D4                     _RF0PPS 0229  
                   _OSCFRQ 00B1    UART3_String_Send@cadena 0505                     isa$std 0001  
                   _strlen 2666               __mediumconst 0000                     tblptrh 04F7  
                   tblptrl 04F6                     tblptru 04F8                 __accesstop 0560  
  __end_of__initialization 26F8              ___rparam_used 0001             __pcstackCOMRAM 0501  
                  ?_strlen 0501                    _OSCCON1 00AD                    __Hparam 0000  
                  __Lparam 0000          __end_of_configuro 26F8               __psmallconst 2600  
                  __pcinit 26F8                    __ramtop 2600                    __ptext0 26A0  
                  __ptext1 26CE                    __ptext2 260E                    __ptext3 2666  
       UART3_String_Send@i 050A       end_of_initialization 26F8                    strlen@a 0503  
                  strlen@s 0501             __end_of_strlen 26A0        start_initialization 26F8  
                 ??_strlen 0503                  _configuro 26CE                __smallconst 2600  
        _UART3_String_Send 260E         ?_UART3_String_Send 0505        ??_UART3_String_Send 0507  
              _U3ERRIRbits 02D8                 ?_configuro 0501  __end_of_UART3_String_Send 2666  
     UART3_String_Send@tam 0509                   __Hrparam 0000                   __Lrparam 0000  
             __Lsmallconst 2600                   isa$xinst 0000                ??_configuro 0501  
