

Microchip MPLAB XC8 Assembler V2.41 build 20230208172133 
                                                                                               Mon Apr 10 11:59:40 2023

Microchip MPLAB XC8 C Compiler v2.41 (Free license) build 20230208172133 Og1 
     1                           	processor	18F57Q43
     2                           	fnconf	rparam,??,?,0
     3                           	pagewidth 120
     4                           	opt	flic
     5                           	psect	idataCOMRAM,global,class=CODE,delta=1,noexec
     6                           	psect	cinit,global,reloc=2,class=CODE,delta=1
     7                           	psect	bssCOMRAM,global,class=COMRAM,space=1,delta=1,lowdata,noexec
     8                           	psect	dataCOMRAM,global,class=COMRAM,space=1,delta=1,lowdata,noexec
     9                           	psect	cstackCOMRAM,global,class=COMRAM,space=1,delta=1,lowdata,noexec
    10                           	psect	text0,global,reloc=2,class=CODE,delta=1
    11                           	psect	text1,global,reloc=2,class=CODE,delta=1
    12                           	psect	intsave_regs,global,class=BIGRAM,space=1,delta=1,noexec
    13                           	psect	rparam,global,class=COMRAM,space=1,delta=1,noexec
    14                           	psect	idloc,global,abs,ovrld,class=IDLOC,space=5,delta=1,noexec
    15                           	psect	config,global,abs,ovrld,class=CONFIG,space=4,delta=1,noexec
    16   000000                     
    17                           ; Generated 17/06/2022 GMT
    18                           ; 
    19                           ; Copyright © 2022, Microchip Technology Inc. and its subsidiaries ("Microchip")
    20                           ; All rights reserved.
    21                           ; 
    22                           ; This software is developed by Microchip Technology Inc. and its subsidiaries ("Microch
      +                          ip").
    23                           ; 
    24                           ; Redistribution and use in source and binary forms, with or without modification, are
    25                           ; permitted provided that the following conditions are met:
    26                           ; 
    27                           ;     1. Redistributions of source code must retain the above copyright notice, this lis
      +                          t of
    28                           ;        conditions and the following disclaimer.
    29                           ; 
    30                           ;     2. Redistributions in binary form must reproduce the above copyright notice, this 
      +                          list
    31                           ;        of conditions and the following disclaimer in the documentation and/or other
    32                           ;        materials provided with the distribution. Publication is not required when
    33                           ;        this file is used in an embedded application.
    34                           ; 
    35                           ;     3. Microchip's name may not be used to endorse or promote products derived from th
      +                          is
    36                           ;        software without specific prior written permission.
    37                           ; 
    38                           ; THIS SOFTWARE IS PROVIDED BY MICROCHIP "AS IS" AND ANY EXPRESS OR IMPLIED WARRANTIES,
    39                           ; INCLUDING, BUT NOT LIMITED TO, THE IMPLIED WARRANTIES OF MERCHANTABILITY AND FITNESS F
      +                          OR
    40                           ; PURPOSE ARE DISCLAIMED.  IN NO EVENT SHALL MICROCHIP BE LIABLE FOR ANY DIRECT, INDIREC
      +                          T,
    41                           ; INCIDENTAL, SPECIAL, EXEMPLARY, OR CONSEQUENTIAL DAMAGES (INCLUDING BUT NOT LIMITED TO
    42                           ; PROCUREMENT OF SUBSTITUTE GOODS OR SERVICES; LOSS OF USE, DATA OR PROFITS; OR BUSINESS
    43                           ; INTERRUPTION) HOWSOEVER CAUSED AND ON ANY THEORY OF LIABILITY, WHETHER IN CONTRACT, ST
      +                          RICT
    44                           ; LIABILITY, OR TORT (INCLUDING NEGLIGENCE OR OTHERWISE) ARISING IN ANY WAY OUT OF THE U
      +                          SE OF
    45                           ; THIS SOFTWARE, EVEN IF ADVISED OF THE POSSIBILITY OF SUCH DAMAGE.
    46                           ; 
    47                           ; 
    48                           ; Code-generator required, PIC18F57Q43 Definitions
    49                           ; 
    50                           ; SFR Addresses
    51   000000                     
    52                           	psect	idataCOMRAM
    53   01FF4A                     __pidataCOMRAM:
    54                           	callstack 0
    55                           
    56                           ;initializer for _tabla
    57   01FF4A  3F                 	db	63
    58   01FF4B  06                 	db	6
    59   01FF4C  5B                 	db	91
    60   01FF4D  4F                 	db	79
    61   01FF4E  66                 	db	102
    62   01FF4F  6D                 	db	109
    63   01FF50  7C                 	db	124
    64   01FF51  07                 	db	7
    65   01FF52  7F                 	db	127
    66   01FF53  67                 	db	103
    67   000000                     _OSCCON1	set	173
    68   000000                     _OSCFRQ	set	177
    69   000000                     _OSCEN	set	179
    70   000000                     _ANSELBbits	set	1032
    71   000000                     _TRISBbits	set	1223
    72   000000                     _TRISD	set	1225
    73   000000                     _ANSELD	set	1048
    74   000000                     _WPUBbits	set	1033
    75   000000                     _PORTBbits	set	1231
    76   000000                     _LATD	set	1217
    77                           
    78                           ; #config settings
    79                           
    80                           	psect	cinit
    81   01FF74                     __pcinit:
    82                           	callstack 0
    83   01FF74                     start_initialization:
    84                           	callstack 0
    85   01FF74                     __initialization:
    86                           	callstack 0
    87                           
    88                           ; Initialize objects allocated to COMRAM (10 bytes)
    89                           ; load TBLPTR registers with __pidataCOMRAM
    90   01FF74  0E4A               	movlw	low __pidataCOMRAM
    91   01FF76  6EF6               	movwf	tblptrl,c
    92   01FF78  0EFF               	movlw	high __pidataCOMRAM
    93   01FF7A  6EF7               	movwf	tblptrh,c
    94   01FF7C  0E01               	movlw	low (__pidataCOMRAM shr (0+16))
    95   01FF7E  6EF8               	movwf	tblptru,c
    96   01FF80  EE01  F101         	lfsr	0,__pdataCOMRAM
    97   01FF84  EE10 F00A          	lfsr	1,10
    98   01FF88                     copy_data0:
    99   01FF88  0009               	tblrd		*+
   100   01FF8A  C4F5 F4EE          	movff	tablat,postinc0
   101   01FF8E  50E5               	movf	postdec1,w,c
   102   01FF90  50E1               	movf	fsr1l,w,c
   103   01FF92  E1FA               	bnz	copy_data0
   104                           
   105                           ; Clear objects allocated to COMRAM (1 bytes)
   106   01FF94  6A0D               	clrf	__pbssCOMRAM& (0+255),c
   107   01FF96                     end_of_initialization:
   108                           	callstack 0
   109   01FF96                     __end_of__initialization:
   110                           	callstack 0
   111   01FF96  0100               	movlb	0
   112   01FF98  EFCE  F0FF         	goto	_main	;jump to C main() function
   113                           
   114                           	psect	bssCOMRAM
   115   00050D                     __pbssCOMRAM:
   116                           	callstack 0
   117   00050D                     _cuenta:
   118                           	callstack 0
   119   00050D                     	ds	1
   120                           
   121                           	psect	dataCOMRAM
   122   000501                     __pdataCOMRAM:
   123                           	callstack 0
   124   000501                     _tabla:
   125                           	callstack 0
   126   000501                     	ds	10
   127                           
   128                           	psect	cstackCOMRAM
   129   00050B                     __pcstackCOMRAM:
   130                           	callstack 0
   131   00050B                     ??_main:
   132                           
   133                           ; 1 bytes @ 0x0
   134   00050B                     	ds	2
   135                           
   136 ;;
   137 ;;Main: autosize = 0, tempsize = 2, incstack = 0, save=0
   138 ;;
   139 ;; *************** function _main *****************
   140 ;; Defined at:
   141 ;;		line 19 in file "maincode2.c"
   142 ;; Parameters:    Size  Location     Type
   143 ;;		None
   144 ;; Auto vars:     Size  Location     Type
   145 ;;		None
   146 ;; Return value:  Size  Location     Type
   147 ;;                  1    wreg      void 
   148 ;; Registers used:
   149 ;;		wreg, fsr2l, fsr2h, status,2, status,0, cstack
   150 ;; Tracked objects:
   151 ;;		On entry : 0/0
   152 ;;		On exit  : 0/0
   153 ;;		Unchanged: 0/0
   154 ;; Data sizes:     COMRAM   BANK5   BANK6   BANK7   BANK8   BANK9  BANK10  BANK11  BANK12  BANK13  BANK14  BANK15  BANK1
      +6  BANK17  BANK18  BANK19  BANK20  BANK21  BANK22  BANK23  BANK24  BANK25  BANK26  BANK27  BANK28  BANK29  BANK30  BANK3
      +1  BANK32  BANK33  BANK34  BANK35  BANK36
   155 ;;      Params:         0       0       0       0       0       0       0       0       0       0       0       0       
      +0       0       0       0       0       0       0       0       0       0       0       0       0       0       0       
      +0       0       0       0       0       0
   156 ;;      Locals:         0       0       0       0       0       0       0       0       0       0       0       0       
      +0       0       0       0       0       0       0       0       0       0       0       0       0       0       0       
      +0       0       0       0       0       0
   157 ;;      Temps:          2       0       0       0       0       0       0       0       0       0       0       0       
      +0       0       0       0       0       0       0       0       0       0       0       0       0       0       0       
      +0       0       0       0       0       0
   158 ;;      Totals:         2       0       0       0       0       0       0       0       0       0       0       0       
      +0       0       0       0       0       0       0       0       0       0       0       0       0       0       0       
      +0       0       0       0       0       0
   159 ;;Total ram usage:        2 bytes
   160 ;; Hardware stack levels required when called: 1
   161 ;; This function calls:
   162 ;;		_configuro
   163 ;; This function is called by:
   164 ;;		Startup code after reset
   165 ;; This function uses a non-reentrant model
   166 ;;
   167                           
   168                           	psect	text0
   169   01FF9C                     __ptext0:
   170                           	callstack 0
   171   01FF9C                     _main:
   172                           	callstack 126
   173   01FF9C                     
   174                           ;maincode2.c: 20:     configuro();
   175   01FF9C  ECAA  F0FF         	call	_configuro	;wreg free
   176   01FFA0                     l727:
   177                           
   178                           ;maincode2.c: 22:         LATD = tabla[cuenta];
   179   01FFA0  0E01               	movlw	low _tabla
   180   01FFA2  240D               	addwf	_cuenta^(0+1280),w,c
   181   01FFA4  6ED9               	movwf	fsr2l,c
   182   01FFA6  6ADA               	clrf	fsr2h,c
   183   01FFA8  0E05               	movlw	high _tabla
   184   01FFAA  22DA               	addwfc	fsr2h,f,c
   185   01FFAC  50DF               	movf	indf2,w,c
   186   01FFAE  6EC1               	movwf	193,c	;volatile
   187   01FFB0                     
   188                           ;maincode2.c: 23:         _delay((unsigned long)((500)*(4000000UL/4000.0)));
   189   01FFB0  0E03               	movlw	3
   190   01FFB2  6E0C               	movwf	(??_main+1)^(0+1280),c
   191   01FFB4  0E8A               	movlw	138
   192   01FFB6  6E0B               	movwf	??_main^(0+1280),c
   193   01FFB8  0E56               	movlw	86
   194   01FFBA                     u37:
   195   01FFBA  2EE8               	decfsz	wreg,f,c
   196   01FFBC  D7FE               	bra	u37
   197   01FFBE  2E0B               	decfsz	??_main^(0+1280),f,c
   198   01FFC0  D7FC               	bra	u37
   199   01FFC2  2E0C               	decfsz	(??_main+1)^(0+1280),f,c
   200   01FFC4  D7FA               	bra	u37
   201   01FFC6                     
   202                           ;maincode2.c: 24:         if(PORTBbits.RB4 == 0){
   203   01FFC6  B8CF               	btfsc	207,4,c	;volatile
   204   01FFC8  EFE8  F0FF         	goto	u11
   205   01FFCC  EFEA  F0FF         	goto	u10
   206   01FFD0                     u11:
   207   01FFD0  EFEE  F0FF         	goto	l735
   208   01FFD4                     u10:
   209   01FFD4                     l733:
   210                           
   211                           ;maincode2.c: 25:             cuenta = 0;
   212   01FFD4  0E00               	movlw	0
   213   01FFD6  6E0D               	movwf	_cuenta^(0+1280),c
   214                           
   215                           ;maincode2.c: 26:         }
   216   01FFD8  EFD0  F0FF         	goto	l727
   217   01FFDC                     l735:
   218                           
   219                           ;maincode2.c: 28:             if(cuenta == 9){
   220   01FFDC  0E09               	movlw	9
   221   01FFDE  180D               	xorwf	_cuenta^(0+1280),w,c
   222   01FFE0  A4D8               	btfss	status,2,c
   223   01FFE2  EFF5  F0FF         	goto	u21
   224   01FFE6  EFF7  F0FF         	goto	u20
   225   01FFEA                     u21:
   226   01FFEA  EFF9  F0FF         	goto	l739
   227   01FFEE                     u20:
   228   01FFEE  EFEA  F0FF         	goto	l733
   229   01FFF2                     l739:
   230                           
   231                           ;maincode2.c: 32:                 cuenta++;
   232   01FFF2  2A0D               	incf	_cuenta^(0+1280),f,c
   233   01FFF4  EFD0  F0FF         	goto	l727
   234   01FFF8  EFFE  F0FF         	goto	start
   235   01FFFC                     __end_of_main:
   236                           	callstack 0
   237                           
   238 ;; *************** function _configuro *****************
   239 ;; Defined at:
   240 ;;		line 8 in file "maincode2.c"
   241 ;; Parameters:    Size  Location     Type
   242 ;;		None
   243 ;; Auto vars:     Size  Location     Type
   244 ;;		None
   245 ;; Return value:  Size  Location     Type
   246 ;;                  1    wreg      void 
   247 ;; Registers used:
   248 ;;		wreg, status,2
   249 ;; Tracked objects:
   250 ;;		On entry : 0/0
   251 ;;		On exit  : 0/0
   252 ;;		Unchanged: 0/0
   253 ;; Data sizes:     COMRAM   BANK5   BANK6   BANK7   BANK8   BANK9  BANK10  BANK11  BANK12  BANK13  BANK14  BANK15  BANK1
      +6  BANK17  BANK18  BANK19  BANK20  BANK21  BANK22  BANK23  BANK24  BANK25  BANK26  BANK27  BANK28  BANK29  BANK30  BANK3
      +1  BANK32  BANK33  BANK34  BANK35  BANK36
   254 ;;      Params:         0       0       0       0       0       0       0       0       0       0       0       0       
      +0       0       0       0       0       0       0       0       0       0       0       0       0       0       0       
      +0       0       0       0       0       0
   255 ;;      Locals:         0       0       0       0       0       0       0       0       0       0       0       0       
      +0       0       0       0       0       0       0       0       0       0       0       0       0       0       0       
      +0       0       0       0       0       0
   256 ;;      Temps:          0       0       0       0       0       0       0       0       0       0       0       0       
      +0       0       0       0       0       0       0       0       0       0       0       0       0       0       0       
      +0       0       0       0       0       0
   257 ;;      Totals:         0       0       0       0       0       0       0       0       0       0       0       0       
      +0       0       0       0       0       0       0       0       0       0       0       0       0       0       0       
      +0       0       0       0       0       0
   258 ;;Total ram usage:        0 bytes
   259 ;; Hardware stack levels used: 1
   260 ;; This function calls:
   261 ;;		Nothing
   262 ;; This function is called by:
   263 ;;		_main
   264 ;; This function uses a non-reentrant model
   265 ;;
   266                           
   267                           	psect	text1
   268   01FF54                     __ptext1:
   269                           	callstack 0
   270   01FF54                     _configuro:
   271                           	callstack 126
   272   01FF54                     
   273                           ;maincode2.c: 9:     OSCCON1 = 0x60;
   274   01FF54  0E60               	movlw	96
   275   01FF56  0100               	movlb	0	; () banked
   276   01FF58  6FAD               	movwf	173,b	;volatile
   277                           
   278                           ;maincode2.c: 10:     OSCFRQ = 0x02;
   279   01FF5A  0E02               	movlw	2
   280   01FF5C  6FB1               	movwf	177,b	;volatile
   281                           
   282                           ;maincode2.c: 11:     OSCEN = 0x40;
   283   01FF5E  0E40               	movlw	64
   284   01FF60  6FB3               	movwf	179,b	;volatile
   285   01FF62                     
   286                           ; BSR set to: 0
   287                           ;maincode2.c: 12:     TRISBbits.TRISB4 = 1;
   288   01FF62  88C7               	bsf	199,4,c	;volatile
   289   01FF64                     
   290                           ; BSR set to: 0
   291                           ;maincode2.c: 13:     ANSELBbits.ANSELB4 = 0;
   292   01FF64  0104               	movlb	4	; () banked
   293   01FF66  9908               	bcf	8,4,b	;volatile
   294   01FF68                     
   295                           ; BSR set to: 4
   296                           ;maincode2.c: 14:     WPUBbits.WPUB4 = 1;
   297   01FF68  8909               	bsf	9,4,b	;volatile
   298                           
   299                           ;maincode2.c: 15:     TRISD = 0x80;
   300   01FF6A  0E80               	movlw	128
   301   01FF6C  6EC9               	movwf	201,c	;volatile
   302                           
   303                           ;maincode2.c: 16:     ANSELD = 0x80;
   304   01FF6E  0E80               	movlw	128
   305   01FF70  6F18               	movwf	24,b	;volatile
   306   01FF72                     
   307                           ; BSR set to: 4
   308   01FF72  0012               	return		;funcret
   309   01FF74                     __end_of_configuro:
   310                           	callstack 0
   311   000000                     
   312                           	psect	rparam
   313   000000                     
   314                           	psect	idloc
   315                           
   316                           ;Config register IDLOC0 @ 0x200000
   317                           ;	unspecified, using default values
   318   200000                     	org	2097152
   319   200000  0FFF               	dw	4095
   320                           
   321                           ;Config register IDLOC1 @ 0x200002
   322                           ;	unspecified, using default values
   323   200002                     	org	2097154
   324   200002  0FFF               	dw	4095
   325                           
   326                           ;Config register IDLOC2 @ 0x200004
   327                           ;	unspecified, using default values
   328   200004                     	org	2097156
   329   200004  0FFF               	dw	4095
   330                           
   331                           ;Config register IDLOC3 @ 0x200006
   332                           ;	unspecified, using default values
   333   200006                     	org	2097158
   334   200006  0FFF               	dw	4095
   335                           
   336                           ;Config register IDLOC4 @ 0x200008
   337                           ;	unspecified, using default values
   338   200008                     	org	2097160
   339   200008  0FFF               	dw	4095
   340                           
   341                           ;Config register IDLOC5 @ 0x20000A
   342                           ;	unspecified, using default values
   343   20000A                     	org	2097162
   344   20000A  0FFF               	dw	4095
   345                           
   346                           ;Config register IDLOC6 @ 0x20000C
   347                           ;	unspecified, using default values
   348   20000C                     	org	2097164
   349   20000C  0FFF               	dw	4095
   350                           
   351                           ;Config register IDLOC7 @ 0x20000E
   352                           ;	unspecified, using default values
   353   20000E                     	org	2097166
   354   20000E  0FFF               	dw	4095
   355                           
   356                           ;Config register IDLOC8 @ 0x200010
   357                           ;	unspecified, using default values
   358   200010                     	org	2097168
   359   200010  0FFF               	dw	4095
   360                           
   361                           ;Config register IDLOC9 @ 0x200012
   362                           ;	unspecified, using default values
   363   200012                     	org	2097170
   364   200012  0FFF               	dw	4095
   365                           
   366                           ;Config register IDLOC10 @ 0x200014
   367                           ;	unspecified, using default values
   368   200014                     	org	2097172
   369   200014  0FFF               	dw	4095
   370                           
   371                           ;Config register IDLOC11 @ 0x200016
   372                           ;	unspecified, using default values
   373   200016                     	org	2097174
   374   200016  0FFF               	dw	4095
   375                           
   376                           ;Config register IDLOC12 @ 0x200018
   377                           ;	unspecified, using default values
   378   200018                     	org	2097176
   379   200018  0FFF               	dw	4095
   380                           
   381                           ;Config register IDLOC13 @ 0x20001A
   382                           ;	unspecified, using default values
   383   20001A                     	org	2097178
   384   20001A  0FFF               	dw	4095
   385                           
   386                           ;Config register IDLOC14 @ 0x20001C
   387                           ;	unspecified, using default values
   388   20001C                     	org	2097180
   389   20001C  0FFF               	dw	4095
   390                           
   391                           ;Config register IDLOC15 @ 0x20001E
   392                           ;	unspecified, using default values
   393   20001E                     	org	2097182
   394   20001E  0FFF               	dw	4095
   395                           
   396                           ;Config register IDLOC16 @ 0x200020
   397                           ;	unspecified, using default values
   398   200020                     	org	2097184
   399   200020  0FFF               	dw	4095
   400                           
   401                           ;Config register IDLOC17 @ 0x200022
   402                           ;	unspecified, using default values
   403   200022                     	org	2097186
   404   200022  0FFF               	dw	4095
   405                           
   406                           ;Config register IDLOC18 @ 0x200024
   407                           ;	unspecified, using default values
   408   200024                     	org	2097188
   409   200024  0FFF               	dw	4095
   410                           
   411                           ;Config register IDLOC19 @ 0x200026
   412                           ;	unspecified, using default values
   413   200026                     	org	2097190
   414   200026  0FFF               	dw	4095
   415                           
   416                           ;Config register IDLOC20 @ 0x200028
   417                           ;	unspecified, using default values
   418   200028                     	org	2097192
   419   200028  0FFF               	dw	4095
   420                           
   421                           ;Config register IDLOC21 @ 0x20002A
   422                           ;	unspecified, using default values
   423   20002A                     	org	2097194
   424   20002A  0FFF               	dw	4095
   425                           
   426                           ;Config register IDLOC22 @ 0x20002C
   427                           ;	unspecified, using default values
   428   20002C                     	org	2097196
   429   20002C  0FFF               	dw	4095
   430                           
   431                           ;Config register IDLOC23 @ 0x20002E
   432                           ;	unspecified, using default values
   433   20002E                     	org	2097198
   434   20002E  0FFF               	dw	4095
   435                           
   436                           ;Config register IDLOC24 @ 0x200030
   437                           ;	unspecified, using default values
   438   200030                     	org	2097200
   439   200030  0FFF               	dw	4095
   440                           
   441                           ;Config register IDLOC25 @ 0x200032
   442                           ;	unspecified, using default values
   443   200032                     	org	2097202
   444   200032  0FFF               	dw	4095
   445                           
   446                           ;Config register IDLOC26 @ 0x200034
   447                           ;	unspecified, using default values
   448   200034                     	org	2097204
   449   200034  0FFF               	dw	4095
   450                           
   451                           ;Config register IDLOC27 @ 0x200036
   452                           ;	unspecified, using default values
   453   200036                     	org	2097206
   454   200036  0FFF               	dw	4095
   455                           
   456                           ;Config register IDLOC28 @ 0x200038
   457                           ;	unspecified, using default values
   458   200038                     	org	2097208
   459   200038  0FFF               	dw	4095
   460                           
   461                           ;Config register IDLOC29 @ 0x20003A
   462                           ;	unspecified, using default values
   463   20003A                     	org	2097210
   464   20003A  0FFF               	dw	4095
   465                           
   466                           ;Config register IDLOC30 @ 0x20003C
   467                           ;	unspecified, using default values
   468   20003C                     	org	2097212
   469   20003C  0FFF               	dw	4095
   470                           
   471                           ;Config register IDLOC31 @ 0x20003E
   472                           ;	unspecified, using default values
   473   20003E                     	org	2097214
   474   20003E  0FFF               	dw	4095
   475                           
   476                           	psect	config
   477                           
   478                           ;Config register CONFIG1 @ 0x300000
   479                           ;	External Oscillator Selection
   480                           ;	FEXTOSC = ECH, EC (external clock) above 8 MHz
   481                           ;	Reset Oscillator Selection
   482                           ;	RSTOSC = EXTOSC, EXTOSC operating per FEXTOSC bits (device manufacturing default)
   483   300000                     	org	3145728
   484   300000  FF                 	db	255
   485                           
   486                           ;Config register CONFIG2 @ 0x300001
   487                           ;	Clock out Enable bit
   488                           ;	CLKOUTEN = OFF, CLKOUT function is disabled
   489                           ;	PRLOCKED One-Way Set Enable bit
   490                           ;	PR1WAY = ON, PRLOCKED bit can be cleared and set only once
   491                           ;	Clock Switch Enable bit
   492                           ;	CSWEN = ON, Writing to NOSC and NDIV is allowed
   493                           ;	Fail-Safe Clock Monitor Enable bit
   494                           ;	FCMEN = ON, Fail-Safe Clock Monitor enabled
   495   300001                     	org	3145729
   496   300001  FF                 	db	255
   497                           
   498                           ;Config register CONFIG3 @ 0x300002
   499                           ;	MCLR Enable bit
   500                           ;	MCLRE = EXTMCLR, If LVP = 0, MCLR pin is MCLR; If LVP = 1, RE3 pin function is MCLR
   501                           ;	Power-up timer selection bits
   502                           ;	PWRTS = PWRT_16, PWRT set at 16ms
   503                           ;	Multi-vector enable bit
   504                           ;	MVECEN = ON, Multi-vector enabled, Vector table used for interrupts
   505                           ;	IVTLOCK bit One-way set enable bit
   506                           ;	IVT1WAY = ON, IVTLOCKED bit can be cleared and set only once
   507                           ;	Low Power BOR Enable bit
   508                           ;	LPBOREN = OFF, Low-Power BOR disabled
   509                           ;	Brown-out Reset Enable bits
   510                           ;	BOREN = OFF, Brown-out Reset disabled
   511   300002                     	org	3145730
   512   300002  3B                 	db	59
   513                           
   514                           ;Config register CONFIG4 @ 0x300003
   515                           ;	Brown-out Reset Voltage Selection bits
   516                           ;	BORV = VBOR_1P9, Brown-out Reset Voltage (VBOR) set to 1.9V
   517                           ;	ZCD Disable bit
   518                           ;	ZCD = OFF, ZCD module is disabled. ZCD can be enabled by setting the ZCDSEN bit of ZCD
      +                          CON
   519                           ;	PPSLOCK bit One-Way Set Enable bit
   520                           ;	PPS1WAY = ON, PPSLOCKED bit can be cleared and set only once; PPS registers remain loc
      +                          ked after one clear/set cycle
   521                           ;	Stack Full/Underflow Reset Enable bit
   522                           ;	STVREN = ON, Stack full/underflow will cause Reset
   523                           ;	Low Voltage Programming Enable bit
   524                           ;	LVP = OFF, HV on MCLR/VPP must be used for programming
   525                           ;	Extended Instruction Set Enable bit
   526                           ;	XINST = OFF, Extended Instruction Set and Indexed Addressing Mode disabled
   527   300003                     	org	3145731
   528   300003  DF                 	db	223
   529                           
   530                           ;Config register CONFIG5 @ 0x300004
   531                           ;	WDT Period selection bits
   532                           ;	WDTCPS = WDTCPS_31, Divider ratio 1:65536; software control of WDTPS
   533                           ;	WDT operating mode
   534                           ;	WDTE = OFF, WDT Disabled; SWDTEN is ignored
   535   300004                     	org	3145732
   536   300004  9F                 	db	159
   537                           
   538                           ;Config register CONFIG6 @ 0x300005
   539                           ;	WDT Window Select bits
   540                           ;	WDTCWS = WDTCWS_7, window always open (100%); software control; keyed access not requi
      +                          red
   541                           ;	WDT input clock selector
   542                           ;	WDTCCS = SC, Software Control
   543   300005                     	org	3145733
   544   300005  FF                 	db	255
   545                           
   546                           ;Config register CONFIG7 @ 0x300006
   547                           ;	Boot Block Size selection bits
   548                           ;	BBSIZE = BBSIZE_512, Boot Block size is 512 words
   549                           ;	Boot Block enable bit
   550                           ;	BBEN = OFF, Boot block disabled
   551                           ;	Storage Area Flash enable bit
   552                           ;	SAFEN = OFF, SAF disabled
   553                           ;	Background Debugger
   554                           ;	DEBUG = OFF, Background Debugger disabled
   555   300006                     	org	3145734
   556   300006  FF                 	db	255
   557                           
   558                           ;Config register CONFIG8 @ 0x300007
   559                           ;	Boot Block Write Protection bit
   560                           ;	WRTB = OFF, Boot Block not Write protected
   561                           ;	Configuration Register Write Protection bit
   562                           ;	WRTC = OFF, Configuration registers not Write protected
   563                           ;	Data EEPROM Write Protection bit
   564                           ;	WRTD = OFF, Data EEPROM not Write protected
   565                           ;	SAF Write protection bit
   566                           ;	WRTSAF = OFF, SAF not Write Protected
   567                           ;	Application Block write protection bit
   568                           ;	WRTAPP = OFF, Application Block not write protected
   569   300007                     	org	3145735
   570   300007  FF                 	db	255
   571                           
   572                           ; Padding undefined space
   573   300008                     	org	3145736
   574   300008  FF                 	db	255
   575                           
   576                           ;Config register CONFIG10 @ 0x300009
   577                           ;	PFM and Data EEPROM Code Protection bit
   578                           ;	CP = OFF, PFM and Data EEPROM code protection disabled
   579   300009                     	org	3145737
   580   300009  FF                 	db	255
   581                           tosu	equ	0x4FF
   582                           tosh	equ	0x4FE
   583                           tosl	equ	0x4FD
   584                           stkptr	equ	0x4FC
   585                           pclatu	equ	0x4FB
   586                           pclath	equ	0x4FA
   587                           pcl	equ	0x4F9
   588                           tblptru	equ	0x4F8
   589                           tblptrh	equ	0x4F7
   590                           tblptrl	equ	0x4F6
   591                           tablat	equ	0x4F5
   592                           prodh	equ	0x4F4
   593                           prodl	equ	0x4F3
   594                           indf0	equ	0x4EF
   595                           postinc0	equ	0x4EE
   596                           postdec0	equ	0x4ED
   597                           preinc0	equ	0x4EC
   598                           plusw0	equ	0x4EB
   599                           fsr0h	equ	0x4EA
   600                           fsr0l	equ	0x4E9
   601                           wreg	equ	0x4E8
   602                           indf1	equ	0x4E7
   603                           postinc1	equ	0x4E6
   604                           postdec1	equ	0x4E5
   605                           preinc1	equ	0x4E4
   606                           plusw1	equ	0x4E3
   607                           fsr1h	equ	0x4E2
   608                           fsr1l	equ	0x4E1
   609                           bsr	equ	0x4E0
   610                           indf2	equ	0x4DF
   611                           postinc2	equ	0x4DE
   612                           postdec2	equ	0x4DD
   613                           preinc2	equ	0x4DC
   614                           plusw2	equ	0x4DB
   615                           fsr2h	equ	0x4DA
   616                           fsr2l	equ	0x4D9
   617                           status	equ	0x4D8

Data Sizes:
    Strings     0
    Constant    0
    Data        10
    BSS         1
    Persistent  0
    Stack       0

Auto Spaces:
    Space          Size  Autos    Used
    COMRAM           95      2      13
    BANK5           160      0       0
    BANK6           256      0       0
    BANK7           256      0       0
    BANK8           256      0       0
    BANK9           256      0       0
    BANK10          256      0       0
    BANK11          256      0       0
    BANK12          256      0       0
    BANK13          256      0       0
    BANK14          256      0       0
    BANK15          256      0       0
    BANK16          256      0       0
    BANK17          256      0       0
    BANK18          256      0       0
    BANK19          256      0       0
    BANK20          256      0       0
    BANK21          256      0       0
    BANK22          256      0       0
    BANK23          256      0       0
    BANK24          256      0       0
    BANK25          256      0       0
    BANK26          256      0       0
    BANK27          256      0       0
    BANK28          256      0       0
    BANK29          256      0       0
    BANK30          256      0       0
    BANK31          256      0       0
    BANK32          256      0       0
    BANK33          256      0       0
    BANK34          256      0       0
    BANK35          256      0       0
    BANK36          256      0       0

Pointer List with Targets:

    None.

Critical Paths under _main in COMRAM

    None.

Critical Paths under _main in BANK5

    None.

Critical Paths under _main in BANK6

    None.

Critical Paths under _main in BANK7

    None.

Critical Paths under _main in BANK8

    None.

Critical Paths under _main in BANK9

    None.

Critical Paths under _main in BANK10

    None.

Critical Paths under _main in BANK11

    None.

Critical Paths under _main in BANK12

    None.

Critical Paths under _main in BANK13

    None.

Critical Paths under _main in BANK14

    None.

Critical Paths under _main in BANK15

    None.

Critical Paths under _main in BANK16

    None.

Critical Paths under _main in BANK17

    None.

Critical Paths under _main in BANK18

    None.

Critical Paths under _main in BANK19

    None.

Critical Paths under _main in BANK20

    None.

Critical Paths under _main in BANK21

    None.

Critical Paths under _main in BANK22

    None.

Critical Paths under _main in BANK23

    None.

Critical Paths under _main in BANK24

    None.

Critical Paths under _main in BANK25

    None.

Critical Paths under _main in BANK26

    None.

Critical Paths under _main in BANK27

    None.

Critical Paths under _main in BANK28

    None.

Critical Paths under _main in BANK29

    None.

Critical Paths under _main in BANK30

    None.

Critical Paths under _main in BANK31

    None.

Critical Paths under _main in BANK32

    None.

Critical Paths under _main in BANK33

    None.

Critical Paths under _main in BANK34

    None.

Critical Paths under _main in BANK35

    None.

Critical Paths under _main in BANK36

    None.

Call Graph Tables:

 ---------------------------------------------------------------------------------
 (Depth) Function   	        Calls       Base Space   Used Autos Params    Refs
 ---------------------------------------------------------------------------------
 (0) _main                                                 2     2      0       0
                                              0 COMRAM     2     2      0
                          _configuro
 ---------------------------------------------------------------------------------
 (1) _configuro                                            0     0      0       0
 ---------------------------------------------------------------------------------
 Estimated maximum stack depth 1
 ---------------------------------------------------------------------------------

 Call Graph Graphs:

 _main (ROOT)
   _configuro

 Address spaces:
Name               Size   Autos  Total    Cost      Usage
BIGRAM            1FFF      0       0      69        0.0%
EEDATA             400      0       0       0        0.0%
BITBIGSFRhhhll     354      0       0      76        0.0%
BITBIGSFR_1        100      0       0      68        0.0%
BITBANK36          100      0       0      66        0.0%
BANK36             100      0       0      67        0.0%
BITBANK35          100      0       0      64        0.0%
BANK35             100      0       0      65        0.0%
BITBANK34          100      0       0      62        0.0%
BANK34             100      0       0      63        0.0%
BITBANK33          100      0       0      60        0.0%
BANK33             100      0       0      61        0.0%
BITBANK32          100      0       0      58        0.0%
BANK32             100      0       0      59        0.0%
BITBANK31          100      0       0      56        0.0%
BANK31             100      0       0      57        0.0%
BITBANK30          100      0       0      54        0.0%
BANK30             100      0       0      55        0.0%
BITBANK29          100      0       0      52        0.0%
BANK29             100      0       0      53        0.0%
BITBANK28          100      0       0      50        0.0%
BANK28             100      0       0      51        0.0%
BITBANK27          100      0       0      48        0.0%
BANK27             100      0       0      49        0.0%
BITBANK26          100      0       0      46        0.0%
BANK26             100      0       0      47        0.0%
BITBANK25          100      0       0      44        0.0%
BANK25             100      0       0      45        0.0%
BITBANK24          100      0       0      42        0.0%
BANK24             100      0       0      43        0.0%
BITBANK23          100      0       0      40        0.0%
BANK23             100      0       0      41        0.0%
BITBANK22          100      0       0      38        0.0%
BANK22             100      0       0      39        0.0%
BITBANK21          100      0       0      36        0.0%
BANK21             100      0       0      37        0.0%
BITBANK20          100      0       0      34        0.0%
BANK20             100      0       0      35        0.0%
BITBANK19          100      0       0      32        0.0%
BANK19             100      0       0      33        0.0%
BITBANK18          100      0       0      30        0.0%
BANK18             100      0       0      31        0.0%
BITBANK17          100      0       0      28        0.0%
BANK17             100      0       0      29        0.0%
BITBANK16          100      0       0      26        0.0%
BANK16             100      0       0      27        0.0%
BITBANK15          100      0       0      24        0.0%
BANK15             100      0       0      25        0.0%
BITBANK14          100      0       0      22        0.0%
BANK14             100      0       0      23        0.0%
BITBANK13          100      0       0      20        0.0%
BANK13             100      0       0      21        0.0%
BITBANK12          100      0       0      18        0.0%
BANK12             100      0       0      19        0.0%
BITBANK11          100      0       0      16        0.0%
BANK11             100      0       0      17        0.0%
BITBANK10          100      0       0      14        0.0%
BANK10             100      0       0      15        0.0%
BITBANK9           100      0       0      12        0.0%
BANK9              100      0       0      13        0.0%
BITBANK8           100      0       0      10        0.0%
BANK8              100      0       0      11        0.0%
BITBANK7           100      0       0       8        0.0%
BANK7              100      0       0       9        0.0%
BITBANK6           100      0       0       6        0.0%
BANK6              100      0       0       7        0.0%
BITBIGSFRl          AD      0       0      79        0.0%
BITBIGSFRhhhlhh     A8      0       0      74        0.0%
BITBANK5            A0      0       0       4        0.0%
BANK5               A0      0       0       5        0.0%
BITCOMRAM           5F      0       0       0        0.0%
COMRAM              5F      2       D       1       13.7%
BITBIGSFRhhhhhh     30      0       0      70        0.0%
BITBIGSFRhhhlhl      E      0       0      75        0.0%
BITBIGSFRhhhlhh      5      0       0      73        0.0%
BITBIGSFRhhhhhl      5      0       0      71        0.0%
BITBIGSFRhl          3      0       0      78        0.0%
BITBIGSFRhhhhl       1      0       0      72        0.0%
BITBIGSFRhhl         1      0       0      77        0.0%
BIGSFR_1             0      0       0     200        0.0%
BIGSFR               0      0       0     200        0.0%
BITSFR_6             0      0       0     200        0.0%
SFR_6                0      0       0     200        0.0%
BITSFR_5             0      0       0     200        0.0%
SFR_5                0      0       0     200        0.0%
BITSFR_4             0      0       0     200        0.0%
SFR_4                0      0       0     200        0.0%
BITSFR_3             0      0       0     200        0.0%
SFR_3                0      0       0     200        0.0%
BITSFR_2             0      0       0     200        0.0%
SFR_2                0      0       0     200        0.0%
BITSFR_1             0      0       0     200        0.0%
SFR_1                0      0       0     200        0.0%
BITSFR               0      0       0     200        0.0%
SFR                  0      0       0     200        0.0%
STACK                0      0       0       2        0.0%
NULL                 0      0       0       0        0.0%
ABS                  0      0       D      80        0.0%
DATA                 0      0       D       3        0.0%
CODE                 0      0       0       0        0.0%


Microchip Technology PIC18 Macro Assembler V2.41 build 20230208172133 
Symbol Table                                                                                   Mon Apr 10 11:59:40 2023

                     l29 FF72                       u10 FFD4                       u11 FFD0  
                     u20 FFEE                       u21 FFEA                       u37 FFBA  
                    l721 FF64                      l723 FF68                      l731 FFC6  
                    l717 FF54                      l733 FFD4                      l725 FF9C  
                    l719 FF62                      l735 FFDC                      l727 FFA0  
                    l729 FFB0                      l739 FFF2                      wreg 04E8  
                   _LATD 04C1                     _main FF9C                     indf2 04DF  
                   fsr1l 04E1                     fsr2l 04D9                     start FFFC  
           ___param_bank 0000                    ?_main 050B                    _OSCEN 00B3  
                  _TRISD 04C9                    _tabla 0501                    tablat 04F5  
                  status 04D8          __initialization FF74             __end_of_main FFFC  
                 ??_main 050B            __activetblptr 0000                   _ANSELD 0418  
                 _OSCFRQ 00B1                   _cuenta 050D                   isa$std 0001  
           __pdataCOMRAM 0501                   tblptrh 04F7                   tblptrl 04F6  
                 tblptru 04F8               __accesstop 0560  __end_of__initialization FF96  
          ___rparam_used 0001           __pcstackCOMRAM 050B                  _OSCCON1 00AD  
                __Hparam 0000                  __Lparam 0000        __end_of_configuro FF74  
                __pcinit FF74                  __ramtop 2600                  __ptext0 FF9C  
                __ptext1 FF54     end_of_initialization FF96                  postdec1 04E5  
                postinc0 04EE                _PORTBbits 04CF                _TRISBbits 04C7  
          __pidataCOMRAM FF4A      start_initialization FF74              __pbssCOMRAM 050D  
              _configuro FF54               ?_configuro 050B                 _WPUBbits 0409  
              copy_data0 FF88                 __Hrparam 0000                 __Lrparam 0000  
             _ANSELBbits 0408                 isa$xinst 0000              ??_configuro 050B  
